<?xml version="1.0" encoding="UTF-8"?>
<coverage generated="1781817469797" clover="3.2.0">
  <project timestamp="1781817469797" name="All files">
    <metrics statements="1909" coveredstatements="742" conditionals="1328" coveredconditionals="590" methods="305" coveredmethods="126" elements="3542" coveredelements="1458" complexity="0" loc="1909" ncloc="1909" packages="2" files="27" classes="27"/>
    <package name="calculators">
      <metrics statements="1599" coveredstatements="614" conditionals="1083" coveredconditionals="475" methods="210" coveredmethods="97"/>
      <file name="advanced-calculators.js" path="/opt/git/hugo-chemie-lernen-org/myhugoapp/static/js/calculators/advanced-calculators.js">
        <metrics statements="163" coveredstatements="151" conditionals="124" coveredconditionals="113" methods="16" coveredmethods="15"/>
        <line num="17" count="7" type="stmt"/>
        <line num="20" count="7" type="cond" truecount="2" falsecount="0"/>
        <line num="21" count="1" type="stmt"/>
        <line num="23" count="6" type="cond" truecount="1" falsecount="1"/>
        <line num="24" count="0" type="stmt"/>
        <line num="26" count="6" type="cond" truecount="2" falsecount="0"/>
        <line num="27" count="1" type="stmt"/>
        <line num="29" count="5" type="cond" truecount="2" falsecount="0"/>
        <line num="30" count="1" type="stmt"/>
        <line num="32" count="4" type="cond" truecount="2" falsecount="0"/>
        <line num="33" count="1" type="stmt"/>
        <line num="36" count="3" type="stmt"/>
        <line num="37" count="3" type="stmt"/>
        <line num="40" count="3" type="stmt"/>
        <line num="43" count="3" type="stmt"/>
        <line num="45" count="3" type="stmt"/>
        <line num="46" count="6" type="stmt"/>
        <line num="47" count="6" type="stmt"/>
        <line num="49" count="6" type="stmt"/>
        <line num="58" count="6" type="stmt"/>
        <line num="61" count="3" type="stmt"/>
        <line num="80" count="6" type="cond" truecount="5" falsecount="0"/>
        <line num="81" count="3" type="stmt"/>
        <line num="83" count="3" type="cond" truecount="2" falsecount="0"/>
        <line num="84" count="1" type="stmt"/>
        <line num="88" count="2" type="stmt"/>
        <line num="89" count="2" type="stmt"/>
        <line num="90" count="2" type="stmt"/>
        <line num="92" count="2" type="stmt"/>
        <line num="114" count="10" type="stmt"/>
        <line num="117" count="10" type="cond" truecount="2" falsecount="0"/>
        <line num="118" count="1" type="stmt"/>
        <line num="120" count="9" type="cond" truecount="2" falsecount="0"/>
        <line num="121" count="1" type="stmt"/>
        <line num="123" count="8" type="cond" truecount="2" falsecount="0"/>
        <line num="124" count="1" type="stmt"/>
        <line num="126" count="7" type="cond" truecount="2" falsecount="0"/>
        <line num="127" count="1" type="stmt"/>
        <line num="131" count="6" type="stmt"/>
        <line num="134" count="6" type="stmt"/>
        <line num="137" count="6" type="stmt"/>
        <line num="140" count="6" type="stmt"/>
        <line num="143" count="6" type="stmt"/>
        <line num="145" count="6" type="stmt"/>
        <line num="170" count="6" type="stmt"/>
        <line num="172" count="6" type="stmt"/>
        <line num="175" count="6" type="stmt"/>
        <line num="176" count="6" type="stmt"/>
        <line num="177" count="6" type="stmt"/>
        <line num="180" count="6" type="stmt"/>
        <line num="181" count="60" type="stmt"/>
        <line num="182" count="60" type="stmt"/>
        <line num="183" count="60" type="stmt"/>
        <line num="187" count="6" type="stmt"/>
        <line num="188" count="66" type="stmt"/>
        <line num="189" count="66" type="stmt"/>
        <line num="190" count="66" type="stmt"/>
        <line num="194" count="6" type="stmt"/>
        <line num="195" count="60" type="stmt"/>
        <line num="196" count="60" type="stmt"/>
        <line num="197" count="60" type="stmt"/>
        <line num="200" count="6" type="stmt"/>
        <line num="208" count="60" type="cond" truecount="4" falsecount="0"/>
        <line num="210" count="40" type="stmt"/>
        <line num="211" count="40" type="stmt"/>
        <line num="212" count="20" type="cond" truecount="4" falsecount="0"/>
        <line num="214" count="10" type="stmt"/>
        <line num="216" count="10" type="stmt"/>
        <line num="223" count="66" type="cond" truecount="4" falsecount="0"/>
        <line num="224" count="44" type="stmt"/>
        <line num="225" count="22" type="cond" truecount="4" falsecount="0"/>
        <line num="226" count="11" type="stmt"/>
        <line num="227" count="11" type="cond" truecount="3" falsecount="1"/>
        <line num="228" count="11" type="stmt"/>
        <line num="230" count="0" type="stmt"/>
        <line num="237" count="60" type="stmt"/>
        <line num="238" count="60" type="cond" truecount="4" falsecount="0"/>
        <line num="239" count="40" type="stmt"/>
        <line num="240" count="20" type="cond" truecount="4" falsecount="0"/>
        <line num="241" count="10" type="stmt"/>
        <line num="243" count="10" type="stmt"/>
        <line num="250" count="1" type="stmt"/>
        <line num="262" count="14" type="stmt"/>
        <line num="264" count="14" type="cond" truecount="8" falsecount="0"/>
        <line num="266" count="7" type="stmt"/>
        <line num="267" count="7" type="stmt"/>
        <line num="269" count="1" type="stmt"/>
        <line num="270" count="1" type="stmt"/>
        <line num="272" count="1" type="stmt"/>
        <line num="273" count="1" type="stmt"/>
        <line num="275" count="1" type="stmt"/>
        <line num="276" count="1" type="stmt"/>
        <line num="279" count="1" type="stmt"/>
        <line num="280" count="1" type="stmt"/>
        <line num="283" count="1" type="stmt"/>
        <line num="284" count="1" type="stmt"/>
        <line num="287" count="1" type="stmt"/>
        <line num="288" count="1" type="stmt"/>
        <line num="290" count="1" type="stmt"/>
        <line num="294" count="13" type="cond" truecount="8" falsecount="0"/>
        <line num="296" count="5" type="stmt"/>
        <line num="298" count="1" type="stmt"/>
        <line num="300" count="1" type="stmt"/>
        <line num="302" count="2" type="stmt"/>
        <line num="304" count="1" type="stmt"/>
        <line num="306" count="1" type="stmt"/>
        <line num="308" count="1" type="stmt"/>
        <line num="310" count="1" type="stmt"/>
        <line num="319" count="7" type="cond" truecount="2" falsecount="0"/>
        <line num="320" count="2" type="stmt"/>
        <line num="322" count="5" type="stmt"/>
        <line num="326" count="5" type="cond" truecount="4" falsecount="0"/>
        <line num="327" count="2" type="stmt"/>
        <line num="329" count="3" type="stmt"/>
        <line num="333" count="3" type="stmt"/>
        <line num="338" count="5" type="stmt"/>
        <line num="339" count="5" type="stmt"/>
        <line num="342" count="5" type="stmt"/>
        <line num="344" count="5" type="stmt"/>
        <line num="359" count="5" type="stmt"/>
        <line num="361" count="5" type="cond" truecount="4" falsecount="0"/>
        <line num="362" count="1" type="stmt"/>
        <line num="365" count="4" type="stmt"/>
        <line num="368" count="4" type="cond" truecount="2" falsecount="0"/>
        <line num="369" count="3" type="cond" truecount="2" falsecount="0"/>
        <line num="370" count="2" type="stmt"/>
        <line num="371" count="1" type="cond" truecount="3" falsecount="1"/>
        <line num="372" count="1" type="stmt"/>
        <line num="375" count="1" type="stmt"/>
        <line num="379" count="4" type="cond" truecount="2" falsecount="0"/>
        <line num="380" count="2" type="stmt"/>
        <line num="382" count="2" type="stmt"/>
        <line num="386" count="4" type="cond" truecount="2" falsecount="0"/>
        <line num="387" count="2" type="cond" truecount="1" falsecount="1"/>
        <line num="388" count="2" type="stmt"/>
        <line num="391" count="2" type="stmt"/>
        <line num="395" count="4" type="cond" truecount="2" falsecount="0"/>
        <line num="396" count="1" type="cond" truecount="1" falsecount="1"/>
        <line num="397" count="1" type="stmt"/>
        <line num="400" count="3" type="stmt"/>
        <line num="403" count="4" type="stmt"/>
        <line num="411" count="6" type="cond" truecount="2" falsecount="0"/>
        <line num="412" count="1" type="stmt"/>
        <line num="414" count="5" type="cond" truecount="2" falsecount="0"/>
        <line num="415" count="2" type="stmt"/>
        <line num="418" count="3" type="stmt"/>
        <line num="422" count="5" type="cond" truecount="2" falsecount="0"/>
        <line num="423" count="1" type="stmt"/>
        <line num="425" count="4" type="cond" truecount="2" falsecount="0"/>
        <line num="426" count="1" type="stmt"/>
        <line num="429" count="3" type="stmt"/>
        <line num="438" count="0" type="stmt"/>
        <line num="440" count="0" type="stmt"/>
        <line num="441" count="0" type="stmt"/>
        <line num="443" count="0" type="cond" truecount="0" falsecount="4"/>
        <line num="444" count="0" type="stmt"/>
        <line num="447" count="0" type="stmt"/>
        <line num="448" count="0" type="stmt"/>
        <line num="449" count="0" type="stmt"/>
        <line num="451" count="0" type="stmt"/>
        <line num="460" count="0" type="stmt"/>
        <line num="464" count="1" type="cond" truecount="3" falsecount="1"/>
        <line num="465" count="1" type="stmt"/>
      </file>
      <file name="calc-element-lookup.js" path="/opt/git/hugo-chemie-lernen-org/myhugoapp/static/js/calculators/calc-element-lookup.js">
        <metrics statements="36" coveredstatements="3" conditionals="18" coveredconditionals="3" methods="4" coveredmethods="0"/>
        <line num="1" count="1" type="stmt"/>
        <line num="34" count="0" type="stmt"/>
        <line num="35" count="0" type="stmt"/>
        <line num="37" count="0" type="cond" truecount="0" falsecount="2"/>
        <line num="38" count="0" type="stmt"/>
        <line num="39" count="0" type="stmt"/>
        <line num="42" count="0" type="stmt"/>
        <line num="43" count="0" type="stmt"/>
        <line num="44" count="0" type="stmt"/>
        <line num="45" count="0" type="stmt"/>
        <line num="47" count="0" type="cond" truecount="0" falsecount="2"/>
        <line num="48" count="0" type="stmt"/>
        <line num="49" count="0" type="stmt"/>
        <line num="52" count="0" type="stmt"/>
        <line num="54" count="0" type="stmt"/>
        <line num="56" count="0" type="stmt"/>
        <line num="57" count="0" type="stmt"/>
        <line num="58" count="0" type="stmt"/>
        <line num="63" count="0" type="stmt"/>
        <line num="64" count="0" type="stmt"/>
        <line num="66" count="0" type="stmt"/>
        <line num="73" count="0" type="stmt"/>
        <line num="77" count="0" type="stmt"/>
        <line num="78" count="0" type="stmt"/>
        <line num="80" count="0" type="cond" truecount="0" falsecount="4"/>
        <line num="81" count="0" type="stmt"/>
        <line num="82" count="0" type="stmt"/>
        <line num="83" count="0" type="cond" truecount="0" falsecount="4"/>
        <line num="84" count="0" type="stmt"/>
        <line num="85" count="0" type="stmt"/>
        <line num="87" count="0" type="stmt"/>
        <line num="96" count="0" type="cond" truecount="0" falsecount="2"/>
        <line num="97" count="0" type="stmt"/>
        <line num="99" count="0" type="stmt"/>
        <line num="104" count="1" type="cond" truecount="3" falsecount="1"/>
        <line num="105" count="1" type="stmt"/>
      </file>
      <file name="calc-equation-parser.js" path="/opt/git/hugo-chemie-lernen-org/myhugoapp/static/js/calculators/calc-equation-parser.js">
        <metrics statements="69" coveredstatements="0" conditionals="20" coveredconditionals="0" methods="13" coveredmethods="0"/>
        <line num="6" count="0" type="stmt"/>
        <line num="8" count="0" type="cond" truecount="0" falsecount="2"/>
        <line num="9" count="0" type="stmt"/>
        <line num="10" count="0" type="stmt"/>
        <line num="13" count="0" type="stmt"/>
        <line num="14" count="0" type="stmt"/>
        <line num="15" count="0" type="stmt"/>
        <line num="17" count="0" type="stmt"/>
        <line num="18" count="0" type="stmt"/>
        <line num="24" count="0" type="stmt"/>
        <line num="25" count="0" type="cond" truecount="0" falsecount="2"/>
        <line num="26" count="0" type="stmt"/>
        <line num="29" count="0" type="stmt"/>
        <line num="30" count="0" type="stmt"/>
        <line num="31" count="0" type="stmt"/>
        <line num="33" count="0" type="stmt"/>
        <line num="42" count="0" type="cond" truecount="0" falsecount="2"/>
        <line num="43" count="0" type="stmt"/>
        <line num="46" count="0" type="stmt"/>
        <line num="48" count="0" type="cond" truecount="0" falsecount="2"/>
        <line num="49" count="0" type="stmt"/>
        <line num="52" count="0" type="stmt"/>
        <line num="56" count="0" type="stmt"/>
        <line num="58" count="0" type="cond" truecount="0" falsecount="2"/>
        <line num="59" count="0" type="stmt"/>
        <line num="66" count="0" type="cond" truecount="0" falsecount="2"/>
        <line num="67" count="0" type="stmt"/>
        <line num="69" count="0" type="stmt"/>
        <line num="77" count="0" type="stmt"/>
        <line num="78" count="0" type="stmt"/>
        <line num="79" count="0" type="stmt"/>
        <line num="81" count="0" type="stmt"/>
        <line num="83" count="0" type="stmt"/>
        <line num="84" count="0" type="stmt"/>
        <line num="85" count="0" type="stmt"/>
        <line num="86" count="0" type="stmt"/>
        <line num="87" count="0" type="stmt"/>
        <line num="93" count="0" type="stmt"/>
        <line num="95" count="0" type="stmt"/>
        <line num="96" count="0" type="stmt"/>
        <line num="97" count="0" type="stmt"/>
        <line num="98" count="0" type="stmt"/>
        <line num="99" count="0" type="stmt"/>
        <line num="105" count="0" type="stmt"/>
        <line num="107" count="0" type="stmt"/>
        <line num="108" count="0" type="stmt"/>
        <line num="110" count="0" type="stmt"/>
        <line num="111" count="0" type="stmt"/>
        <line num="113" count="0" type="cond" truecount="0" falsecount="4"/>
        <line num="114" count="0" type="stmt"/>
        <line num="115" count="0" type="stmt"/>
        <line num="116" count="0" type="stmt"/>
        <line num="121" count="0" type="cond" truecount="0" falsecount="4"/>
        <line num="122" count="0" type="stmt"/>
        <line num="123" count="0" type="stmt"/>
        <line num="124" count="0" type="stmt"/>
        <line num="129" count="0" type="stmt"/>
        <line num="130" count="0" type="stmt"/>
        <line num="132" count="0" type="stmt"/>
        <line num="137" count="0" type="stmt"/>
        <line num="138" count="0" type="stmt"/>
        <line num="140" count="0" type="stmt"/>
        <line num="142" count="0" type="stmt"/>
        <line num="144" count="0" type="stmt"/>
        <line num="149" count="0" type="stmt"/>
        <line num="150" count="0" type="stmt"/>
        <line num="152" count="0" type="stmt"/>
        <line num="154" count="0" type="stmt"/>
        <line num="156" count="0" type="stmt"/>
      </file>
      <file name="calc-gaslaw.js" path="/opt/git/hugo-chemie-lernen-org/myhugoapp/static/js/calculators/calc-gaslaw.js">
        <metrics statements="246" coveredstatements="26" conditionals="108" coveredconditionals="22" methods="14" coveredmethods="5"/>
        <line num="4" count="0" type="stmt"/>
        <line num="5" count="0" type="stmt"/>
        <line num="6" count="0" type="stmt"/>
        <line num="7" count="0" type="stmt"/>
        <line num="8" count="0" type="stmt"/>
        <line num="9" count="0" type="stmt"/>
        <line num="10" count="0" type="stmt"/>
        <line num="11" count="0" type="stmt"/>
        <line num="12" count="0" type="stmt"/>
        <line num="13" count="0" type="stmt"/>
        <line num="15" count="0" type="stmt"/>
        <line num="19" count="0" type="stmt"/>
        <line num="20" count="0" type="stmt"/>
        <line num="21" count="0" type="stmt"/>
        <line num="22" count="0" type="stmt"/>
        <line num="23" count="0" type="stmt"/>
        <line num="24" count="0" type="stmt"/>
        <line num="25" count="0" type="stmt"/>
        <line num="26" count="0" type="stmt"/>
        <line num="27" count="0" type="stmt"/>
        <line num="28" count="0" type="stmt"/>
        <line num="30" count="0" type="stmt"/>
        <line num="34" count="0" type="stmt"/>
        <line num="35" count="0" type="stmt"/>
        <line num="36" count="0" type="stmt"/>
        <line num="37" count="0" type="stmt"/>
        <line num="38" count="0" type="stmt"/>
        <line num="39" count="0" type="stmt"/>
        <line num="40" count="0" type="stmt"/>
        <line num="41" count="0" type="stmt"/>
        <line num="43" count="0" type="stmt"/>
        <line num="47" count="0" type="stmt"/>
        <line num="48" count="0" type="stmt"/>
        <line num="49" count="0" type="stmt"/>
        <line num="51" count="0" type="cond" truecount="0" falsecount="2"/>
        <line num="52" count="0" type="stmt"/>
        <line num="53" count="0" type="stmt"/>
        <line num="57" count="0" type="cond" truecount="0" falsecount="3"/>
        <line num="59" count="0" type="stmt"/>
        <line num="60" count="0" type="stmt"/>
        <line num="62" count="0" type="stmt"/>
        <line num="63" count="0" type="stmt"/>
        <line num="65" count="0" type="stmt"/>
        <line num="66" count="0" type="stmt"/>
        <line num="69" count="0" type="stmt"/>
        <line num="73" count="0" type="stmt"/>
        <line num="74" count="0" type="stmt"/>
        <line num="75" count="0" type="stmt"/>
        <line num="76" count="0" type="stmt"/>
        <line num="77" count="0" type="stmt"/>
        <line num="79" count="0" type="stmt"/>
        <line num="80" count="0" type="stmt"/>
        <line num="81" count="0" type="stmt"/>
        <line num="82" count="0" type="stmt"/>
        <line num="84" count="0" type="cond" truecount="0" falsecount="4"/>
        <line num="86" count="0" type="stmt"/>
        <line num="87" count="0" type="stmt"/>
        <line num="88" count="0" type="stmt"/>
        <line num="89" count="0" type="stmt"/>
        <line num="90" count="0" type="stmt"/>
        <line num="91" count="0" type="stmt"/>
        <line num="93" count="0" type="stmt"/>
        <line num="94" count="0" type="stmt"/>
        <line num="95" count="0" type="stmt"/>
        <line num="96" count="0" type="stmt"/>
        <line num="97" count="0" type="stmt"/>
        <line num="98" count="0" type="stmt"/>
        <line num="100" count="0" type="stmt"/>
        <line num="101" count="0" type="stmt"/>
        <line num="102" count="0" type="stmt"/>
        <line num="103" count="0" type="stmt"/>
        <line num="104" count="0" type="stmt"/>
        <line num="105" count="0" type="stmt"/>
        <line num="107" count="0" type="stmt"/>
        <line num="108" count="0" type="stmt"/>
        <line num="109" count="0" type="stmt"/>
        <line num="110" count="0" type="stmt"/>
        <line num="111" count="0" type="stmt"/>
        <line num="112" count="0" type="stmt"/>
        <line num="115" count="0" type="cond" truecount="0" falsecount="2"/>
        <line num="116" count="0" type="cond" truecount="0" falsecount="2"/>
        <line num="117" count="0" type="cond" truecount="0" falsecount="2"/>
        <line num="118" count="0" type="cond" truecount="0" falsecount="2"/>
        <line num="122" count="8" type="cond" truecount="7" falsecount="0"/>
        <line num="123" count="1" type="stmt"/>
        <line num="124" count="2" type="stmt"/>
        <line num="125" count="1" type="stmt"/>
        <line num="126" count="1" type="stmt"/>
        <line num="127" count="1" type="stmt"/>
        <line num="128" count="1" type="stmt"/>
        <line num="129" count="1" type="stmt"/>
        <line num="134" count="4" type="cond" truecount="4" falsecount="1"/>
        <line num="135" count="1" type="stmt"/>
        <line num="136" count="1" type="stmt"/>
        <line num="137" count="1" type="stmt"/>
        <line num="138" count="1" type="stmt"/>
        <line num="139" count="0" type="stmt"/>
        <line num="144" count="2" type="cond" truecount="2" falsecount="1"/>
        <line num="145" count="1" type="stmt"/>
        <line num="146" count="1" type="stmt"/>
        <line num="147" count="0" type="stmt"/>
        <line num="152" count="6" type="cond" truecount="3" falsecount="1"/>
        <line num="153" count="1" type="stmt"/>
        <line num="154" count="3" type="stmt"/>
        <line num="155" count="2" type="stmt"/>
        <line num="156" count="0" type="stmt"/>
        <line num="161" count="0" type="stmt"/>
        <line num="162" count="0" type="stmt"/>
        <line num="164" count="0" type="stmt"/>
        <line num="165" count="0" type="stmt"/>
        <line num="166" count="0" type="stmt"/>
        <line num="167" count="0" type="stmt"/>
        <line num="168" count="0" type="stmt"/>
        <line num="169" count="0" type="stmt"/>
        <line num="170" count="0" type="stmt"/>
        <line num="171" count="0" type="stmt"/>
        <line num="175" count="0" type="stmt"/>
        <line num="176" count="0" type="cond" truecount="0" falsecount="2"/>
        <line num="177" count="0" type="cond" truecount="0" falsecount="2"/>
        <line num="178" count="0" type="cond" truecount="0" falsecount="2"/>
        <line num="179" count="0" type="cond" truecount="0" falsecount="2"/>
        <line num="181" count="0" type="cond" truecount="0" falsecount="5"/>
        <line num="182" count="0" type="stmt"/>
        <line num="184" count="0" type="cond" truecount="0" falsecount="5"/>
        <line num="185" count="0" type="stmt"/>
        <line num="187" count="0" type="cond" truecount="0" falsecount="5"/>
        <line num="188" count="0" type="stmt"/>
        <line num="190" count="0" type="cond" truecount="0" falsecount="5"/>
        <line num="191" count="0" type="stmt"/>
        <line num="197" count="0" type="cond" truecount="0" falsecount="4"/>
        <line num="199" count="0" type="stmt"/>
        <line num="200" count="0" type="stmt"/>
        <line num="201" count="0" type="stmt"/>
        <line num="203" count="0" type="stmt"/>
        <line num="204" count="0" type="stmt"/>
        <line num="205" count="0" type="stmt"/>
        <line num="207" count="0" type="stmt"/>
        <line num="208" count="0" type="stmt"/>
        <line num="209" count="0" type="stmt"/>
        <line num="211" count="0" type="stmt"/>
        <line num="212" count="0" type="stmt"/>
        <line num="213" count="0" type="stmt"/>
        <line num="216" count="0" type="stmt"/>
        <line num="219" count="0" type="stmt"/>
        <line num="224" count="0" type="stmt"/>
        <line num="225" count="0" type="stmt"/>
        <line num="227" count="0" type="stmt"/>
        <line num="234" count="0" type="stmt"/>
        <line num="236" count="0" type="stmt"/>
        <line num="237" count="0" type="stmt"/>
        <line num="238" count="0" type="stmt"/>
        <line num="240" count="0" type="stmt"/>
        <line num="241" count="0" type="cond" truecount="0" falsecount="4"/>
        <line num="243" count="0" type="stmt"/>
        <line num="244" count="0" type="stmt"/>
        <line num="246" count="0" type="stmt"/>
        <line num="247" count="0" type="stmt"/>
        <line num="249" count="0" type="stmt"/>
        <line num="250" count="0" type="stmt"/>
        <line num="252" count="0" type="stmt"/>
        <line num="253" count="0" type="stmt"/>
        <line num="255" count="0" type="stmt"/>
        <line num="256" count="0" type="stmt"/>
        <line num="258" count="0" type="stmt"/>
        <line num="259" count="0" type="stmt"/>
        <line num="260" count="0" type="stmt"/>
        <line num="261" count="0" type="cond" truecount="0" falsecount="2"/>
        <line num="262" count="0" type="cond" truecount="0" falsecount="2"/>
        <line num="263" count="0" type="cond" truecount="0" falsecount="2"/>
        <line num="264" count="0" type="cond" truecount="0" falsecount="2"/>
        <line num="265" count="0" type="stmt"/>
        <line num="266" count="0" type="stmt"/>
        <line num="267" count="0" type="stmt"/>
        <line num="269" count="0" type="stmt"/>
        <line num="270" count="0" type="stmt"/>
        <line num="271" count="0" type="stmt"/>
        <line num="273" count="0" type="cond" truecount="0" falsecount="2"/>
        <line num="274" count="0" type="stmt"/>
        <line num="277" count="0" type="stmt"/>
        <line num="278" count="0" type="cond" truecount="0" falsecount="2"/>
        <line num="279" count="0" type="stmt"/>
        <line num="280" count="0" type="stmt"/>
        <line num="281" count="0" type="stmt"/>
        <line num="282" count="0" type="stmt"/>
        <line num="284" count="0" type="cond" truecount="0" falsecount="4"/>
        <line num="285" count="0" type="stmt"/>
        <line num="286" count="0" type="stmt"/>
        <line num="288" count="0" type="stmt"/>
        <line num="289" count="0" type="stmt"/>
        <line num="291" count="0" type="stmt"/>
        <line num="293" count="0" type="stmt"/>
        <line num="294" count="0" type="stmt"/>
        <line num="296" count="0" type="stmt"/>
        <line num="297" count="0" type="stmt"/>
        <line num="301" count="2" type="stmt"/>
        <line num="305" count="0" type="stmt"/>
        <line num="306" count="0" type="stmt"/>
        <line num="308" count="0" type="stmt"/>
        <line num="309" count="0" type="stmt"/>
        <line num="310" count="0" type="stmt"/>
        <line num="312" count="0" type="stmt"/>
        <line num="313" count="0" type="stmt"/>
        <line num="314" count="0" type="stmt"/>
        <line num="316" count="0" type="stmt"/>
        <line num="317" count="0" type="stmt"/>
        <line num="319" count="0" type="stmt"/>
        <line num="321" count="0" type="stmt"/>
        <line num="322" count="0" type="stmt"/>
        <line num="323" count="0" type="stmt"/>
        <line num="324" count="0" type="stmt"/>
        <line num="325" count="0" type="stmt"/>
        <line num="326" count="0" type="stmt"/>
        <line num="327" count="0" type="stmt"/>
        <line num="328" count="0" type="stmt"/>
        <line num="329" count="0" type="stmt"/>
        <line num="330" count="0" type="stmt"/>
        <line num="332" count="0" type="stmt"/>
        <line num="333" count="0" type="stmt"/>
        <line num="334" count="0" type="stmt"/>
        <line num="335" count="0" type="stmt"/>
        <line num="337" count="0" type="stmt"/>
        <line num="338" count="0" type="stmt"/>
        <line num="340" count="0" type="cond" truecount="0" falsecount="2"/>
        <line num="341" count="0" type="cond" truecount="0" falsecount="2"/>
        <line num="342" count="0" type="cond" truecount="0" falsecount="2"/>
        <line num="343" count="0" type="cond" truecount="0" falsecount="2"/>
        <line num="344" count="0" type="stmt"/>
        <line num="346" count="0" type="stmt"/>
        <line num="347" count="0" type="stmt"/>
        <line num="348" count="0" type="stmt"/>
        <line num="350" count="0" type="stmt"/>
        <line num="351" count="0" type="stmt"/>
        <line num="352" count="0" type="stmt"/>
        <line num="353" count="0" type="stmt"/>
        <line num="355" count="0" type="stmt"/>
        <line num="358" count="1" type="stmt"/>
        <line num="359" count="0" type="stmt"/>
        <line num="360" count="0" type="stmt"/>
        <line num="361" count="0" type="stmt"/>
        <line num="363" count="0" type="cond" truecount="0" falsecount="4"/>
        <line num="364" count="0" type="stmt"/>
        <line num="365" count="0" type="stmt"/>
        <line num="369" count="1" type="cond" truecount="3" falsecount="1"/>
        <line num="370" count="1" type="stmt"/>
        <line num="380" count="1" type="cond" truecount="3" falsecount="1"/>
        <line num="381" count="1" type="stmt"/>
      </file>
      <file name="calc-history.js" path="/opt/git/hugo-chemie-lernen-org/myhugoapp/static/js/calculators/calc-history.js">
        <metrics statements="70" coveredstatements="0" conditionals="34" coveredconditionals="0" methods="13" coveredmethods="0"/>
        <line num="4" count="0" type="stmt"/>
        <line num="5" count="0" type="cond" truecount="0" falsecount="2"/>
        <line num="7" count="0" type="stmt"/>
        <line num="14" count="0" type="stmt"/>
        <line num="16" count="0" type="cond" truecount="0" falsecount="2"/>
        <line num="17" count="0" type="stmt"/>
        <line num="20" count="0" type="stmt"/>
        <line num="21" count="0" type="stmt"/>
        <line num="22" count="0" type="stmt"/>
        <line num="24" count="0" type="stmt"/>
        <line num="29" count="0" type="stmt"/>
        <line num="30" count="0" type="stmt"/>
        <line num="34" count="0" type="stmt"/>
        <line num="35" count="0" type="cond" truecount="0" falsecount="2"/>
        <line num="36" count="0" type="stmt"/>
        <line num="38" count="0" type="cond" truecount="0" falsecount="2"/>
        <line num="39" count="0" type="stmt"/>
        <line num="40" count="0" type="stmt"/>
        <line num="43" count="0" type="stmt"/>
        <line num="44" count="0" type="stmt"/>
        <line num="45" count="0" type="stmt"/>
        <line num="56" count="0" type="stmt"/>
        <line num="58" count="0" type="stmt"/>
        <line num="60" count="0" type="stmt"/>
        <line num="66" count="0" type="stmt"/>
        <line num="67" count="0" type="cond" truecount="0" falsecount="2"/>
        <line num="68" count="0" type="stmt"/>
        <line num="69" count="0" type="stmt"/>
        <line num="71" count="0" type="stmt"/>
        <line num="76" count="0" type="stmt"/>
        <line num="77" count="0" type="cond" truecount="0" falsecount="2"/>
        <line num="78" count="0" type="stmt"/>
        <line num="79" count="0" type="stmt"/>
        <line num="81" count="0" type="stmt"/>
        <line num="87" count="0" type="cond" truecount="0" falsecount="2"/>
        <line num="88" count="0" type="stmt"/>
        <line num="89" count="0" type="stmt"/>
        <line num="90" count="0" type="stmt"/>
        <line num="97" count="0" type="stmt"/>
        <line num="98" count="0" type="stmt"/>
        <line num="100" count="0" type="cond" truecount="0" falsecount="2"/>
        <line num="101" count="0" type="stmt"/>
        <line num="104" count="0" type="stmt"/>
        <line num="106" count="0" type="cond" truecount="0" falsecount="6"/>
        <line num="107" count="0" type="stmt"/>
        <line num="108" count="0" type="stmt"/>
        <line num="111" count="0" type="stmt"/>
        <line num="113" count="0" type="stmt"/>
        <line num="114" count="0" type="stmt"/>
        <line num="116" count="0" type="stmt"/>
        <line num="117" count="0" type="stmt"/>
        <line num="119" count="0" type="cond" truecount="0" falsecount="4"/>
        <line num="120" count="0" type="stmt"/>
        <line num="121" count="0" type="stmt"/>
        <line num="124" count="0" type="stmt"/>
        <line num="125" count="0" type="stmt"/>
        <line num="127" count="0" type="cond" truecount="0" falsecount="4"/>
        <line num="128" count="0" type="stmt"/>
        <line num="129" count="0" type="stmt"/>
        <line num="132" count="0" type="stmt"/>
        <line num="135" count="0" type="stmt"/>
        <line num="140" count="0" type="stmt"/>
        <line num="141" count="0" type="stmt"/>
        <line num="154" count="0" type="cond" truecount="0" falsecount="2"/>
        <line num="156" count="0" type="cond" truecount="0" falsecount="2"/>
        <line num="158" count="0" type="stmt"/>
        <line num="171" count="0" type="stmt"/>
        <line num="173" count="0" type="stmt"/>
        <line num="174" count="0" type="stmt"/>
        <line num="175" count="0" type="stmt"/>
      </file>
      <file name="calc-limiting.js" path="/opt/git/hugo-chemie-lernen-org/myhugoapp/static/js/calculators/calc-limiting.js">
        <metrics statements="22" coveredstatements="8" conditionals="24" coveredconditionals="9" methods="3" coveredmethods="1"/>
        <line num="5" count="6" type="stmt"/>
        <line num="6" count="6" type="stmt"/>
        <line num="7" count="6" type="cond" truecount="2" falsecount="0"/>
        <line num="8" count="6" type="cond" truecount="2" falsecount="0"/>
        <line num="9" count="6" type="cond" truecount="2" falsecount="0"/>
        <line num="10" count="6" type="stmt"/>
        <line num="14" count="0" type="stmt"/>
        <line num="15" count="0" type="stmt"/>
        <line num="16" count="0" type="stmt"/>
        <line num="17" count="0" type="stmt"/>
        <line num="19" count="0" type="cond" truecount="0" falsecount="6"/>
        <line num="20" count="0" type="stmt"/>
        <line num="21" count="0" type="stmt"/>
        <line num="24" count="0" type="stmt"/>
        <line num="26" count="0" type="stmt"/>
        <line num="27" count="0" type="stmt"/>
        <line num="92" count="0" type="stmt"/>
        <line num="97" count="0" type="stmt"/>
        <line num="98" count="0" type="cond" truecount="0" falsecount="2"/>
        <line num="99" count="0" type="cond" truecount="0" falsecount="2"/>
        <line num="103" count="1" type="cond" truecount="3" falsecount="1"/>
        <line num="104" count="1" type="stmt"/>
      </file>
      <file name="calc-massmass.js" path="/opt/git/hugo-chemie-lernen-org/myhugoapp/static/js/calculators/calc-massmass.js">
        <metrics statements="22" coveredstatements="6" conditionals="15" coveredconditionals="3" methods="3" coveredmethods="1"/>
        <line num="5" count="6" type="stmt"/>
        <line num="6" count="6" type="stmt"/>
        <line num="7" count="6" type="stmt"/>
        <line num="8" count="6" type="stmt"/>
        <line num="12" count="0" type="stmt"/>
        <line num="13" count="0" type="stmt"/>
        <line num="14" count="0" type="stmt"/>
        <line num="15" count="0" type="stmt"/>
        <line num="16" count="0" type="stmt"/>
        <line num="18" count="0" type="cond" truecount="0" falsecount="7"/>
        <line num="19" count="0" type="stmt"/>
        <line num="20" count="0" type="stmt"/>
        <line num="23" count="0" type="stmt"/>
        <line num="25" count="0" type="stmt"/>
        <line num="29" count="0" type="stmt"/>
        <line num="30" count="0" type="stmt"/>
        <line num="113" count="0" type="stmt"/>
        <line num="118" count="0" type="stmt"/>
        <line num="119" count="0" type="cond" truecount="0" falsecount="2"/>
        <line num="120" count="0" type="cond" truecount="0" falsecount="2"/>
        <line num="124" count="1" type="cond" truecount="3" falsecount="1"/>
        <line num="125" count="1" type="stmt"/>
      </file>
      <file name="calc-molmol.js" path="/opt/git/hugo-chemie-lernen-org/myhugoapp/static/js/calculators/calc-molmol.js">
        <metrics statements="16" coveredstatements="3" conditionals="13" coveredconditionals="3" methods="3" coveredmethods="1"/>
        <line num="5" count="7" type="stmt"/>
        <line num="9" count="0" type="stmt"/>
        <line num="10" count="0" type="stmt"/>
        <line num="11" count="0" type="stmt"/>
        <line num="13" count="0" type="cond" truecount="0" falsecount="5"/>
        <line num="14" count="0" type="stmt"/>
        <line num="15" count="0" type="stmt"/>
        <line num="18" count="0" type="stmt"/>
        <line num="19" count="0" type="stmt"/>
        <line num="21" count="0" type="stmt"/>
        <line num="87" count="0" type="stmt"/>
        <line num="92" count="0" type="stmt"/>
        <line num="93" count="0" type="cond" truecount="0" falsecount="2"/>
        <line num="94" count="0" type="cond" truecount="0" falsecount="2"/>
        <line num="98" count="1" type="cond" truecount="3" falsecount="1"/>
        <line num="99" count="1" type="stmt"/>
      </file>
      <file name="calc-multistep.js" path="/opt/git/hugo-chemie-lernen-org/myhugoapp/static/js/calculators/calc-multistep.js">
        <metrics statements="219" coveredstatements="24" conditionals="100" coveredconditionals="19" methods="16" coveredmethods="2"/>
        <line num="3" count="1" type="stmt"/>
        <line num="6" count="0" type="stmt"/>
        <line num="7" count="0" type="stmt"/>
        <line num="9" count="0" type="stmt"/>
        <line num="10" count="0" type="stmt"/>
        <line num="11" count="0" type="stmt"/>
        <line num="12" count="0" type="stmt"/>
        <line num="14" count="0" type="stmt"/>
        <line num="58" count="0" type="stmt"/>
        <line num="60" count="0" type="stmt"/>
        <line num="65" count="0" type="stmt"/>
        <line num="66" count="0" type="cond" truecount="0" falsecount="2"/>
        <line num="67" count="0" type="stmt"/>
        <line num="68" count="0" type="stmt"/>
        <line num="73" count="0" type="stmt"/>
        <line num="74" count="0" type="stmt"/>
        <line num="75" count="0" type="stmt"/>
        <line num="76" count="0" type="cond" truecount="0" falsecount="2"/>
        <line num="77" count="0" type="stmt"/>
        <line num="83" count="0" type="cond" truecount="0" falsecount="2"/>
        <line num="84" count="0" type="stmt"/>
        <line num="85" count="0" type="stmt"/>
        <line num="86" count="0" type="stmt"/>
        <line num="92" count="0" type="stmt"/>
        <line num="94" count="0" type="stmt"/>
        <line num="95" count="0" type="stmt"/>
        <line num="96" count="0" type="stmt"/>
        <line num="98" count="0" type="stmt"/>
        <line num="99" count="0" type="stmt"/>
        <line num="100" count="0" type="stmt"/>
        <line num="101" count="0" type="stmt"/>
        <line num="102" count="0" type="stmt"/>
        <line num="103" count="0" type="stmt"/>
        <line num="105" count="0" type="stmt"/>
        <line num="106" count="0" type="stmt"/>
        <line num="107" count="0" type="stmt"/>
        <line num="108" count="0" type="stmt"/>
        <line num="109" count="0" type="stmt"/>
        <line num="110" count="0" type="stmt"/>
        <line num="112" count="0" type="stmt"/>
        <line num="116" count="0" type="stmt"/>
        <line num="117" count="0" type="stmt"/>
        <line num="118" count="0" type="stmt"/>
        <line num="119" count="0" type="stmt"/>
        <line num="121" count="0" type="cond" truecount="0" falsecount="5"/>
        <line num="122" count="0" type="stmt"/>
        <line num="123" count="0" type="stmt"/>
        <line num="124" count="0" type="stmt"/>
        <line num="126" count="0" type="stmt"/>
        <line num="132" count="10" type="cond" truecount="3" falsecount="1"/>
        <line num="133" count="0" type="stmt"/>
        <line num="136" count="10" type="cond" truecount="1" falsecount="1"/>
        <line num="137" count="0" type="stmt"/>
        <line num="140" count="10" type="stmt"/>
        <line num="141" count="10" type="stmt"/>
        <line num="143" count="10" type="stmt"/>
        <line num="144" count="18" type="stmt"/>
        <line num="145" count="18" type="stmt"/>
        <line num="146" count="18" type="stmt"/>
        <line num="147" count="18" type="cond" truecount="1" falsecount="1"/>
        <line num="148" count="18" type="cond" truecount="2" falsecount="0"/>
        <line num="150" count="18" type="cond" truecount="5" falsecount="1"/>
        <line num="151" count="0" type="stmt"/>
        <line num="154" count="18" type="stmt"/>
        <line num="156" count="18" type="stmt"/>
        <line num="157" count="18" type="cond" truecount="4" falsecount="0"/>
        <line num="158" count="7" type="stmt"/>
        <line num="161" count="18" type="stmt"/>
        <line num="173" count="18" type="stmt"/>
        <line num="176" count="10" type="stmt"/>
        <line num="177" count="10" type="stmt"/>
        <line num="179" count="10" type="stmt"/>
        <line num="183" count="0" type="stmt"/>
        <line num="184" count="0" type="stmt"/>
        <line num="185" count="0" type="cond" truecount="0" falsecount="2"/>
        <line num="187" count="0" type="cond" truecount="0" falsecount="4"/>
        <line num="188" count="0" type="stmt"/>
        <line num="189" count="0" type="stmt"/>
        <line num="192" count="0" type="stmt"/>
        <line num="193" count="0" type="stmt"/>
        <line num="195" count="0" type="cond" truecount="0" falsecount="2"/>
        <line num="196" count="0" type="stmt"/>
        <line num="197" count="0" type="stmt"/>
        <line num="200" count="0" type="stmt"/>
        <line num="201" count="0" type="stmt"/>
        <line num="202" count="0" type="stmt"/>
        <line num="204" count="0" type="stmt"/>
        <line num="205" count="0" type="stmt"/>
        <line num="206" count="0" type="stmt"/>
        <line num="207" count="0" type="stmt"/>
        <line num="208" count="0" type="cond" truecount="0" falsecount="2"/>
        <line num="209" count="0" type="cond" truecount="0" falsecount="2"/>
        <line num="211" count="0" type="cond" truecount="0" falsecount="6"/>
        <line num="212" count="0" type="stmt"/>
        <line num="213" count="0" type="stmt"/>
        <line num="214" count="0" type="stmt"/>
        <line num="217" count="0" type="stmt"/>
        <line num="219" count="0" type="stmt"/>
        <line num="220" count="0" type="cond" truecount="0" falsecount="4"/>
        <line num="221" count="0" type="stmt"/>
        <line num="224" count="0" type="stmt"/>
        <line num="236" count="0" type="stmt"/>
        <line num="239" count="0" type="cond" truecount="0" falsecount="2"/>
        <line num="240" count="0" type="stmt"/>
        <line num="243" count="0" type="stmt"/>
        <line num="247" count="0" type="stmt"/>
        <line num="248" count="0" type="stmt"/>
        <line num="250" count="0" type="stmt"/>
        <line num="252" count="0" type="stmt"/>
        <line num="253" count="0" type="stmt"/>
        <line num="254" count="0" type="stmt"/>
        <line num="255" count="0" type="stmt"/>
        <line num="256" count="0" type="cond" truecount="0" falsecount="4"/>
        <line num="257" count="0" type="stmt"/>
        <line num="258" count="0" type="stmt"/>
        <line num="259" count="0" type="stmt"/>
        <line num="261" count="0" type="stmt"/>
        <line num="263" count="0" type="stmt"/>
        <line num="264" count="0" type="cond" truecount="0" falsecount="2"/>
        <line num="265" count="0" type="cond" truecount="0" falsecount="2"/>
        <line num="267" count="0" type="stmt"/>
        <line num="273" count="0" type="cond" truecount="0" falsecount="2"/>
        <line num="274" count="0" type="stmt"/>
        <line num="277" count="0" type="stmt"/>
        <line num="278" count="0" type="stmt"/>
        <line num="279" count="0" type="stmt"/>
        <line num="280" count="0" type="cond" truecount="0" falsecount="2"/>
        <line num="282" count="0" type="cond" truecount="0" falsecount="2"/>
        <line num="283" count="0" type="cond" truecount="0" falsecount="2"/>
        <line num="286" count="0" type="stmt"/>
        <line num="289" count="0" type="stmt"/>
        <line num="290" count="0" type="stmt"/>
        <line num="292" count="0" type="stmt"/>
        <line num="299" count="0" type="cond" truecount="0" falsecount="5"/>
        <line num="300" count="0" type="stmt"/>
        <line num="301" count="0" type="stmt"/>
        <line num="302" count="0" type="stmt"/>
        <line num="305" count="0" type="stmt"/>
        <line num="307" count="0" type="stmt"/>
        <line num="314" count="0" type="stmt"/>
        <line num="315" count="0" type="stmt"/>
        <line num="317" count="0" type="stmt"/>
        <line num="318" count="0" type="stmt"/>
        <line num="319" count="0" type="stmt"/>
        <line num="323" count="0" type="stmt"/>
        <line num="324" count="0" type="stmt"/>
        <line num="326" count="0" type="stmt"/>
        <line num="327" count="0" type="stmt"/>
        <line num="328" count="0" type="stmt"/>
        <line num="330" count="0" type="stmt"/>
        <line num="331" count="0" type="stmt"/>
        <line num="332" count="0" type="stmt"/>
        <line num="334" count="0" type="stmt"/>
        <line num="335" count="0" type="stmt"/>
        <line num="337" count="0" type="stmt"/>
        <line num="339" count="0" type="stmt"/>
        <line num="340" count="0" type="stmt"/>
        <line num="341" count="0" type="cond" truecount="0" falsecount="2"/>
        <line num="343" count="0" type="stmt"/>
        <line num="344" count="0" type="stmt"/>
        <line num="345" count="0" type="stmt"/>
        <line num="346" count="0" type="stmt"/>
        <line num="348" count="0" type="stmt"/>
        <line num="349" count="0" type="stmt"/>
        <line num="350" count="0" type="stmt"/>
        <line num="351" count="0" type="cond" truecount="0" falsecount="2"/>
        <line num="352" count="0" type="stmt"/>
        <line num="353" count="0" type="stmt"/>
        <line num="354" count="0" type="stmt"/>
        <line num="356" count="0" type="stmt"/>
        <line num="358" count="0" type="stmt"/>
        <line num="359" count="0" type="stmt"/>
        <line num="361" count="0" type="stmt"/>
        <line num="362" count="0" type="cond" truecount="0" falsecount="2"/>
        <line num="363" count="0" type="stmt"/>
        <line num="364" count="0" type="stmt"/>
        <line num="367" count="0" type="stmt"/>
        <line num="368" count="0" type="stmt"/>
        <line num="369" count="0" type="stmt"/>
        <line num="370" count="0" type="stmt"/>
        <line num="372" count="0" type="stmt"/>
        <line num="373" count="0" type="stmt"/>
        <line num="374" count="0" type="cond" truecount="0" falsecount="2"/>
        <line num="375" count="0" type="stmt"/>
        <line num="376" count="0" type="stmt"/>
        <line num="378" count="0" type="stmt"/>
        <line num="380" count="0" type="stmt"/>
        <line num="381" count="0" type="cond" truecount="0" falsecount="2"/>
        <line num="382" count="0" type="stmt"/>
        <line num="384" count="0" type="stmt"/>
        <line num="385" count="0" type="stmt"/>
        <line num="386" count="0" type="stmt"/>
        <line num="387" count="0" type="stmt"/>
        <line num="388" count="0" type="stmt"/>
        <line num="390" count="0" type="cond" truecount="0" falsecount="2"/>
        <line num="391" count="0" type="stmt"/>
        <line num="392" count="0" type="stmt"/>
        <line num="395" count="0" type="stmt"/>
        <line num="396" count="0" type="stmt"/>
        <line num="399" count="0" type="cond" truecount="0" falsecount="2"/>
        <line num="400" count="0" type="stmt"/>
        <line num="401" count="0" type="stmt"/>
        <line num="404" count="0" type="stmt"/>
        <line num="406" count="0" type="stmt"/>
        <line num="407" count="0" type="stmt"/>
        <line num="408" count="0" type="stmt"/>
        <line num="410" count="0" type="stmt"/>
        <line num="411" count="0" type="stmt"/>
        <line num="412" count="0" type="stmt"/>
        <line num="413" count="0" type="stmt"/>
        <line num="415" count="0" type="stmt"/>
        <line num="418" count="1" type="stmt"/>
        <line num="419" count="0" type="stmt"/>
        <line num="420" count="0" type="stmt"/>
        <line num="422" count="0" type="cond" truecount="0" falsecount="4"/>
        <line num="423" count="0" type="stmt"/>
        <line num="424" count="0" type="stmt"/>
        <line num="428" count="1" type="cond" truecount="3" falsecount="1"/>
        <line num="429" count="1" type="stmt"/>
      </file>
      <file name="calc-presets.js" path="/opt/git/hugo-chemie-lernen-org/myhugoapp/static/js/calculators/calc-presets.js">
        <metrics statements="21" coveredstatements="4" conditionals="8" coveredconditionals="3" methods="2" coveredmethods="0"/>
        <line num="2" count="1" type="stmt"/>
        <line num="40" count="1" type="stmt"/>
        <line num="85" count="0" type="stmt"/>
        <line num="86" count="0" type="cond" truecount="0" falsecount="2"/>
        <line num="88" count="0" type="stmt"/>
        <line num="89" count="0" type="stmt"/>
        <line num="90" count="0" type="stmt"/>
        <line num="91" count="0" type="stmt"/>
        <line num="92" count="0" type="stmt"/>
        <line num="94" count="0" type="stmt"/>
        <line num="99" count="0" type="stmt"/>
        <line num="100" count="0" type="cond" truecount="0" falsecount="2"/>
        <line num="102" count="0" type="stmt"/>
        <line num="103" count="0" type="stmt"/>
        <line num="104" count="0" type="stmt"/>
        <line num="105" count="0" type="stmt"/>
        <line num="106" count="0" type="stmt"/>
        <line num="108" count="0" type="stmt"/>
        <line num="109" count="0" type="stmt"/>
        <line num="112" count="1" type="cond" truecount="3" falsecount="1"/>
        <line num="113" count="1" type="stmt"/>
      </file>
      <file name="calc-yield.js" path="/opt/git/hugo-chemie-lernen-org/myhugoapp/static/js/calculators/calc-yield.js">
        <metrics statements="15" coveredstatements="3" conditionals="20" coveredconditionals="3" methods="3" coveredmethods="1"/>
        <line num="5" count="7" type="stmt"/>
        <line num="9" count="0" type="stmt"/>
        <line num="10" count="0" type="stmt"/>
        <line num="12" count="0" type="cond" truecount="0" falsecount="4"/>
        <line num="13" count="0" type="stmt"/>
        <line num="14" count="0" type="stmt"/>
        <line num="17" count="0" type="stmt"/>
        <line num="19" count="0" type="stmt"/>
        <line num="20" count="0" type="stmt"/>
        <line num="100" count="0" type="stmt"/>
        <line num="105" count="0" type="stmt"/>
        <line num="106" count="0" type="cond" truecount="0" falsecount="2"/>
        <line num="107" count="0" type="cond" truecount="0" falsecount="2"/>
        <line num="111" count="1" type="cond" truecount="3" falsecount="1"/>
        <line num="112" count="1" type="stmt"/>
      </file>
      <file name="dampfdruck-rechner.js" path="/opt/git/hugo-chemie-lernen-org/myhugoapp/static/js/calculators/dampfdruck-rechner.js">
        <metrics statements="50" coveredstatements="19" conditionals="27" coveredconditionals="9" methods="5" coveredmethods="2"/>
        <line num="7" count="13" type="stmt"/>
        <line num="8" count="13" type="stmt"/>
        <line num="10" count="13" type="cond" truecount="4" falsecount="0"/>
        <line num="11" count="2" type="stmt"/>
        <line num="14" count="11" type="stmt"/>
        <line num="15" count="11" type="stmt"/>
        <line num="17" count="11" type="stmt"/>
        <line num="19" count="11" type="stmt"/>
        <line num="23" count="0" type="stmt"/>
        <line num="30" count="0" type="stmt"/>
        <line num="31" count="0" type="stmt"/>
        <line num="33" count="0" type="cond" truecount="0" falsecount="2"/>
        <line num="34" count="0" type="stmt"/>
        <line num="35" count="0" type="cond" truecount="0" falsecount="2"/>
        <line num="36" count="0" type="stmt"/>
        <line num="37" count="0" type="cond" truecount="0" falsecount="2"/>
        <line num="38" count="0" type="stmt"/>
        <line num="39" count="0" type="cond" truecount="0" falsecount="2"/>
        <line num="40" count="0" type="stmt"/>
        <line num="41" count="0" type="cond" truecount="0" falsecount="2"/>
        <line num="42" count="0" type="stmt"/>
        <line num="44" count="0" type="stmt"/>
        <line num="47" count="0" type="stmt"/>
        <line num="50" count="1" type="cond" truecount="3" falsecount="1"/>
        <line num="51" count="1" type="stmt"/>
        <line num="54" count="1" type="stmt"/>
        <line num="57" count="1" type="stmt"/>
        <line num="58" count="1" type="stmt"/>
        <line num="59" count="1" type="stmt"/>
        <line num="60" count="1" type="stmt"/>
        <line num="61" count="1" type="stmt"/>
        <line num="62" count="1" type="stmt"/>
        <line num="64" count="1" type="cond" truecount="2" falsecount="2"/>
        <line num="65" count="1" type="stmt"/>
        <line num="69" count="0" type="stmt"/>
        <line num="71" count="0" type="stmt"/>
        <line num="72" count="0" type="stmt"/>
        <line num="73" count="0" type="stmt"/>
        <line num="75" count="0" type="cond" truecount="0" falsecount="5"/>
        <line num="76" count="0" type="stmt"/>
        <line num="77" count="0" type="stmt"/>
        <line num="80" count="0" type="stmt"/>
        <line num="81" count="0" type="stmt"/>
        <line num="83" count="0" type="stmt"/>
        <line num="84" count="0" type="stmt"/>
        <line num="85" count="0" type="stmt"/>
        <line num="86" count="0" type="stmt"/>
        <line num="88" count="0" type="stmt"/>
        <line num="90" count="0" type="stmt"/>
        <line num="94" count="0" type="stmt"/>
      </file>
      <file name="export-manager.js" path="/opt/git/hugo-chemie-lernen-org/myhugoapp/static/js/calculators/export-manager.js">
        <metrics statements="288" coveredstatements="269" conditionals="123" coveredconditionals="100" methods="38" coveredmethods="38"/>
        <line num="6" count="1" type="stmt"/>
        <line num="14" count="13" type="cond" truecount="1" falsecount="1"/>
        <line num="15" count="0" type="stmt"/>
        <line num="16" count="0" type="stmt"/>
        <line num="19" count="13" type="stmt"/>
        <line num="20" count="13" type="stmt"/>
        <line num="21" count="12" type="stmt"/>
        <line num="23" count="12" type="stmt"/>
        <line num="24" count="12" type="stmt"/>
        <line num="25" count="12" type="stmt"/>
        <line num="26" count="12" type="stmt"/>
        <line num="29" count="12" type="stmt"/>
        <line num="30" count="12" type="stmt"/>
        <line num="31" count="12" type="stmt"/>
        <line num="34" count="12" type="stmt"/>
        <line num="35" count="12" type="stmt"/>
        <line num="36" count="12" type="stmt"/>
        <line num="39" count="12" type="stmt"/>
        <line num="40" count="12" type="stmt"/>
        <line num="43" count="12" type="cond" truecount="1" falsecount="1"/>
        <line num="44" count="72" type="cond" truecount="1" falsecount="1"/>
        <line num="45" count="0" type="stmt"/>
        <line num="46" count="0" type="stmt"/>
        <line num="49" count="72" type="stmt"/>
        <line num="50" count="72" type="cond" truecount="2" falsecount="0"/>
        <line num="51" count="38" type="stmt"/>
        <line num="53" count="34" type="stmt"/>
        <line num="56" count="72" type="stmt"/>
        <line num="57" count="72" type="stmt"/>
        <line num="58" count="72" type="stmt"/>
        <line num="60" count="72" type="stmt"/>
        <line num="64" count="12" type="cond" truecount="2" falsecount="0"/>
        <line num="65" count="10" type="stmt"/>
        <line num="66" count="10" type="stmt"/>
        <line num="70" count="12" type="cond" truecount="4" falsecount="0"/>
        <line num="71" count="9" type="stmt"/>
        <line num="72" count="9" type="stmt"/>
        <line num="74" count="9" type="stmt"/>
        <line num="75" count="11" type="stmt"/>
        <line num="76" count="11" type="cond" truecount="2" falsecount="0"/>
        <line num="77" count="11" type="stmt"/>
        <line num="79" count="9" type="stmt"/>
        <line num="83" count="12" type="cond" truecount="4" falsecount="0"/>
        <line num="84" count="9" type="stmt"/>
        <line num="85" count="9" type="stmt"/>
        <line num="87" count="9" type="stmt"/>
        <line num="88" count="12" type="cond" truecount="4" falsecount="0"/>
        <line num="89" count="3" type="stmt"/>
        <line num="90" count="3" type="stmt"/>
        <line num="91" count="5" type="stmt"/>
        <line num="92" count="5" type="cond" truecount="2" falsecount="0"/>
        <line num="93" count="5" type="stmt"/>
        <line num="96" count="9" type="stmt"/>
        <line num="97" count="9" type="cond" truecount="2" falsecount="0"/>
        <line num="98" count="9" type="stmt"/>
        <line num="101" count="9" type="stmt"/>
        <line num="105" count="12" type="cond" truecount="4" falsecount="0"/>
        <line num="106" count="2" type="stmt"/>
        <line num="107" count="2" type="stmt"/>
        <line num="109" count="2" type="stmt"/>
        <line num="110" count="4" type="stmt"/>
        <line num="111" count="4" type="stmt"/>
        <line num="112" count="8" type="stmt"/>
        <line num="113" count="8" type="cond" truecount="2" falsecount="0"/>
        <line num="114" count="8" type="stmt"/>
        <line num="116" count="4" type="stmt"/>
        <line num="121" count="12" type="cond" truecount="2" falsecount="0"/>
        <line num="122" count="1" type="stmt"/>
        <line num="123" count="1" type="stmt"/>
        <line num="127" count="12" type="stmt"/>
        <line num="128" count="12" type="stmt"/>
        <line num="129" count="12" type="stmt"/>
        <line num="130" count="12" type="stmt"/>
        <line num="131" count="12" type="stmt"/>
        <line num="139" count="12" type="stmt"/>
        <line num="140" count="12" type="stmt"/>
        <line num="142" count="1" type="stmt"/>
        <line num="143" count="1" type="stmt"/>
        <line num="153" count="3" type="cond" truecount="4" falsecount="0"/>
        <line num="154" count="2" type="stmt"/>
        <line num="155" count="2" type="stmt"/>
        <line num="158" count="1" type="stmt"/>
        <line num="159" count="1" type="stmt"/>
        <line num="160" count="1" type="stmt"/>
        <line num="162" count="1" type="stmt"/>
        <line num="163" count="1" type="stmt"/>
        <line num="164" count="1" type="stmt"/>
        <line num="167" count="1" type="stmt"/>
        <line num="168" count="1" type="stmt"/>
        <line num="169" count="1" type="stmt"/>
        <line num="172" count="1" type="stmt"/>
        <line num="173" count="1" type="stmt"/>
        <line num="174" count="1" type="stmt"/>
        <line num="175" count="1" type="stmt"/>
        <line num="178" count="1" type="stmt"/>
        <line num="179" count="2" type="cond" truecount="1" falsecount="1"/>
        <line num="180" count="0" type="stmt"/>
        <line num="181" count="0" type="stmt"/>
        <line num="185" count="2" type="stmt"/>
        <line num="186" count="2" type="stmt"/>
        <line num="187" count="2" type="cond" truecount="1" falsecount="1"/>
        <line num="188" count="2" type="stmt"/>
        <line num="190" count="2" type="stmt"/>
        <line num="191" count="2" type="stmt"/>
        <line num="192" count="2" type="cond" truecount="1" falsecount="1"/>
        <line num="193" count="2" type="stmt"/>
        <line num="196" count="2" type="cond" truecount="1" falsecount="1"/>
        <line num="197" count="2" type="stmt"/>
        <line num="198" count="4" type="cond" truecount="1" falsecount="1"/>
        <line num="199" count="0" type="stmt"/>
        <line num="200" count="0" type="stmt"/>
        <line num="202" count="4" type="stmt"/>
        <line num="203" count="4" type="cond" truecount="2" falsecount="0"/>
        <line num="204" count="4" type="stmt"/>
        <line num="205" count="4" type="stmt"/>
        <line num="209" count="2" type="stmt"/>
        <line num="213" count="1" type="stmt"/>
        <line num="214" count="1" type="stmt"/>
        <line num="215" count="1" type="stmt"/>
        <line num="216" count="1" type="stmt"/>
        <line num="217" count="1" type="stmt"/>
        <line num="224" count="1" type="stmt"/>
        <line num="225" count="1" type="stmt"/>
        <line num="227" count="0" type="stmt"/>
        <line num="228" count="0" type="stmt"/>
        <line num="238" count="13" type="stmt"/>
        <line num="239" count="13" type="stmt"/>
        <line num="241" count="13" type="cond" truecount="2" falsecount="0"/>
        <line num="243" count="6" type="cond" truecount="2" falsecount="0"/>
        <line num="244" count="1" type="stmt"/>
        <line num="248" count="5" type="stmt"/>
        <line num="249" count="5" type="stmt"/>
        <line num="252" count="5" type="stmt"/>
        <line num="253" count="10" type="stmt"/>
        <line num="254" count="32" type="stmt"/>
        <line num="255" count="32" type="cond" truecount="4" falsecount="0"/>
        <line num="256" count="3" type="stmt"/>
        <line num="258" count="29" type="cond" truecount="2" falsecount="0"/>
        <line num="259" count="5" type="stmt"/>
        <line num="262" count="24" type="stmt"/>
        <line num="263" count="24" type="stmt"/>
        <line num="265" count="10" type="stmt"/>
        <line num="267" count="7" type="cond" truecount="2" falsecount="0"/>
        <line num="269" count="5" type="stmt"/>
        <line num="270" count="5" type="stmt"/>
        <line num="271" count="14" type="cond" truecount="3" falsecount="1"/>
        <line num="272" count="0" type="stmt"/>
        <line num="274" count="14" type="cond" truecount="2" falsecount="0"/>
        <line num="275" count="1" type="stmt"/>
        <line num="277" count="13" type="stmt"/>
        <line num="278" count="13" type="stmt"/>
        <line num="280" count="5" type="stmt"/>
        <line num="281" count="5" type="stmt"/>
        <line num="283" count="2" type="stmt"/>
        <line num="287" count="10" type="stmt"/>
        <line num="288" count="10" type="stmt"/>
        <line num="289" count="10" type="stmt"/>
        <line num="291" count="10" type="stmt"/>
        <line num="292" count="10" type="stmt"/>
        <line num="293" count="10" type="stmt"/>
        <line num="294" count="10" type="stmt"/>
        <line num="295" count="10" type="stmt"/>
        <line num="296" count="10" type="stmt"/>
        <line num="298" count="10" type="stmt"/>
        <line num="299" count="10" type="stmt"/>
        <line num="301" count="0" type="stmt"/>
        <line num="302" count="0" type="stmt"/>
        <line num="312" count="3" type="cond" truecount="2" falsecount="0"/>
        <line num="313" count="2" type="stmt"/>
        <line num="316" count="3" type="stmt"/>
        <line num="323" count="1" type="stmt"/>
        <line num="332" count="2" type="cond" truecount="2" falsecount="0"/>
        <line num="333" count="1" type="stmt"/>
        <line num="336" count="1" type="stmt"/>
        <line num="337" count="1" type="stmt"/>
        <line num="343" count="1" type="cond" truecount="1" falsecount="1"/>
        <line num="344" count="1" type="stmt"/>
        <line num="345" count="1" type="cond" truecount="1" falsecount="1"/>
        <line num="349" count="1" type="cond" truecount="1" falsecount="1"/>
        <line num="350" count="1" type="stmt"/>
        <line num="351" count="1" type="cond" truecount="1" falsecount="1"/>
        <line num="352" count="1" type="cond" truecount="1" falsecount="1"/>
        <line num="357" count="1" type="stmt"/>
        <line num="360" count="1" type="stmt"/>
        <line num="370" count="11" type="stmt"/>
        <line num="371" count="11" type="cond" truecount="2" falsecount="0"/>
        <line num="372" count="11" type="stmt"/>
        <line num="373" count="11" type="stmt"/>
        <line num="374" count="10" type="stmt"/>
        <line num="376" count="10" type="stmt"/>
        <line num="377" count="10" type="stmt"/>
        <line num="378" count="10" type="stmt"/>
        <line num="379" count="10" type="stmt"/>
        <line num="380" count="10" type="stmt"/>
        <line num="381" count="10" type="stmt"/>
        <line num="383" count="10" type="stmt"/>
        <line num="384" count="10" type="stmt"/>
        <line num="386" count="1" type="stmt"/>
        <line num="387" count="1" type="stmt"/>
        <line num="397" count="5" type="stmt"/>
        <line num="404" count="5" type="cond" truecount="2" falsecount="0"/>
        <line num="405" count="5" type="stmt"/>
        <line num="414" count="1" type="stmt"/>
        <line num="422" count="1" type="stmt"/>
        <line num="431" count="9" type="stmt"/>
        <line num="432" count="9" type="cond" truecount="2" falsecount="0"/>
        <line num="433" count="1" type="stmt"/>
        <line num="434" count="1" type="stmt"/>
        <line num="437" count="8" type="stmt"/>
        <line num="439" count="8" type="stmt"/>
        <line num="440" count="7" type="stmt"/>
        <line num="441" count="7" type="stmt"/>
        <line num="442" count="5" type="stmt"/>
        <line num="444" count="2" type="stmt"/>
        <line num="448" count="8" type="stmt"/>
        <line num="449" count="1" type="stmt"/>
        <line num="452" count="8" type="stmt"/>
        <line num="462" count="2" type="stmt"/>
        <line num="463" count="2" type="cond" truecount="2" falsecount="0"/>
        <line num="464" count="1" type="stmt"/>
        <line num="466" count="1" type="stmt"/>
        <line num="476" count="2" type="stmt"/>
        <line num="477" count="2" type="cond" truecount="2" falsecount="0"/>
        <line num="478" count="1" type="stmt"/>
        <line num="480" count="1" type="stmt"/>
        <line num="490" count="13" type="stmt"/>
        <line num="491" count="13" type="stmt"/>
        <line num="492" count="13" type="stmt"/>
        <line num="496" count="13" type="stmt"/>
        <line num="497" count="13" type="stmt"/>
        <line num="499" count="0" type="stmt"/>
        <line num="500" count="0" type="stmt"/>
        <line num="510" count="3" type="stmt"/>
        <line num="511" count="3" type="stmt"/>
        <line num="512" count="3" type="stmt"/>
        <line num="514" count="3" type="cond" truecount="2" falsecount="0"/>
        <line num="515" count="1" type="stmt"/>
        <line num="518" count="2" type="stmt"/>
        <line num="520" count="1" type="stmt"/>
        <line num="521" count="1" type="stmt"/>
        <line num="530" count="4" type="stmt"/>
        <line num="531" count="4" type="stmt"/>
        <line num="533" count="4" type="stmt"/>
        <line num="534" count="6" type="stmt"/>
        <line num="535" count="6" type="cond" truecount="3" falsecount="1"/>
        <line num="536" count="6" type="stmt"/>
        <line num="537" count="5" type="stmt"/>
        <line num="545" count="3" type="stmt"/>
        <line num="546" count="2" type="stmt"/>
        <line num="549" count="1" type="stmt"/>
        <line num="550" count="1" type="stmt"/>
        <line num="560" count="2" type="stmt"/>
        <line num="561" count="2" type="stmt"/>
        <line num="562" count="2" type="stmt"/>
        <line num="563" count="2" type="stmt"/>
        <line num="565" count="0" type="stmt"/>
        <line num="566" count="0" type="stmt"/>
        <line num="575" count="2" type="stmt"/>
        <line num="576" count="2" type="stmt"/>
        <line num="578" count="2" type="stmt"/>
        <line num="579" count="4" type="stmt"/>
        <line num="580" count="4" type="cond" truecount="3" falsecount="1"/>
        <line num="581" count="4" type="stmt"/>
        <line num="585" count="4" type="stmt"/>
        <line num="586" count="2" type="stmt"/>
        <line num="588" count="0" type="stmt"/>
        <line num="589" count="0" type="stmt"/>
        <line num="599" count="2" type="stmt"/>
        <line num="601" count="2" type="stmt"/>
        <line num="602" count="1" type="stmt"/>
        <line num="605" count="1" type="stmt"/>
        <line num="606" count="1" type="stmt"/>
        <line num="608" count="1" type="stmt"/>
        <line num="610" count="1" type="stmt"/>
        <line num="611" count="1" type="stmt"/>
        <line num="621" count="3" type="stmt"/>
        <line num="622" count="3" type="stmt"/>
        <line num="623" count="3" type="stmt"/>
        <line num="625" count="3" type="cond" truecount="2" falsecount="0"/>
        <line num="626" count="1" type="stmt"/>
        <line num="629" count="2" type="stmt"/>
        <line num="630" count="1" type="stmt"/>
        <line num="632" count="2" type="stmt"/>
        <line num="633" count="2" type="stmt"/>
        <line num="643" count="4" type="stmt"/>
        <line num="649" count="4" type="stmt"/>
        <line num="654" count="1" type="cond" truecount="3" falsecount="1"/>
        <line num="655" count="1" type="stmt"/>
      </file>
      <file name="practice-generators.js" path="/opt/git/hugo-chemie-lernen-org/myhugoapp/static/js/calculators/practice-generators.js">
        <metrics statements="1" coveredstatements="1" conditionals="33" coveredconditionals="27" methods="10" coveredmethods="10"/>
        <line num="1" count="192" type="cond" truecount="27" falsecount="6"/>
      </file>
      <file name="practice-generators.optimized.js" path="/opt/git/hugo-chemie-lernen-org/myhugoapp/static/js/calculators/practice-generators.optimized.js">
        <metrics statements="1" coveredstatements="0" conditionals="33" coveredconditionals="0" methods="10" coveredmethods="0"/>
        <line num="1" count="0" type="cond" truecount="0" falsecount="33"/>
      </file>
      <file name="practice-quiz.js" path="/opt/git/hugo-chemie-lernen-org/myhugoapp/static/js/calculators/practice-quiz.js">
        <metrics statements="159" coveredstatements="0" conditionals="43" coveredconditionals="0" methods="13" coveredmethods="0"/>
        <line num="1" count="0" type="stmt"/>
        <line num="11" count="0" type="stmt"/>
        <line num="12" count="0" type="stmt"/>
        <line num="14" count="0" type="stmt"/>
        <line num="15" count="0" type="stmt"/>
        <line num="17" count="0" type="stmt"/>
        <line num="18" count="0" type="stmt"/>
        <line num="20" count="0" type="stmt"/>
        <line num="24" count="0" type="stmt"/>
        <line num="26" count="0" type="cond" truecount="0" falsecount="2"/>
        <line num="27" count="0" type="stmt"/>
        <line num="28" count="0" type="stmt"/>
        <line num="31" count="0" type="cond" truecount="0" falsecount="4"/>
        <line num="33" count="0" type="stmt"/>
        <line num="34" count="0" type="stmt"/>
        <line num="36" count="0" type="stmt"/>
        <line num="37" count="0" type="stmt"/>
        <line num="39" count="0" type="stmt"/>
        <line num="40" count="0" type="stmt"/>
        <line num="42" count="0" type="stmt"/>
        <line num="43" count="0" type="stmt"/>
        <line num="50" count="0" type="cond" truecount="0" falsecount="2"/>
        <line num="51" count="0" type="stmt"/>
        <line num="52" count="0" type="stmt"/>
        <line num="53" count="0" type="stmt"/>
        <line num="54" count="0" type="cond" truecount="0" falsecount="2"/>
        <line num="55" count="0" type="stmt"/>
        <line num="56" count="0" type="stmt"/>
        <line num="57" count="0" type="stmt"/>
        <line num="59" count="0" type="stmt"/>
        <line num="60" count="0" type="stmt"/>
        <line num="61" count="0" type="stmt"/>
        <line num="64" count="0" type="stmt"/>
        <line num="66" count="0" type="stmt"/>
        <line num="76" count="0" type="stmt"/>
        <line num="88" count="0" type="stmt"/>
        <line num="89" count="0" type="stmt"/>
        <line num="90" count="0" type="stmt"/>
        <line num="91" count="0" type="stmt"/>
        <line num="97" count="0" type="stmt"/>
        <line num="110" count="0" type="cond" truecount="0" falsecount="2"/>
        <line num="111" count="0" type="stmt"/>
        <line num="112" count="0" type="stmt"/>
        <line num="113" count="0" type="stmt"/>
        <line num="114" count="0" type="stmt"/>
        <line num="115" count="0" type="cond" truecount="0" falsecount="2"/>
        <line num="116" count="0" type="stmt"/>
        <line num="117" count="0" type="stmt"/>
        <line num="118" count="0" type="stmt"/>
        <line num="119" count="0" type="stmt"/>
        <line num="120" count="0" type="stmt"/>
        <line num="122" count="0" type="stmt"/>
        <line num="123" count="0" type="stmt"/>
        <line num="124" count="0" type="stmt"/>
        <line num="125" count="0" type="stmt"/>
        <line num="126" count="0" type="stmt"/>
        <line num="129" count="0" type="stmt"/>
        <line num="130" count="0" type="stmt"/>
        <line num="131" count="0" type="stmt"/>
        <line num="133" count="0" type="stmt"/>
        <line num="145" count="0" type="stmt"/>
        <line num="157" count="0" type="stmt"/>
        <line num="158" count="0" type="stmt"/>
        <line num="159" count="0" type="stmt"/>
        <line num="160" count="0" type="stmt"/>
        <line num="166" count="0" type="stmt"/>
        <line num="174" count="0" type="stmt"/>
        <line num="175" count="0" type="stmt"/>
        <line num="177" count="0" type="cond" truecount="0" falsecount="2"/>
        <line num="178" count="0" type="stmt"/>
        <line num="179" count="0" type="stmt"/>
        <line num="180" count="0" type="cond" truecount="0" falsecount="2"/>
        <line num="181" count="0" type="stmt"/>
        <line num="182" count="0" type="stmt"/>
        <line num="184" count="0" type="stmt"/>
        <line num="185" count="0" type="stmt"/>
        <line num="188" count="0" type="stmt"/>
        <line num="189" count="0" type="stmt"/>
        <line num="190" count="0" type="cond" truecount="0" falsecount="2"/>
        <line num="192" count="0" type="stmt"/>
        <line num="203" count="0" type="stmt"/>
        <line num="216" count="0" type="stmt"/>
        <line num="217" count="0" type="stmt"/>
        <line num="218" count="0" type="stmt"/>
        <line num="219" count="0" type="stmt"/>
        <line num="225" count="0" type="cond" truecount="0" falsecount="2"/>
        <line num="226" count="0" type="stmt"/>
        <line num="227" count="0" type="stmt"/>
        <line num="228" count="0" type="cond" truecount="0" falsecount="2"/>
        <line num="229" count="0" type="stmt"/>
        <line num="230" count="0" type="stmt"/>
        <line num="232" count="0" type="stmt"/>
        <line num="233" count="0" type="stmt"/>
        <line num="236" count="0" type="stmt"/>
        <line num="237" count="0" type="stmt"/>
        <line num="239" count="0" type="stmt"/>
        <line num="248" count="0" type="stmt"/>
        <line num="260" count="0" type="stmt"/>
        <line num="261" count="0" type="stmt"/>
        <line num="262" count="0" type="stmt"/>
        <line num="263" count="0" type="stmt"/>
        <line num="267" count="0" type="stmt"/>
        <line num="269" count="0" type="cond" truecount="0" falsecount="2"/>
        <line num="270" count="0" type="stmt"/>
        <line num="271" count="0" type="stmt"/>
        <line num="274" count="0" type="stmt"/>
        <line num="275" count="0" type="stmt"/>
        <line num="276" count="0" type="cond" truecount="0" falsecount="2"/>
        <line num="278" count="0" type="stmt"/>
        <line num="280" count="0" type="stmt"/>
        <line num="281" count="0" type="stmt"/>
        <line num="285" count="0" type="stmt"/>
        <line num="286" count="0" type="stmt"/>
        <line num="288" count="0" type="cond" truecount="0" falsecount="2"/>
        <line num="289" count="0" type="stmt"/>
        <line num="296" count="0" type="stmt"/>
        <line num="297" count="0" type="stmt"/>
        <line num="307" count="0" type="stmt"/>
        <line num="308" count="0" type="cond" truecount="0" falsecount="2"/>
        <line num="309" count="0" type="stmt"/>
        <line num="310" count="0" type="stmt"/>
        <line num="311" count="0" type="stmt"/>
        <line num="312" count="0" type="stmt"/>
        <line num="318" count="0" type="stmt"/>
        <line num="320" count="0" type="cond" truecount="0" falsecount="5"/>
        <line num="322" count="0" type="stmt"/>
        <line num="329" count="0" type="stmt"/>
        <line num="330" count="0" type="stmt"/>
        <line num="331" count="0" type="stmt"/>
        <line num="341" count="0" type="stmt"/>
        <line num="342" count="0" type="stmt"/>
        <line num="343" count="0" type="cond" truecount="0" falsecount="2"/>
        <line num="344" count="0" type="stmt"/>
        <line num="354" count="0" type="stmt"/>
        <line num="361" count="0" type="stmt"/>
        <line num="366" count="0" type="cond" truecount="0" falsecount="2"/>
        <line num="367" count="0" type="stmt"/>
        <line num="368" count="0" type="stmt"/>
        <line num="370" count="0" type="stmt"/>
        <line num="371" count="0" type="stmt"/>
        <line num="374" count="0" type="stmt"/>
        <line num="375" count="0" type="stmt"/>
        <line num="376" count="0" type="stmt"/>
        <line num="380" count="0" type="stmt"/>
        <line num="381" count="0" type="stmt"/>
        <line num="383" count="0" type="stmt"/>
        <line num="384" count="0" type="stmt"/>
        <line num="385" count="0" type="stmt"/>
        <line num="387" count="0" type="stmt"/>
        <line num="388" count="0" type="stmt"/>
        <line num="389" count="0" type="stmt"/>
        <line num="390" count="0" type="stmt"/>
        <line num="394" count="0" type="cond" truecount="0" falsecount="2"/>
        <line num="395" count="0" type="stmt"/>
        <line num="404" count="0" type="stmt"/>
        <line num="405" count="0" type="stmt"/>
        <line num="406" count="0" type="stmt"/>
        <line num="407" count="0" type="stmt"/>
        <line num="408" count="0" type="stmt"/>
      </file>
      <file name="security-utils.js" path="/opt/git/hugo-chemie-lernen-org/myhugoapp/static/js/calculators/security-utils.js">
        <metrics statements="85" coveredstatements="77" conditionals="80" coveredconditionals="75" methods="12" coveredmethods="12"/>
        <line num="6" count="1" type="stmt"/>
        <line num="13" count="25" type="cond" truecount="2" falsecount="0"/>
        <line num="14" count="5" type="stmt"/>
        <line num="18" count="20" type="stmt"/>
        <line num="19" count="20" type="stmt"/>
        <line num="20" count="20" type="stmt"/>
        <line num="35" count="22" type="stmt"/>
        <line num="38" count="22" type="cond" truecount="6" falsecount="0"/>
        <line num="39" count="1" type="stmt"/>
        <line num="43" count="21" type="cond" truecount="6" falsecount="0"/>
        <line num="44" count="1" type="stmt"/>
        <line num="48" count="20" type="stmt"/>
        <line num="49" count="20" type="cond" truecount="2" falsecount="0"/>
        <line num="50" count="2" type="stmt"/>
        <line num="54" count="18" type="cond" truecount="2" falsecount="0"/>
        <line num="55" count="2" type="stmt"/>
        <line num="59" count="16" type="cond" truecount="2" falsecount="0"/>
        <line num="60" count="2" type="stmt"/>
        <line num="64" count="14" type="cond" truecount="4" falsecount="0"/>
        <line num="65" count="1" type="stmt"/>
        <line num="68" count="13" type="stmt"/>
        <line num="77" count="14" type="cond" truecount="4" falsecount="0"/>
[...]
        <line num="58" count="1" type="stmt"/>
        <line num="59" count="1" type="stmt"/>
        <line num="60" count="1" type="stmt"/>
        <line num="62" count="1" type="cond" truecount="2" falsecount="2"/>
        <line num="63" count="1" type="stmt"/>
        <line num="67" count="0" type="stmt"/>
        <line num="69" count="0" type="stmt"/>
        <line num="70" count="0" type="stmt"/>
        <line num="71" count="0" type="stmt"/>
        <line num="73" count="0" type="cond" truecount="0" falsecount="6"/>
        <line num="74" count="0" type="stmt"/>
        <line num="75" count="0" type="stmt"/>
        <line num="78" count="0" type="stmt"/>
        <line num="80" count="0" type="stmt"/>
        <line num="81" count="0" type="stmt"/>
        <line num="82" count="0" type="stmt"/>
        <line num="83" count="0" type="stmt"/>
        <line num="84" count="0" type="stmt"/>
        <line num="85" count="0" type="stmt"/>
        <line num="86" count="0" type="stmt"/>
        <line num="87" count="0" type="stmt"/>
        <line num="88" count="0" type="stmt"/>
        <line num="91" count="0" type="stmt"/>
        <line num="92" count="0" type="stmt"/>
        <line num="95" count="0" type="stmt"/>
      </file>
    </package>
    <package name="utils">
      <metrics statements="310" coveredstatements="128" conditionals="245" coveredconditionals="115" methods="95" coveredmethods="29"/>
      <file name="chemistry-utils.js" path="/opt/git/hugo-chemie-lernen-org/myhugoapp/static/js/utils/chemistry-utils.js">
        <metrics statements="48" coveredstatements="48" conditionals="24" coveredconditionals="21" methods="11" coveredmethods="11"/>
        <line num="15" count="46" type="cond" truecount="1" falsecount="0"/>
        <line num="16" count="46" type="stmt"/>
        <line num="17" count="46" type="stmt"/>
        <line num="20" count="46" type="stmt"/>
        <line num="21" count="11" type="cond" truecount="1" falsecount="1"/>
        <line num="22" count="11" type="stmt"/>
        <line num="23" count="22" type="cond" truecount="2" falsecount="0"/>
        <line num="24" count="22" type="stmt"/>
        <line num="26" count="11" type="stmt"/>
        <line num="31" count="45" type="stmt"/>
        <line num="32" count="117" type="stmt"/>
        <line num="33" count="117" type="cond" truecount="2" falsecount="0"/>
        <line num="36" count="117" type="cond" truecount="4" falsecount="0"/>
        <line num="37" count="1" type="stmt"/>
        <line num="41" count="116" type="cond" truecount="2" falsecount="0"/>
        <line num="42" count="7" type="stmt"/>
        <line num="44" count="109" type="stmt"/>
        <line num="48" count="44" type="stmt"/>
        <line num="57" count="4" type="stmt"/>
        <line num="67" count="11" type="stmt"/>
        <line num="69" count="11" type="stmt"/>
        <line num="70" count="26" type="stmt"/>
        <line num="71" count="26" type="stmt"/>
        <line num="72" count="26" type="stmt"/>
        <line num="75" count="11" type="stmt"/>
        <line num="86" count="2" type="stmt"/>
        <line num="88" count="2" type="stmt"/>
        <line num="89" count="4" type="stmt"/>
        <line num="90" count="4" type="stmt"/>
        <line num="91" count="4" type="stmt"/>
        <line num="92" count="4" type="stmt"/>
        <line num="94" count="4" type="stmt"/>
        <line num="104" count="2" type="stmt"/>
        <line num="113" count="18" type="cond" truecount="4" falsecount="0"/>
        <line num="114" count="6" type="stmt"/>
        <line num="118" count="12" type="stmt"/>
        <line num="119" count="12" type="stmt"/>
        <line num="128" count="8" type="stmt"/>
        <line num="130" count="8" type="stmt"/>
        <line num="131" count="15" type="stmt"/>
        <line num="132" count="15" type="stmt"/>
        <line num="133" count="34" type="stmt"/>
        <line num="136" count="1" type="stmt"/>
        <line num="140" count="8" type="stmt"/>
        <line num="144" count="2" type="cond" truecount="3" falsecount="1"/>
        <line num="145" count="2" type="stmt"/>
        <line num="156" count="2" type="cond" truecount="1" falsecount="1"/>
        <line num="157" count="2" type="stmt"/>
      </file>
      <file name="debug-logger.js" path="/opt/git/hugo-chemie-lernen-org/myhugoapp/static/js/utils/debug-logger.js">
        <metrics statements="31" coveredstatements="22" conditionals="70" coveredconditionals="28" methods="19" coveredmethods="10"/>
        <line num="1" count="1" type="stmt"/>
        <line num="4" count="16" type="stmt"/>
        <line num="6" count="16" type="cond" truecount="3" falsecount="1"/>
        <line num="7" count="16" type="stmt"/>
        <line num="8" count="16" type="cond" truecount="2" falsecount="0"/>
        <line num="11" count="16" type="stmt"/>
        <line num="12" count="5" type="stmt"/>
        <line num="14" count="11" type="stmt"/>
        <line num="15" count="11" type="cond" truecount="1" falsecount="1"/>
        <line num="18" count="3" type="stmt"/>
        <line num="19" count="3" type="cond" truecount="1" falsecount="1"/>
        <line num="22" count="2" type="cond" truecount="2" falsecount="0"/>
        <line num="23" count="2" type="stmt"/>
        <line num="25" count="3" type="cond" truecount="4" falsecount="0"/>
        <line num="26" count="2" type="cond" truecount="4" falsecount="0"/>
        <line num="27" count="2" type="cond" truecount="4" falsecount="0"/>
        <line num="28" count="1" type="cond" truecount="3" falsecount="1"/>
        <line num="29" count="0" type="cond" truecount="0" falsecount="4"/>
        <line num="30" count="0" type="cond" truecount="0" falsecount="4"/>
        <line num="31" count="0" type="cond" truecount="0" falsecount="4"/>
        <line num="32" count="0" type="cond" truecount="0" falsecount="4"/>
        <line num="33" count="0" type="cond" truecount="0" falsecount="4"/>
        <line num="34" count="0" type="cond" truecount="0" falsecount="4"/>
        <line num="35" count="0" type="cond" truecount="0" falsecount="4"/>
        <line num="36" count="0" type="cond" truecount="0" falsecount="4"/>
        <line num="37" count="0" type="cond" truecount="0" falsecount="4"/>
        <line num="41" count="1" type="cond" truecount="3" falsecount="1"/>
        <line num="42" count="1" type="stmt"/>
        <line num="45" count="1" type="stmt"/>
        <line num="47" count="1" type="cond" truecount="1" falsecount="1"/>
        <line num="48" count="1" type="stmt"/>
      </file>
      <file name="error-handler.js" path="/opt/git/hugo-chemie-lernen-org/myhugoapp/static/js/utils/error-handler.js">
        <metrics statements="33" coveredstatements="26" conditionals="50" coveredconditionals="31" methods="8" coveredmethods="4"/>
        <line num="7" count="1" type="stmt"/>
        <line num="10" count="73" type="stmt"/>
        <line num="11" count="73" type="cond" truecount="2" falsecount="0"/>
        <line num="13" count="1" type="stmt"/>
        <line num="18" count="62" type="stmt"/>
        <line num="19" count="62" type="stmt"/>
        <line num="20" count="62" type="stmt"/>
        <line num="29" count="62" type="cond" truecount="2" falsecount="0"/>
        <line num="30" count="62" type="stmt"/>
        <line num="35" count="5" type="cond" truecount="1" falsecount="1"/>
        <line num="36" count="5" type="stmt"/>
        <line num="37" count="5" type="stmt"/>
        <line num="38" count="5" type="stmt"/>
        <line num="39" count="5" type="stmt"/>
        <line num="41" count="5" type="cond" truecount="4" falsecount="0"/>
        <line num="42" count="4" type="cond" truecount="4" falsecount="0"/>
        <line num="43" count="3" type="cond" truecount="5" falsecount="0"/>
        <line num="44" count="2" type="stmt"/>
        <line num="45" count="2" type="cond" truecount="0" falsecount="2"/>
        <line num="49" count="1" type="cond" truecount="3" falsecount="1"/>
        <line num="50" count="1" type="stmt"/>
        <line num="53" count="1" type="stmt"/>
        <line num="56" count="1" type="cond" truecount="1" falsecount="1"/>
        <line num="58" count="1" type="stmt"/>
        <line num="59" count="0" type="stmt"/>
        <line num="66" count="0" type="stmt"/>
        <line num="67" count="0" type="stmt"/>
        <line num="70" count="1" type="stmt"/>
        <line num="71" count="0" type="cond" truecount="0" falsecount="6"/>
        <line num="72" count="0" type="cond" truecount="0" falsecount="2"/>
        <line num="73" count="0" type="stmt"/>
        <line num="76" count="1" type="stmt"/>
        <line num="78" count="0" type="stmt"/>
      </file>
      <file name="progress-tracker.js" path="/opt/git/hugo-chemie-lernen-org/myhugoapp/static/js/utils/progress-tracker.js">
        <metrics statements="143" coveredstatements="0" conditionals="54" coveredconditionals="0" methods="49" coveredmethods="0"/>
        <line num="6" count="0" type="stmt"/>
        <line num="15" count="0" type="cond" truecount="0" falsecount="2"/>
        <line num="16" count="0" type="stmt"/>
        <line num="17" count="0" type="stmt"/>
        <line num="18" count="0" type="stmt"/>
        <line num="19" count="0" type="stmt"/>
        <line num="20" count="0" type="cond" truecount="0" falsecount="2"/>
        <line num="21" count="0" type="stmt"/>
        <line num="23" count="0" type="cond" truecount="0" falsecount="2"/>
        <line num="24" count="0" type="stmt"/>
        <line num="26" count="0" type="cond" truecount="0" falsecount="2"/>
        <line num="27" count="0" type="stmt"/>
        <line num="30" count="0" type="stmt"/>
        <line num="31" count="0" type="stmt"/>
        <line num="32" count="0" type="stmt"/>
        <line num="34" count="0" type="stmt"/>
        <line num="42" count="0" type="stmt"/>
        <line num="43" count="0" type="stmt"/>
        <line num="44" count="0" type="stmt"/>
        <line num="45" count="0" type="stmt"/>
        <line num="52" count="0" type="stmt"/>
        <line num="53" count="0" type="stmt"/>
        <line num="54" count="0" type="stmt"/>
        <line num="55" count="0" type="stmt"/>
        <line num="56" count="0" type="stmt"/>
        <line num="58" count="0" type="cond" truecount="0" falsecount="2"/>
        <line num="59" count="0" type="cond" truecount="0" falsecount="2"/>
        <line num="60" count="0" type="cond" truecount="0" falsecount="2"/>
        <line num="61" count="0" type="stmt"/>
        <line num="62" count="0" type="stmt"/>
        <line num="66" count="0" type="stmt"/>
        <line num="74" count="0" type="stmt"/>
        <line num="75" count="0" type="stmt"/>
        <line num="76" count="0" type="stmt"/>
        <line num="77" count="0" type="stmt"/>
        <line num="78" count="0" type="stmt"/>
        <line num="79" count="0" type="cond" truecount="0" falsecount="2"/>
        <line num="80" count="0" type="stmt"/>
        <line num="88" count="0" type="stmt"/>
        <line num="89" count="0" type="stmt"/>
        <line num="90" count="0" type="stmt"/>
        <line num="91" count="0" type="stmt"/>
        <line num="92" count="0" type="stmt"/>
        <line num="93" count="0" type="stmt"/>
        <line num="94" count="0" type="stmt"/>
        <line num="95" count="0" type="stmt"/>
        <line num="96" count="0" type="cond" truecount="0" falsecount="2"/>
        <line num="97" count="0" type="cond" truecount="0" falsecount="2"/>
        <line num="98" count="0" type="stmt"/>
        <line num="100" count="0" type="stmt"/>
        <line num="102" count="0" type="stmt"/>
        <line num="105" count="0" type="stmt"/>
        <line num="113" count="0" type="stmt"/>
        <line num="114" count="0" type="stmt"/>
        <line num="115" count="0" type="stmt"/>
        <line num="116" count="0" type="stmt"/>
        <line num="117" count="0" type="stmt"/>
        <line num="118" count="0" type="stmt"/>
        <line num="119" count="0" type="cond" truecount="0" falsecount="2"/>
        <line num="120" count="0" type="stmt"/>
        <line num="128" count="0" type="stmt"/>
        <line num="129" count="0" type="stmt"/>
        <line num="130" count="0" type="stmt"/>
        <line num="131" count="0" type="cond" truecount="0" falsecount="2"/>
        <line num="132" count="0" type="stmt"/>
        <line num="134" count="0" type="cond" truecount="0" falsecount="2"/>
        <line num="135" count="0" type="cond" truecount="0" falsecount="2"/>
        <line num="136" count="0" type="cond" truecount="0" falsecount="2"/>
        <line num="137" count="0" type="stmt"/>
        <line num="140" count="0" type="stmt"/>
        <line num="147" count="0" type="stmt"/>
        <line num="148" count="0" type="stmt"/>
        <line num="149" count="0" type="stmt"/>
        <line num="150" count="0" type="stmt"/>
        <line num="151" count="0" type="stmt"/>
        <line num="152" count="0" type="stmt"/>
        <line num="153" count="0" type="stmt"/>
        <line num="154" count="0" type="cond" truecount="0" falsecount="2"/>
        <line num="155" count="0" type="cond" truecount="0" falsecount="2"/>
        <line num="156" count="0" type="stmt"/>
        <line num="158" count="0" type="stmt"/>
        <line num="159" count="0" type="stmt"/>
        <line num="160" count="0" type="stmt"/>
        <line num="162" count="0" type="stmt"/>
        <line num="163" count="0" type="stmt"/>
        <line num="164" count="0" type="cond" truecount="0" falsecount="2"/>
        <line num="165" count="0" type="cond" truecount="0" falsecount="2"/>
        <line num="167" count="0" type="stmt"/>
        <line num="169" count="0" type="stmt"/>
        <line num="170" count="0" type="stmt"/>
        <line num="172" count="0" type="stmt"/>
        <line num="173" count="0" type="stmt"/>
        <line num="174" count="0" type="stmt"/>
        <line num="175" count="0" type="stmt"/>
        <line num="178" count="0" type="stmt"/>
        <line num="186" count="0" type="stmt"/>
        <line num="187" count="0" type="stmt"/>
        <line num="188" count="0" type="stmt"/>
        <line num="189" count="0" type="stmt"/>
        <line num="190" count="0" type="stmt"/>
        <line num="191" count="0" type="stmt"/>
        <line num="192" count="0" type="stmt"/>
        <line num="193" count="0" type="stmt"/>
        <line num="194" count="0" type="cond" truecount="0" falsecount="2"/>
        <line num="195" count="0" type="stmt"/>
        <line num="196" count="0" type="cond" truecount="0" falsecount="2"/>
        <line num="197" count="0" type="stmt"/>
        <line num="199" count="0" type="stmt"/>
        <line num="202" count="0" type="stmt"/>
        <line num="204" count="0" type="cond" truecount="0" falsecount="2"/>
        <line num="205" count="0" type="stmt"/>
        <line num="206" count="0" type="stmt"/>
        <line num="207" count="0" type="cond" truecount="0" falsecount="4"/>
        <line num="208" count="0" type="cond" truecount="0" falsecount="2"/>
        <line num="210" count="0" type="stmt"/>
        <line num="218" count="0" type="stmt"/>
        <line num="219" count="0" type="stmt"/>
        <line num="220" count="0" type="stmt"/>
        <line num="221" count="0" type="stmt"/>
        <line num="222" count="0" type="stmt"/>
        <line num="223" count="0" type="stmt"/>
        <line num="224" count="0" type="stmt"/>
        <line num="226" count="0" type="cond" truecount="0" falsecount="2"/>
        <line num="227" count="0" type="stmt"/>
        <line num="228" count="0" type="stmt"/>
        <line num="229" count="0" type="stmt"/>
        <line num="230" count="0" type="stmt"/>
        <line num="231" count="0" type="stmt"/>
        <line num="239" count="0" type="stmt"/>
        <line num="240" count="0" type="stmt"/>
        <line num="241" count="0" type="stmt"/>
        <line num="242" count="0" type="stmt"/>
        <line num="243" count="0" type="stmt"/>
        <line num="244" count="0" type="cond" truecount="0" falsecount="2"/>
        <line num="245" count="0" type="stmt"/>
        <line num="253" count="0" type="stmt"/>
        <line num="254" count="0" type="stmt"/>
        <line num="255" count="0" type="stmt"/>
        <line num="256" count="0" type="stmt"/>
        <line num="257" count="0" type="stmt"/>
        <line num="262" count="0" type="stmt"/>
        <line num="263" count="0" type="stmt"/>
        <line num="264" count="0" type="stmt"/>
      </file>
      <file name="ui-utils.js" path="/opt/git/hugo-chemie-lernen-org/myhugoapp/static/js/utils/ui-utils.js">
        <metrics statements="55" coveredstatements="32" conditionals="47" coveredconditionals="35" methods="8" coveredmethods="4"/>
        <line num="11" count="13" type="stmt"/>
        <line num="12" count="13" type="stmt"/>
        <line num="13" count="13" type="stmt"/>
        <line num="15" count="13" type="cond" truecount="2" falsecount="0"/>
        <line num="16" count="12" type="stmt"/>
        <line num="18" count="13" type="cond" truecount="2" falsecount="0"/>
        <line num="19" count="11" type="stmt"/>
        <line num="21" count="13" type="cond" truecount="2" falsecount="0"/>
        <line num="22" count="11" type="stmt"/>
        <line num="27" count="42" type="cond" truecount="5" falsecount="0"/>
        <line num="28" count="3" type="stmt"/>
        <line num="31" count="39" type="cond" truecount="2" falsecount="0"/>
        <line num="32" count="39" type="cond" truecount="2" falsecount="0"/>
        <line num="33" count="39" type="cond" truecount="2" falsecount="0"/>
        <line num="34" count="39" type="cond" truecount="2" falsecount="0"/>
        <line num="35" count="39" type="cond" truecount="2" falsecount="0"/>
        <line num="37" count="39" type="cond" truecount="6" falsecount="0"/>
        <line num="38" count="16" type="stmt"/>
        <line num="41" count="23" type="stmt"/>
        <line num="45" count="14" type="stmt"/>
        <line num="46" count="14" type="cond" truecount="4" falsecount="0"/>
        <line num="47" count="3" type="stmt"/>
        <line num="50" count="11" type="stmt"/>
        <line num="51" count="11" type="stmt"/>
        <line num="52" count="11" type="stmt"/>
        <line num="54" count="11" type="stmt"/>
        <line num="58" count="14" type="stmt"/>
        <line num="66" count="1" type="stmt"/>
        <line num="69" count="0" type="cond" truecount="0" falsecount="2"/>
        <line num="70" count="0" type="stmt"/>
        <line num="73" count="0" type="cond" truecount="0" falsecount="2"/>
        <line num="74" count="0" type="stmt"/>
        <line num="81" count="0" type="cond" truecount="0" falsecount="2"/>
        <line num="82" count="0" type="stmt"/>
        <line num="83" count="0" type="stmt"/>
        <line num="84" count="0" type="stmt"/>
        <line num="86" count="0" type="stmt"/>
        <line num="89" count="0" type="cond" truecount="0" falsecount="2"/>
        <line num="90" count="0" type="stmt"/>
        <line num="91" count="0" type="stmt"/>
        <line num="99" count="0" type="stmt"/>
        <line num="100" count="0" type="stmt"/>
        <line num="102" count="0" type="stmt"/>
        <line num="103" count="0" type="stmt"/>
        <line num="104" count="0" type="stmt"/>
        <line num="107" count="0" type="stmt"/>
        <line num="108" count="0" type="stmt"/>
        <line num="109" count="0" type="stmt"/>
        <line num="110" count="0" type="stmt"/>
        <line num="111" count="0" type="cond" truecount="0" falsecount="2"/>
        <line num="112" count="0" type="stmt"/>
        <line num="118" count="1" type="cond" truecount="3" falsecount="1"/>
        <line num="119" count="1" type="stmt"/>
        <line num="128" count="1" type="cond" truecount="1" falsecount="1"/>
        <line num="129" count="1" type="stmt"/>
      </file>
    </package>
  </project>
</coverage>
