{"/opt/git/hugo-chemie-lernen-org/myhugoapp/static/js/calculators/advanced-calculators.js": {"path":"/opt/git/hugo-chemie-lernen-org/myhugoapp/static/js/calculators/advanced-calculators.js","statementMap":{"0":{"start":{"line":17,"column":6},"end":{"line":17,"column":13}},"1":{"start":{"line":20,"column":2},"end":{"line":22,"column":3}},"2":{"start":{"line":21,"column":4},"end":{"line":21,"column":62}},"3":{"start":{"line":23,"column":2},"end":{"line":25,"column":3}},"4":{"start":{"line":24,"column":4},"end":{"line":24,"column":61}},"5":{"start":{"line":26,"column":2},"end":{"line":28,"column":3}},"6":{"start":{"line":27,"column":4},"end":{"line":27,"column":84}},"7":{"start":{"line":29,"column":2},"end":{"line":31,"column":3}},"8":{"start":{"line":30,"column":4},"end":{"line":30,"column":53}},"9":{"start":{"line":32,"column":2},"end":{"line":34,"column":3}},"10":{"start":{"line":33,"column":4},"end":{"line":33,"column":62}},"11":{"start":{"line":36,"column":18},"end":{"line":36,"column":20}},"12":{"start":{"line":37,"column":29},"end":{"line":37,"column":49}},"13":{"start":{"line":40,"column":30},"end":{"line":40,"column":72}},"14":{"start":{"line":43,"column":32},"end":{"line":43,"column":84}},"15":{"start":{"line":45,"column":2},"end":{"line":59,"column":3}},"16":{"start":{"line":45,"column":15},"end":{"line":45,"column":16}},"17":{"start":{"line":46,"column":26},"end":{"line":46,"column":61}},"18":{"start":{"line":47,"column":28},"end":{"line":47,"column":55}},"19":{"start":{"line":49,"column":4},"end":{"line":56,"column":7}},"20":{"start":{"line":58,"column":4},"end":{"line":58,"column":72}},"21":{"start":{"line":61,"column":2},"end":{"line":69,"column":4}},"22":{"start":{"line":80,"column":2},"end":{"line":82,"column":3}},"23":{"start":{"line":81,"column":4},"end":{"line":81,"column":55}},"24":{"start":{"line":83,"column":2},"end":{"line":85,"column":3}},"25":{"start":{"line":84,"column":4},"end":{"line":84,"column":83}},"26":{"start":{"line":88,"column":13},"end":{"line":88,"column":27}},"27":{"start":{"line":89,"column":24},"end":{"line":89,"column":31}},"28":{"start":{"line":90,"column":25},"end":{"line":90,"column":32}},"29":{"start":{"line":92,"column":2},"end":{"line":100,"column":4}},"30":{"start":{"line":114,"column":6},"end":{"line":114,"column":13}},"31":{"start":{"line":117,"column":2},"end":{"line":119,"column":3}},"32":{"start":{"line":118,"column":4},"end":{"line":118,"column":62}},"33":{"start":{"line":120,"column":2},"end":{"line":122,"column":3}},"34":{"start":{"line":121,"column":4},"end":{"line":121,"column":62}},"35":{"start":{"line":123,"column":2},"end":{"line":125,"column":3}},"36":{"start":{"line":124,"column":4},"end":{"line":124,"column":55}},"37":{"start":{"line":126,"column":2},"end":{"line":128,"column":3}},"38":{"start":{"line":127,"column":4},"end":{"line":127,"column":60}},"39":{"start":{"line":131,"column":25},"end":{"line":131,"column":70}},"40":{"start":{"line":134,"column":25},"end":{"line":134,"column":60}},"41":{"start":{"line":137,"column":26},"end":{"line":137,"column":72}},"42":{"start":{"line":140,"column":22},"end":{"line":140,"column":53}},"43":{"start":{"line":143,"column":37},"end":{"line":143,"column":74}},"44":{"start":{"line":145,"column":2},"end":{"line":156,"column":4}},"45":{"start":{"line":170,"column":6},"end":{"line":170,"column":13}},"46":{"start":{"line":172,"column":16},"end":{"line":172,"column":18}},"47":{"start":{"line":175,"column":25},"end":{"line":175,"column":70}},"48":{"start":{"line":176,"column":25},"end":{"line":176,"column":60}},"49":{"start":{"line":177,"column":27},"end":{"line":177,"column":73}},"50":{"start":{"line":180,"column":2},"end":{"line":184,"column":3}},"51":{"start":{"line":180,"column":21},"end":{"line":180,"column":22}},"52":{"start":{"line":181,"column":24},"end":{"line":181,"column":58}},"53":{"start":{"line":182,"column":15},"end":{"line":182,"column":80}},"54":{"start":{"line":183,"column":4},"end":{"line":183,"column":63}},"55":{"start":{"line":187,"column":2},"end":{"line":191,"column":3}},"56":{"start":{"line":187,"column":21},"end":{"line":187,"column":23}},"57":{"start":{"line":188,"column":24},"end":{"line":188,"column":58}},"58":{"start":{"line":189,"column":15},"end":{"line":189,"column":76}},"59":{"start":{"line":190,"column":4},"end":{"line":190,"column":68}},"60":{"start":{"line":194,"column":2},"end":{"line":198,"column":3}},"61":{"start":{"line":194,"column":21},"end":{"line":194,"column":24}},"62":{"start":{"line":195,"column":24},"end":{"line":195,"column":58}},"63":{"start":{"line":196,"column":15},"end":{"line":196,"column":79}},"64":{"start":{"line":197,"column":4},"end":{"line":197,"column":62}},"65":{"start":{"line":200,"column":2},"end":{"line":200,"column":15}},"66":{"start":{"line":208,"column":2},"end":{"line":215,"column":3}},"67":{"start":{"line":210,"column":33},"end":{"line":210,"column":46}},"68":{"start":{"line":211,"column":4},"end":{"line":211,"column":51}},"69":{"start":{"line":212,"column":9},"end":{"line":215,"column":3}},"70":{"start":{"line":214,"column":4},"end":{"line":214,"column":56}},"71":{"start":{"line":216,"column":2},"end":{"line":216,"column":11}},"72":{"start":{"line":223,"column":2},"end":{"line":229,"column":3}},"73":{"start":{"line":224,"column":4},"end":{"line":224,"column":15}},"74":{"start":{"line":225,"column":9},"end":{"line":229,"column":3}},"75":{"start":{"line":226,"column":4},"end":{"line":226,"column":16}},"76":{"start":{"line":227,"column":9},"end":{"line":229,"column":3}},"77":{"start":{"line":228,"column":4},"end":{"line":228,"column":16}},"78":{"start":{"line":230,"column":2},"end":{"line":230,"column":13}},"79":{"start":{"line":237,"column":28},"end":{"line":237,"column":41}},"80":{"start":{"line":238,"column":2},"end":{"line":242,"column":3}},"81":{"start":{"line":239,"column":4},"end":{"line":239,"column":51}},"82":{"start":{"line":240,"column":9},"end":{"line":242,"column":3}},"83":{"start":{"line":241,"column":4},"end":{"line":241,"column":51}},"84":{"start":{"line":243,"column":2},"end":{"line":243,"column":49}},"85":{"start":{"line":250,"column":27},"end":{"line":258,"column":1}},"86":{"start":{"line":262,"column":14},"end":{"line":262,"column":19}},"87":{"start":{"line":264,"column":2},"end":{"line":291,"column":3}},"88":{"start":{"line":266,"column":6},"end":{"line":266,"column":20}},"89":{"start":{"line":267,"column":6},"end":{"line":267,"column":12}},"90":{"start":{"line":269,"column":6},"end":{"line":269,"column":27}},"91":{"start":{"line":270,"column":6},"end":{"line":270,"column":12}},"92":{"start":{"line":272,"column":6},"end":{"line":272,"column":30}},"93":{"start":{"line":273,"column":6},"end":{"line":273,"column":12}},"94":{"start":{"line":275,"column":6},"end":{"line":275,"column":33}},"95":{"start":{"line":276,"column":6},"end":{"line":276,"column":12}},"96":{"start":{"line":279,"column":6},"end":{"line":279,"column":45}},"97":{"start":{"line":280,"column":6},"end":{"line":280,"column":12}},"98":{"start":{"line":283,"column":6},"end":{"line":283,"column":47}},"99":{"start":{"line":284,"column":6},"end":{"line":284,"column":12}},"100":{"start":{"line":287,"column":6},"end":{"line":287,"column":50}},"101":{"start":{"line":288,"column":6},"end":{"line":288,"column":12}},"102":{"start":{"line":290,"column":6},"end":{"line":290,"column":58}},"103":{"start":{"line":294,"column":2},"end":{"line":311,"column":3}},"104":{"start":{"line":296,"column":6},"end":{"line":296,"column":19}},"105":{"start":{"line":298,"column":6},"end":{"line":298,"column":26}},"106":{"start":{"line":300,"column":6},"end":{"line":300,"column":29}},"107":{"start":{"line":302,"column":6},"end":{"line":302,"column":32}},"108":{"start":{"line":304,"column":6},"end":{"line":304,"column":44}},"109":{"start":{"line":306,"column":6},"end":{"line":306,"column":46}},"110":{"start":{"line":308,"column":6},"end":{"line":308,"column":49}},"111":{"start":{"line":310,"column":6},"end":{"line":310,"column":56}},"112":{"start":{"line":319,"column":2},"end":{"line":321,"column":3}},"113":{"start":{"line":320,"column":4},"end":{"line":320,"column":57}},"114":{"start":{"line":322,"column":2},"end":{"line":322,"column":37}},"115":{"start":{"line":326,"column":2},"end":{"line":328,"column":3}},"116":{"start":{"line":327,"column":4},"end":{"line":327,"column":51}},"117":{"start":{"line":329,"column":2},"end":{"line":329,"column":27}},"118":{"start":{"line":333,"column":2},"end":{"line":333,"column":17}},"119":{"start":{"line":338,"column":18},"end":{"line":338,"column":23}},"120":{"start":{"line":339,"column":23},"end":{"line":339,"column":43}},"121":{"start":{"line":342,"column":13},"end":{"line":342,"column":67}},"122":{"start":{"line":344,"column":2},"end":{"line":344,"column":12}},"123":{"start":{"line":359,"column":6},"end":{"line":359,"column":13}},"124":{"start":{"line":361,"column":2},"end":{"line":363,"column":3}},"125":{"start":{"line":362,"column":4},"end":{"line":362,"column":57}},"126":{"start":{"line":365,"column":18},"end":{"line":365,"column":20}},"127":{"start":{"line":368,"column":2},"end":{"line":376,"column":3}},"128":{"start":{"line":369,"column":4},"end":{"line":373,"column":5}},"129":{"start":{"line":370,"column":6},"end":{"line":370,"column":45}},"130":{"start":{"line":371,"column":11},"end":{"line":373,"column":5}},"131":{"start":{"line":372,"column":6},"end":{"line":372,"column":45}},"132":{"start":{"line":375,"column":4},"end":{"line":375,"column":26}},"133":{"start":{"line":379,"column":2},"end":{"line":383,"column":3}},"134":{"start":{"line":380,"column":4},"end":{"line":380,"column":51}},"135":{"start":{"line":382,"column":4},"end":{"line":382,"column":24}},"136":{"start":{"line":386,"column":2},"end":{"line":392,"column":3}},"137":{"start":{"line":387,"column":4},"end":{"line":389,"column":5}},"138":{"start":{"line":388,"column":6},"end":{"line":388,"column":53}},"139":{"start":{"line":391,"column":4},"end":{"line":391,"column":42}},"140":{"start":{"line":395,"column":2},"end":{"line":401,"column":3}},"141":{"start":{"line":396,"column":4},"end":{"line":398,"column":5}},"142":{"start":{"line":397,"column":6},"end":{"line":397,"column":53}},"143":{"start":{"line":400,"column":4},"end":{"line":400,"column":28}},"144":{"start":{"line":403,"column":2},"end":{"line":403,"column":17}},"145":{"start":{"line":411,"column":2},"end":{"line":413,"column":3}},"146":{"start":{"line":412,"column":4},"end":{"line":412,"column":48}},"147":{"start":{"line":414,"column":2},"end":{"line":416,"column":3}},"148":{"start":{"line":415,"column":4},"end":{"line":415,"column":47}},"149":{"start":{"line":418,"column":2},"end":{"line":418,"column":30}},"150":{"start":{"line":422,"column":2},"end":{"line":424,"column":3}},"151":{"start":{"line":423,"column":4},"end":{"line":423,"column":51}},"152":{"start":{"line":425,"column":2},"end":{"line":427,"column":3}},"153":{"start":{"line":426,"column":4},"end":{"line":426,"column":47}},"154":{"start":{"line":429,"column":2},"end":{"line":429,"column":33}},"155":{"start":{"line":438,"column":18},"end":{"line":438,"column":20}},"156":{"start":{"line":440,"column":2},"end":{"line":458,"column":3}},"157":{"start":{"line":441,"column":72},"end":{"line":441,"column":76}},"158":{"start":{"line":443,"column":4},"end":{"line":445,"column":5}},"159":{"start":{"line":444,"column":6},"end":{"line":444,"column":87}},"160":{"start":{"line":447,"column":27},"end":{"line":447,"column":70}},"161":{"start":{"line":448,"column":26},"end":{"line":448,"column":54}},"162":{"start":{"line":449,"column":28},"end":{"line":449,"column":55}},"163":{"start":{"line":451,"column":4},"end":{"line":457,"column":7}},"164":{"start":{"line":460,"column":2},"end":{"line":460,"column":17}},"165":{"start":{"line":464,"column":0},"end":{"line":480,"column":1}},"166":{"start":{"line":465,"column":2},"end":{"line":479,"column":4}}},"fnMap":{"0":{"name":"calculateSerialDilution","decl":{"start":{"line":11,"column":9},"end":{"line":11,"column":32}},"loc":{"start":{"line":11,"column":42},"end":{"line":70,"column":1}},"line":11},"1":{"name":"calculateDilution","decl":{"start":{"line":79,"column":9},"end":{"line":79,"column":26}},"loc":{"start":{"line":79,"column":39},"end":{"line":101,"column":1}},"line":79},"2":{"name":"calculateTitration","decl":{"start":{"line":108,"column":9},"end":{"line":108,"column":27}},"loc":{"start":{"line":108,"column":37},"end":{"line":157,"column":1}},"line":108},"3":{"name":"generateTitrationCurve","decl":{"start":{"line":162,"column":9},"end":{"line":162,"column":31}},"loc":{"start":{"line":162,"column":41},"end":{"line":201,"column":1}},"line":162},"4":{"name":"calculatePHBeforeEquivalence","decl":{"start":{"line":206,"column":9},"end":{"line":206,"column":37}},"loc":{"start":{"line":206,"column":75},"end":{"line":217,"column":1}},"line":206},"5":{"name":"calculatePHAtEquivalence","decl":{"start":{"line":222,"column":9},"end":{"line":222,"column":33}},"loc":{"start":{"line":222,"column":71},"end":{"line":231,"column":1}},"line":222},"6":{"name":"calculatePHAfterEquivalence","decl":{"start":{"line":236,"column":9},"end":{"line":236,"column":36}},"loc":{"start":{"line":236,"column":74},"end":{"line":244,"column":1}},"line":236},"7":{"name":"convertConcentration","decl":{"start":{"line":260,"column":9},"end":{"line":260,"column":29}},"loc":{"start":{"line":260,"column":76},"end":{"line":312,"column":1}},"line":260},"8":{"name":"calculatePHFromConcentration","decl":{"start":{"line":318,"column":9},"end":{"line":318,"column":37}},"loc":{"start":{"line":318,"column":54},"end":{"line":323,"column":1}},"line":318},"9":{"name":"calculateHConcentrationFromPH","decl":{"start":{"line":325,"column":9},"end":{"line":325,"column":38}},"loc":{"start":{"line":325,"column":43},"end":{"line":330,"column":1}},"line":325},"10":{"name":"calculatePOH","decl":{"start":{"line":332,"column":9},"end":{"line":332,"column":21}},"loc":{"start":{"line":332,"column":26},"end":{"line":334,"column":1}},"line":332},"11":{"name":"calculateKW","decl":{"start":{"line":336,"column":9},"end":{"line":336,"column":20}},"loc":{"start":{"line":336,"column":43},"end":{"line":345,"column":1}},"line":336},"12":{"name":"calculateSolutionParameters","decl":{"start":{"line":352,"column":9},"end":{"line":352,"column":36}},"loc":{"start":{"line":352,"column":46},"end":{"line":404,"column":1}},"line":352},"13":{"name":"calculateMolarity","decl":{"start":{"line":410,"column":9},"end":{"line":410,"column":26}},"loc":{"start":{"line":410,"column":48},"end":{"line":419,"column":1}},"line":410},"14":{"name":"calculateMolesForMolarity","decl":{"start":{"line":421,"column":9},"end":{"line":421,"column":34}},"loc":{"start":{"line":421,"column":59},"end":{"line":430,"column":1}},"line":421},"15":{"name":"_calculateMultipleDilutions","decl":{"start":{"line":436,"column":9},"end":{"line":436,"column":36}},"loc":{"start":{"line":436,"column":53},"end":{"line":461,"column":1}},"line":436}},"branchMap":{"0":{"loc":{"start":{"line":16,"column":4},"end":{"line":16,"column":25}},"type":"default-arg","locations":[{"start":{"line":16,"column":24},"end":{"line":16,"column":25}}],"line":16},"1":{"loc":{"start":{"line":20,"column":2},"end":{"line":22,"column":3}},"type":"if","locations":[{"start":{"line":20,"column":2},"end":{"line":22,"column":3}},{"start":{},"end":{}}],"line":20},"2":{"loc":{"start":{"line":23,"column":2},"end":{"line":25,"column":3}},"type":"if","locations":[{"start":{"line":23,"column":2},"end":{"line":25,"column":3}},{"start":{},"end":{}}],"line":23},"3":{"loc":{"start":{"line":26,"column":2},"end":{"line":28,"column":3}},"type":"if","locations":[{"start":{"line":26,"column":2},"end":{"line":28,"column":3}},{"start":{},"end":{}}],"line":26},"4":{"loc":{"start":{"line":29,"column":2},"end":{"line":31,"column":3}},"type":"if","locations":[{"start":{"line":29,"column":2},"end":{"line":31,"column":3}},{"start":{},"end":{}}],"line":29},"5":{"loc":{"start":{"line":32,"column":2},"end":{"line":34,"column":3}},"type":"if","locations":[{"start":{"line":32,"column":2},"end":{"line":34,"column":3}},{"start":{},"end":{}}],"line":32},"6":{"loc":{"start":{"line":80,"column":2},"end":{"line":82,"column":3}},"type":"if","locations":[{"start":{"line":80,"column":2},"end":{"line":82,"column":3}},{"start":{},"end":{}}],"line":80},"7":{"loc":{"start":{"line":80,"column":6},"end":{"line":80,"column":35}},"type":"binary-expr","locations":[{"start":{"line":80,"column":6},"end":{"line":80,"column":13}},{"start":{"line":80,"column":17},"end":{"line":80,"column":24}},{"start":{"line":80,"column":28},"end":{"line":80,"column":35}}],"line":80},"8":{"loc":{"start":{"line":83,"column":2},"end":{"line":85,"column":3}},"type":"if","locations":[{"start":{"line":83,"column":2},"end":{"line":85,"column":3}},{"start":{},"end":{}}],"line":83},"9":{"loc":{"start":{"line":113,"column":4},"end":{"line":113,"column":26}},"type":"default-arg","locations":[{"start":{"line":113,"column":25},"end":{"line":113,"column":26}}],"line":113},"10":{"loc":{"start":{"line":117,"column":2},"end":{"line":119,"column":3}},"type":"if","locations":[{"start":{"line":117,"column":2},"end":{"line":119,"column":3}},{"start":{},"end":{}}],"line":117},"11":{"loc":{"start":{"line":120,"column":2},"end":{"line":122,"column":3}},"type":"if","locations":[{"start":{"line":120,"column":2},"end":{"line":122,"column":3}},{"start":{},"end":{}}],"line":120},"12":{"loc":{"start":{"line":123,"column":2},"end":{"line":125,"column":3}},"type":"if","locations":[{"start":{"line":123,"column":2},"end":{"line":125,"column":3}},{"start":{},"end":{}}],"line":123},"13":{"loc":{"start":{"line":126,"column":2},"end":{"line":128,"column":3}},"type":"if","locations":[{"start":{"line":126,"column":2},"end":{"line":128,"column":3}},{"start":{},"end":{}}],"line":126},"14":{"loc":{"start":{"line":167,"column":4},"end":{"line":167,"column":26}},"type":"default-arg","locations":[{"start":{"line":167,"column":25},"end":{"line":167,"column":26}}],"line":167},"15":{"loc":{"start":{"line":168,"column":4},"end":{"line":168,"column":27}},"type":"default-arg","locations":[{"start":{"line":168,"column":19},"end":{"line":168,"column":27}}],"line":168},"16":{"loc":{"start":{"line":169,"column":4},"end":{"line":169,"column":27}},"type":"default-arg","locations":[{"start":{"line":169,"column":19},"end":{"line":169,"column":27}}],"line":169},"17":{"loc":{"start":{"line":208,"column":2},"end":{"line":215,"column":3}},"type":"if","locations":[{"start":{"line":208,"column":2},"end":{"line":215,"column":3}},{"start":{"line":212,"column":9},"end":{"line":215,"column":3}}],"line":208},"18":{"loc":{"start":{"line":208,"column":6},"end":{"line":208,"column":60}},"type":"binary-expr","locations":[{"start":{"line":208,"column":6},"end":{"line":208,"column":31}},{"start":{"line":208,"column":35},"end":{"line":208,"column":60}}],"line":208},"19":{"loc":{"start":{"line":212,"column":9},"end":{"line":215,"column":3}},"type":"if","locations":[{"start":{"line":212,"column":9},"end":{"line":215,"column":3}},{"start":{},"end":{}}],"line":212},"20":{"loc":{"start":{"line":212,"column":13},"end":{"line":212,"column":65}},"type":"binary-expr","locations":[{"start":{"line":212,"column":13},"end":{"line":212,"column":36}},{"start":{"line":212,"column":40},"end":{"line":212,"column":65}}],"line":212},"21":{"loc":{"start":{"line":223,"column":2},"end":{"line":229,"column":3}},"type":"if","locations":[{"start":{"line":223,"column":2},"end":{"line":229,"column":3}},{"start":{"line":225,"column":9},"end":{"line":229,"column":3}}],"line":223},"22":{"loc":{"start":{"line":223,"column":6},"end":{"line":223,"column":60}},"type":"binary-expr","locations":[{"start":{"line":223,"column":6},"end":{"line":223,"column":31}},{"start":{"line":223,"column":35},"end":{"line":223,"column":60}}],"line":223},"23":{"loc":{"start":{"line":225,"column":9},"end":{"line":229,"column":3}},"type":"if","locations":[{"start":{"line":225,"column":9},"end":{"line":229,"column":3}},{"start":{"line":227,"column":9},"end":{"line":229,"column":3}}],"line":225},"24":{"loc":{"start":{"line":225,"column":13},"end":{"line":225,"column":65}},"type":"binary-expr","locations":[{"start":{"line":225,"column":13},"end":{"line":225,"column":36}},{"start":{"line":225,"column":40},"end":{"line":225,"column":65}}],"line":225},"25":{"loc":{"start":{"line":227,"column":9},"end":{"line":229,"column":3}},"type":"if","locations":[{"start":{"line":227,"column":9},"end":{"line":229,"column":3}},{"start":{},"end":{}}],"line":227},"26":{"loc":{"start":{"line":227,"column":13},"end":{"line":227,"column":65}},"type":"binary-expr","locations":[{"start":{"line":227,"column":13},"end":{"line":227,"column":38}},{"start":{"line":227,"column":42},"end":{"line":227,"column":65}}],"line":227},"27":{"loc":{"start":{"line":238,"column":2},"end":{"line":242,"column":3}},"type":"if","locations":[{"start":{"line":238,"column":2},"end":{"line":242,"column":3}},{"start":{"line":240,"column":9},"end":{"line":242,"column":3}}],"line":238},"28":{"loc":{"start":{"line":238,"column":6},"end":{"line":238,"column":60}},"type":"binary-expr","locations":[{"start":{"line":238,"column":6},"end":{"line":238,"column":31}},{"start":{"line":238,"column":35},"end":{"line":238,"column":60}}],"line":238},"29":{"loc":{"start":{"line":240,"column":9},"end":{"line":242,"column":3}},"type":"if","locations":[{"start":{"line":240,"column":9},"end":{"line":242,"column":3}},{"start":{},"end":{}}],"line":240},"30":{"loc":{"start":{"line":240,"column":13},"end":{"line":240,"column":65}},"type":"binary-expr","locations":[{"start":{"line":240,"column":13},"end":{"line":240,"column":36}},{"start":{"line":240,"column":40},"end":{"line":240,"column":65}}],"line":240},"31":{"loc":{"start":{"line":260,"column":55},"end":{"line":260,"column":74}},"type":"default-arg","locations":[{"start":{"line":260,"column":73},"end":{"line":260,"column":74}}],"line":260},"32":{"loc":{"start":{"line":264,"column":2},"end":{"line":291,"column":3}},"type":"switch","locations":[{"start":{"line":265,"column":4},"end":{"line":267,"column":12}},{"start":{"line":268,"column":4},"end":{"line":270,"column":12}},{"start":{"line":271,"column":4},"end":{"line":273,"column":12}},{"start":{"line":274,"column":4},"end":{"line":276,"column":12}},{"start":{"line":277,"column":4},"end":{"line":280,"column":12}},{"start":{"line":281,"column":4},"end":{"line":284,"column":12}},{"start":{"line":285,"column":4},"end":{"line":288,"column":12}},{"start":{"line":289,"column":4},"end":{"line":290,"column":58}}],"line":264},"33":{"loc":{"start":{"line":294,"column":2},"end":{"line":311,"column":3}},"type":"switch","locations":[{"start":{"line":295,"column":4},"end":{"line":296,"column":19}},{"start":{"line":297,"column":4},"end":{"line":298,"column":26}},{"start":{"line":299,"column":4},"end":{"line":300,"column":29}},{"start":{"line":301,"column":4},"end":{"line":302,"column":32}},{"start":{"line":303,"column":4},"end":{"line":304,"column":44}},{"start":{"line":305,"column":4},"end":{"line":306,"column":46}},{"start":{"line":307,"column":4},"end":{"line":308,"column":49}},{"start":{"line":309,"column":4},"end":{"line":310,"column":56}}],"line":294},"34":{"loc":{"start":{"line":319,"column":2},"end":{"line":321,"column":3}},"type":"if","locations":[{"start":{"line":319,"column":2},"end":{"line":321,"column":3}},{"start":{},"end":{}}],"line":319},"35":{"loc":{"start":{"line":326,"column":2},"end":{"line":328,"column":3}},"type":"if","locations":[{"start":{"line":326,"column":2},"end":{"line":328,"column":3}},{"start":{},"end":{}}],"line":326},"36":{"loc":{"start":{"line":326,"column":6},"end":{"line":326,"column":23}},"type":"binary-expr","locations":[{"start":{"line":326,"column":6},"end":{"line":326,"column":12}},{"start":{"line":326,"column":16},"end":{"line":326,"column":23}}],"line":326},"37":{"loc":{"start":{"line":336,"column":25},"end":{"line":336,"column":41}},"type":"default-arg","locations":[{"start":{"line":336,"column":39},"end":{"line":336,"column":41}}],"line":336},"38":{"loc":{"start":{"line":354,"column":4},"end":{"line":354,"column":15}},"type":"default-arg","locations":[{"start":{"line":354,"column":11},"end":{"line":354,"column":15}}],"line":354},"39":{"loc":{"start":{"line":356,"column":4},"end":{"line":356,"column":17}},"type":"default-arg","locations":[{"start":{"line":356,"column":13},"end":{"line":356,"column":17}}],"line":356},"40":{"loc":{"start":{"line":357,"column":4},"end":{"line":357,"column":24}},"type":"default-arg","locations":[{"start":{"line":357,"column":20},"end":{"line":357,"column":24}}],"line":357},"41":{"loc":{"start":{"line":358,"column":4},"end":{"line":358,"column":16}},"type":"default-arg","locations":[{"start":{"line":358,"column":12},"end":{"line":358,"column":16}}],"line":358},"42":{"loc":{"start":{"line":361,"column":2},"end":{"line":363,"column":3}},"type":"if","locations":[{"start":{"line":361,"column":2},"end":{"line":363,"column":3}},{"start":{},"end":{}}],"line":361},"43":{"loc":{"start":{"line":361,"column":6},"end":{"line":361,"column":46}},"type":"binary-expr","locations":[{"start":{"line":361,"column":6},"end":{"line":361,"column":22}},{"start":{"line":361,"column":26},"end":{"line":361,"column":46}}],"line":361},"44":{"loc":{"start":{"line":368,"column":2},"end":{"line":376,"column":3}},"type":"if","locations":[{"start":{"line":368,"column":2},"end":{"line":376,"column":3}},{"start":{"line":374,"column":9},"end":{"line":376,"column":3}}],"line":368},"45":{"loc":{"start":{"line":369,"column":4},"end":{"line":373,"column":5}},"type":"if","locations":[{"start":{"line":369,"column":4},"end":{"line":373,"column":5}},{"start":{"line":371,"column":11},"end":{"line":373,"column":5}}],"line":369},"46":{"loc":{"start":{"line":371,"column":11},"end":{"line":373,"column":5}},"type":"if","locations":[{"start":{"line":371,"column":11},"end":{"line":373,"column":5}},{"start":{},"end":{}}],"line":371},"47":{"loc":{"start":{"line":371,"column":15},"end":{"line":371,"column":56}},"type":"binary-expr","locations":[{"start":{"line":371,"column":15},"end":{"line":371,"column":37}},{"start":{"line":371,"column":41},"end":{"line":371,"column":56}}],"line":371},"48":{"loc":{"start":{"line":379,"column":2},"end":{"line":383,"column":3}},"type":"if","locations":[{"start":{"line":379,"column":2},"end":{"line":383,"column":3}},{"start":{"line":381,"column":9},"end":{"line":383,"column":3}}],"line":379},"49":{"loc":{"start":{"line":386,"column":2},"end":{"line":392,"column":3}},"type":"if","locations":[{"start":{"line":386,"column":2},"end":{"line":392,"column":3}},{"start":{"line":390,"column":9},"end":{"line":392,"column":3}}],"line":386},"50":{"loc":{"start":{"line":387,"column":4},"end":{"line":389,"column":5}},"type":"if","locations":[{"start":{"line":387,"column":4},"end":{"line":389,"column":5}},{"start":{},"end":{}}],"line":387},"51":{"loc":{"start":{"line":395,"column":2},"end":{"line":401,"column":3}},"type":"if","locations":[{"start":{"line":395,"column":2},"end":{"line":401,"column":3}},{"start":{"line":399,"column":9},"end":{"line":401,"column":3}}],"line":395},"52":{"loc":{"start":{"line":396,"column":4},"end":{"line":398,"column":5}},"type":"if","locations":[{"start":{"line":396,"column":4},"end":{"line":398,"column":5}},{"start":{},"end":{}}],"line":396},"53":{"loc":{"start":{"line":411,"column":2},"end":{"line":413,"column":3}},"type":"if","locations":[{"start":{"line":411,"column":2},"end":{"line":413,"column":3}},{"start":{},"end":{}}],"line":411},"54":{"loc":{"start":{"line":414,"column":2},"end":{"line":416,"column":3}},"type":"if","locations":[{"start":{"line":414,"column":2},"end":{"line":416,"column":3}},{"start":{},"end":{}}],"line":414},"55":{"loc":{"start":{"line":422,"column":2},"end":{"line":424,"column":3}},"type":"if","locations":[{"start":{"line":422,"column":2},"end":{"line":424,"column":3}},{"start":{},"end":{}}],"line":422},"56":{"loc":{"start":{"line":425,"column":2},"end":{"line":427,"column":3}},"type":"if","locations":[{"start":{"line":425,"column":2},"end":{"line":427,"column":3}},{"start":{},"end":{}}],"line":425},"57":{"loc":{"start":{"line":443,"column":4},"end":{"line":445,"column":5}},"type":"if","locations":[{"start":{"line":443,"column":4},"end":{"line":445,"column":5}},{"start":{},"end":{}}],"line":443},"58":{"loc":{"start":{"line":443,"column":8},"end":{"line":443,"column":77}},"type":"binary-expr","locations":[{"start":{"line":443,"column":8},"end":{"line":443,"column":29}},{"start":{"line":443,"column":33},"end":{"line":443,"column":77}}],"line":443},"59":{"loc":{"start":{"line":464,"column":0},"end":{"line":480,"column":1}},"type":"if","locations":[{"start":{"line":464,"column":0},"end":{"line":480,"column":1}},{"start":{},"end":{}}],"line":464},"60":{"loc":{"start":{"line":464,"column":4},"end":{"line":464,"column":51}},"type":"binary-expr","locations":[{"start":{"line":464,"column":4},"end":{"line":464,"column":33}},{"start":{"line":464,"column":37},"end":{"line":464,"column":51}}],"line":464}},"s":{"0":7,"1":7,"2":1,"3":6,"4":0,"5":6,"6":1,"7":5,"8":1,"9":4,"10":1,"11":3,"12":3,"13":3,"14":3,"15":3,"16":3,"17":6,"18":6,"19":6,"20":6,"21":3,"22":6,"23":3,"24":3,"25":1,"26":2,"27":2,"28":2,"29":2,"30":10,"31":10,"32":1,"33":9,"34":1,"35":8,"36":1,"37":7,"38":1,"39":6,"40":6,"41":6,"42":6,"43":6,"44":6,"45":6,"46":6,"47":6,"48":6,"49":6,"50":6,"51":6,"52":60,"53":60,"54":60,"55":6,"56":6,"57":66,"58":66,"59":66,"60":6,"61":6,"62":60,"63":60,"64":60,"65":6,"66":60,"67":40,"68":40,"69":20,"70":10,"71":10,"72":66,"73":44,"74":22,"75":11,"76":11,"77":11,"78":0,"79":60,"80":60,"81":40,"82":20,"83":10,"84":10,"85":1,"86":14,"87":14,"88":7,"89":7,"90":1,"91":1,"92":1,"93":1,"94":1,"95":1,"96":1,"97":1,"98":1,"99":1,"100":1,"101":1,"102":1,"103":13,"104":5,"105":1,"106":1,"107":2,"108":1,"109":1,"110":1,"111":1,"112":7,"113":2,"114":5,"115":5,"116":2,"117":3,"118":3,"119":5,"120":5,"121":5,"122":5,"123":5,"124":5,"125":1,"126":4,"127":4,"128":3,"129":2,"130":1,"131":1,"132":1,"133":4,"134":2,"135":2,"136":4,"137":2,"138":2,"139":2,"140":4,"141":1,"142":1,"143":3,"144":4,"145":6,"146":1,"147":5,"148":2,"149":3,"150":5,"151":1,"152":4,"153":1,"154":3,"155":0,"156":0,"157":0,"158":0,"159":0,"160":0,"161":0,"162":0,"163":0,"164":0,"165":1,"166":1},"f":{"0":7,"1":6,"2":10,"3":6,"4":60,"5":66,"6":60,"7":14,"8":7,"9":5,"10":3,"11":5,"12":5,"13":6,"14":5,"15":0},"b":{"0":[3],"1":[1,6],"2":[0,6],"3":[1,5],"4":[1,4],"5":[1,3],"6":[3,3],"7":[6,5,4],"8":[1,2],"9":[7],"10":[1,9],"11":[1,8],"12":[1,7],"13":[1,6],"14":[4],"15":[4],"16":[4],"17":[40,20],"18":[60,50],"19":[10,10],"20":[20,10],"21":[44,22],"22":[66,55],"23":[11,11],"24":[22,11],"25":[11,0],"26":[11,11],"27":[40,20],"28":[60,50],"29":[10,10],"30":[20,10],"31":[8],"32":[7,1,1,1,1,1,1,1],"33":[5,1,1,2,1,1,1,1],"34":[2,5],"35":[2,3],"36":[5,4],"37":[0],"38":[2],"39":[1],"40":[3],"41":[4],"42":[1,4],"43":[5,4],"44":[3,1],"45":[2,1],"46":[1,0],"47":[1,1],"48":[2,2],"49":[2,2],"50":[2,0],"51":[1,3],"52":[1,0],"53":[1,5],"54":[2,3],"55":[1,4],"56":[1,3],"57":[0,0],"58":[0,0],"59":[1,0],"60":[1,1]},"_coverageSchema":"1a1c01bbd47fc00a2c39e90264f33305004495a9","hash":"a02948fa85e2d9b397716dc910b68fb897d63e24"}
,"/opt/git/hugo-chemie-lernen-org/myhugoapp/static/js/calculators/calc-element-lookup.js": {"path":"/opt/git/hugo-chemie-lernen-org/myhugoapp/static/js/calculators/calc-element-lookup.js","statementMap":{"0":{"start":{"line":1,"column":24},"end":{"line":30,"column":1}},"1":{"start":{"line":34,"column":19},"end":{"line":34,"column":62}},"2":{"start":{"line":35,"column":24},"end":{"line":35,"column":38}},"3":{"start":{"line":37,"column":2},"end":{"line":40,"column":3}},"4":{"start":{"line":38,"column":4},"end":{"line":38,"column":60}},"5":{"start":{"line":39,"column":4},"end":{"line":39,"column":11}},"6":{"start":{"line":42,"column":16},"end":{"line":42,"column":40}},"7":{"start":{"line":43,"column":17},"end":{"line":43,"column":25}},"8":{"start":{"line":44,"column":15},"end":{"line":44,"column":23}},"9":{"start":{"line":45,"column":18},"end":{"line":45,"column":41}},"10":{"start":{"line":47,"column":2},"end":{"line":50,"column":3}},"11":{"start":{"line":48,"column":4},"end":{"line":48,"column":60}},"12":{"start":{"line":49,"column":4},"end":{"line":49,"column":11}},"13":{"start":{"line":52,"column":2},"end":{"line":52,"column":27}},"14":{"start":{"line":54,"column":2},"end":{"line":54,"column":38}},"15":{"start":{"line":56,"column":2},"end":{"line":59,"column":10}},"16":{"start":{"line":57,"column":4},"end":{"line":57,"column":61}},"17":{"start":{"line":58,"column":4},"end":{"line":58,"column":93}},"18":{"start":{"line":63,"column":24},"end":{"line":63,"column":66}},"19":{"start":{"line":64,"column":27},"end":{"line":64,"column":72}},"20":{"start":{"line":66,"column":2},"end":{"line":71,"column":77}},"21":{"start":{"line":73,"column":2},"end":{"line":73,"column":40}},"22":{"start":{"line":77,"column":24},"end":{"line":77,"column":55}},"23":{"start":{"line":78,"column":23},"end":{"line":78,"column":54}},"24":{"start":{"line":80,"column":2},"end":{"line":101,"column":3}},"25":{"start":{"line":81,"column":4},"end":{"line":81,"column":39}},"26":{"start":{"line":82,"column":4},"end":{"line":82,"column":130}},"27":{"start":{"line":83,"column":9},"end":{"line":101,"column":3}},"28":{"start":{"line":84,"column":4},"end":{"line":84,"column":38}},"29":{"start":{"line":85,"column":4},"end":{"line":85,"column":132}},"30":{"start":{"line":87,"column":19},"end":{"line":94,"column":5}},"31":{"start":{"line":96,"column":4},"end":{"line":100,"column":5}},"32":{"start":{"line":97,"column":6},"end":{"line":97,"column":41}},"33":{"start":{"line":99,"column":6},"end":{"line":99,"column":40}},"34":{"start":{"line":104,"column":0},"end":{"line":108,"column":1}},"35":{"start":{"line":105,"column":2},"end":{"line":107,"column":4}}},"fnMap":{"0":{"name":"applyMolarMass","decl":{"start":{"line":33,"column":9},"end":{"line":33,"column":23}},"loc":{"start":{"line":33,"column":26},"end":{"line":60,"column":1}},"line":33},"1":{"name":"(anonymous_1)","decl":{"start":{"line":56,"column":13},"end":{"line":56,"column":14}},"loc":{"start":{"line":56,"column":19},"end":{"line":59,"column":3}},"line":56},"2":{"name":"showElementInfo","decl":{"start":{"line":62,"column":9},"end":{"line":62,"column":24}},"loc":{"start":{"line":62,"column":34},"end":{"line":74,"column":1}},"line":62},"3":{"name":"applyMolarMassToCalculator","decl":{"start":{"line":76,"column":9},"end":{"line":76,"column":35}},"loc":{"start":{"line":76,"column":45},"end":{"line":102,"column":1}},"line":76}},"branchMap":{"0":{"loc":{"start":{"line":37,"column":2},"end":{"line":40,"column":3}},"type":"if","locations":[{"start":{"line":37,"column":2},"end":{"line":40,"column":3}},{"start":{},"end":{}}],"line":37},"1":{"loc":{"start":{"line":47,"column":2},"end":{"line":50,"column":3}},"type":"if","locations":[{"start":{"line":47,"column":2},"end":{"line":50,"column":3}},{"start":{},"end":{}}],"line":47},"2":{"loc":{"start":{"line":80,"column":2},"end":{"line":101,"column":3}},"type":"if","locations":[{"start":{"line":80,"column":2},"end":{"line":101,"column":3}},{"start":{"line":83,"column":9},"end":{"line":101,"column":3}}],"line":80},"3":{"loc":{"start":{"line":80,"column":6},"end":{"line":80,"column":67}},"type":"binary-expr","locations":[{"start":{"line":80,"column":6},"end":{"line":80,"column":26}},{"start":{"line":80,"column":30},"end":{"line":80,"column":67}}],"line":80},"4":{"loc":{"start":{"line":83,"column":9},"end":{"line":101,"column":3}},"type":"if","locations":[{"start":{"line":83,"column":9},"end":{"line":101,"column":3}},{"start":{"line":86,"column":9},"end":{"line":101,"column":3}}],"line":83},"5":{"loc":{"start":{"line":83,"column":13},"end":{"line":83,"column":72}},"type":"binary-expr","locations":[{"start":{"line":83,"column":13},"end":{"line":83,"column":32}},{"start":{"line":83,"column":36},"end":{"line":83,"column":72}}],"line":83},"6":{"loc":{"start":{"line":96,"column":4},"end":{"line":100,"column":5}},"type":"if","locations":[{"start":{"line":96,"column":4},"end":{"line":100,"column":5}},{"start":{"line":98,"column":11},"end":{"line":100,"column":5}}],"line":96},"7":{"loc":{"start":{"line":104,"column":0},"end":{"line":108,"column":1}},"type":"if","locations":[{"start":{"line":104,"column":0},"end":{"line":108,"column":1}},{"start":{},"end":{}}],"line":104},"8":{"loc":{"start":{"line":104,"column":4},"end":{"line":104,"column":51}},"type":"binary-expr","locations":[{"start":{"line":104,"column":4},"end":{"line":104,"column":33}},{"start":{"line":104,"column":37},"end":{"line":104,"column":51}}],"line":104}},"s":{"0":1,"1":0,"2":0,"3":0,"4":0,"5":0,"6":0,"7":0,"8":0,"9":0,"10":0,"11":0,"12":0,"13":0,"14":0,"15":0,"16":0,"17":0,"18":0,"19":0,"20":0,"21":0,"22":0,"23":0,"24":0,"25":0,"26":0,"27":0,"28":0,"29":0,"30":0,"31":0,"32":0,"33":0,"34":1,"35":1},"f":{"0":0,"1":0,"2":0,"3":0},"b":{"0":[0,0],"1":[0,0],"2":[0,0],"3":[0,0],"4":[0,0],"5":[0,0],"6":[0,0],"7":[1,0],"8":[1,1]},"_coverageSchema":"1a1c01bbd47fc00a2c39e90264f33305004495a9","hash":"dac899457771f2de169186c5978c22abd278f64f"}
,"/opt/git/hugo-chemie-lernen-org/myhugoapp/static/js/calculators/calc-equation-parser.js": {"path":"/opt/git/hugo-chemie-lernen-org/myhugoapp/static/js/calculators/calc-equation-parser.js","statementMap":{"0":{"start":{"line":6,"column":19},"end":{"line":6,"column":80}},"1":{"start":{"line":8,"column":2},"end":{"line":11,"column":3}},"2":{"start":{"line":9,"column":4},"end":{"line":9,"column":71}},"3":{"start":{"line":10,"column":4},"end":{"line":10,"column":11}},"4":{"start":{"line":13,"column":2},"end":{"line":19,"column":3}},"5":{"start":{"line":14,"column":19},"end":{"line":14,"column":50}},"6":{"start":{"line":15,"column":4},"end":{"line":15,"column":38}},"7":{"start":{"line":17,"column":4},"end":{"line":17,"column":63}},"8":{"start":{"line":18,"column":4},"end":{"line":18,"column":41}},"9":{"start":{"line":24,"column":21},"end":{"line":24,"column":47}},"10":{"start":{"line":25,"column":2},"end":{"line":27,"column":3}},"11":{"start":{"line":26,"column":4},"end":{"line":26,"column":80}},"12":{"start":{"line":29,"column":16},"end":{"line":29,"column":78}},"13":{"start":{"line":29,"column":59},"end":{"line":29,"column":75}},"14":{"start":{"line":30,"column":20},"end":{"line":30,"column":39}},"15":{"start":{"line":31,"column":19},"end":{"line":31,"column":38}},"16":{"start":{"line":33,"column":2},"end":{"line":38,"column":4}},"17":{"start":{"line":42,"column":2},"end":{"line":44,"column":3}},"18":{"start":{"line":43,"column":4},"end":{"line":43,"column":49}},"19":{"start":{"line":46,"column":20},"end":{"line":46,"column":111}},"20":{"start":{"line":46,"column":52},"end":{"line":46,"column":68}},"21":{"start":{"line":46,"column":88},"end":{"line":46,"column":108}},"22":{"start":{"line":48,"column":2},"end":{"line":50,"column":3}},"23":{"start":{"line":49,"column":4},"end":{"line":49,"column":51}},"24":{"start":{"line":52,"column":2},"end":{"line":52,"column":74}},"25":{"start":{"line":52,"column":39},"end":{"line":52,"column":70}},"26":{"start":{"line":56,"column":21},"end":{"line":56,"column":77}},"27":{"start":{"line":58,"column":2},"end":{"line":64,"column":3}},"28":{"start":{"line":59,"column":4},"end":{"line":63,"column":6}},"29":{"start":{"line":66,"column":22},"end":{"line":66,"column":67}},"30":{"start":{"line":67,"column":18},"end":{"line":67,"column":31}},"31":{"start":{"line":69,"column":2},"end":{"line":73,"column":4}},"32":{"start":{"line":77,"column":20},"end":{"line":77,"column":66}},"33":{"start":{"line":78,"column":27},"end":{"line":78,"column":67}},"34":{"start":{"line":79,"column":22},"end":{"line":79,"column":62}},"35":{"start":{"line":81,"column":13},"end":{"line":81,"column":32}},"36":{"start":{"line":83,"column":2},"end":{"line":83,"column":35}},"37":{"start":{"line":84,"column":2},"end":{"line":84,"column":29}},"38":{"start":{"line":85,"column":2},"end":{"line":85,"column":36}},"39":{"start":{"line":86,"column":2},"end":{"line":92,"column":5}},"40":{"start":{"line":87,"column":4},"end":{"line":91,"column":14}},"41":{"start":{"line":93,"column":2},"end":{"line":93,"column":24}},"42":{"start":{"line":95,"column":2},"end":{"line":95,"column":35}},"43":{"start":{"line":96,"column":2},"end":{"line":96,"column":31}},"44":{"start":{"line":97,"column":2},"end":{"line":97,"column":36}},"45":{"start":{"line":98,"column":2},"end":{"line":104,"column":5}},"46":{"start":{"line":99,"column":4},"end":{"line":103,"column":14}},"47":{"start":{"line":105,"column":2},"end":{"line":105,"column":24}},"48":{"start":{"line":107,"column":2},"end":{"line":107,"column":19}},"49":{"start":{"line":108,"column":2},"end":{"line":108,"column":29}},"50":{"start":{"line":110,"column":20},"end":{"line":110,"column":100}},"51":{"start":{"line":111,"column":2},"end":{"line":111,"column":43}},"52":{"start":{"line":113,"column":2},"end":{"line":119,"column":3}},"53":{"start":{"line":114,"column":19},"end":{"line":114,"column":50}},"54":{"start":{"line":115,"column":19},"end":{"line":115,"column":49}},"55":{"start":{"line":116,"column":4},"end":{"line":118,"column":16}},"56":{"start":{"line":121,"column":2},"end":{"line":127,"column":3}},"57":{"start":{"line":122,"column":20},"end":{"line":122,"column":51}},"58":{"start":{"line":123,"column":20},"end":{"line":123,"column":50}},"59":{"start":{"line":124,"column":4},"end":{"line":126,"column":16}},"60":{"start":{"line":129,"column":2},"end":{"line":129,"column":26}},"61":{"start":{"line":130,"column":2},"end":{"line":130,"column":43}},"62":{"start":{"line":132,"column":2},"end":{"line":132,"column":38}},"63":{"start":{"line":137,"column":2},"end":{"line":137,"column":52}},"64":{"start":{"line":138,"column":2},"end":{"line":138,"column":52}},"65":{"start":{"line":140,"column":2},"end":{"line":140,"column":55}},"66":{"start":{"line":142,"column":2},"end":{"line":142,"column":85}},"67":{"start":{"line":144,"column":2},"end":{"line":144,"column":90}},"68":{"start":{"line":149,"column":2},"end":{"line":149,"column":53}},"69":{"start":{"line":150,"column":2},"end":{"line":150,"column":53}},"70":{"start":{"line":152,"column":2},"end":{"line":152,"column":59}},"71":{"start":{"line":154,"column":2},"end":{"line":154,"column":91}},"72":{"start":{"line":156,"column":2},"end":{"line":156,"column":90}}},"fnMap":{"0":{"name":"parseEquation","decl":{"start":{"line":5,"column":9},"end":{"line":5,"column":22}},"loc":{"start":{"line":5,"column":25},"end":{"line":20,"column":1}},"line":5},"1":{"name":"parseChemicalEquation","decl":{"start":{"line":23,"column":9},"end":{"line":23,"column":30}},"loc":{"start":{"line":23,"column":41},"end":{"line":39,"column":1}},"line":23},"2":{"name":"(anonymous_2)","decl":{"start":{"line":29,"column":50},"end":{"line":29,"column":51}},"loc":{"start":{"line":29,"column":57},"end":{"line":29,"column":77}},"line":29},"3":{"name":"parseSide","decl":{"start":{"line":41,"column":9},"end":{"line":41,"column":18}},"loc":{"start":{"line":41,"column":28},"end":{"line":53,"column":1}},"line":41},"4":{"name":"(anonymous_4)","decl":{"start":{"line":46,"column":43},"end":{"line":46,"column":44}},"loc":{"start":{"line":46,"column":50},"end":{"line":46,"column":70}},"line":46},"5":{"name":"(anonymous_5)","decl":{"start":{"line":46,"column":79},"end":{"line":46,"column":80}},"loc":{"start":{"line":46,"column":86},"end":{"line":46,"column":110}},"line":46},"6":{"name":"(anonymous_6)","decl":{"start":{"line":52,"column":23},"end":{"line":52,"column":24}},"loc":{"start":{"line":52,"column":37},"end":{"line":52,"column":72}},"line":52},"7":{"name":"parseCompound","decl":{"start":{"line":55,"column":9},"end":{"line":55,"column":22}},"loc":{"start":{"line":55,"column":36},"end":{"line":74,"column":1}},"line":55},"8":{"name":"displayParsedCoefficients","decl":{"start":{"line":76,"column":9},"end":{"line":76,"column":34}},"loc":{"start":{"line":76,"column":43},"end":{"line":133,"column":1}},"line":76},"9":{"name":"(anonymous_9)","decl":{"start":{"line":86,"column":27},"end":{"line":86,"column":28}},"loc":{"start":{"line":86,"column":41},"end":{"line":92,"column":3}},"line":86},"10":{"name":"(anonymous_10)","decl":{"start":{"line":98,"column":26},"end":{"line":98,"column":27}},"loc":{"start":{"line":98,"column":39},"end":{"line":104,"column":3}},"line":98},"11":{"name":"applyCoefficientsToMolMol","decl":{"start":{"line":136,"column":9},"end":{"line":136,"column":34}},"loc":{"start":{"line":136,"column":43},"end":{"line":145,"column":1}},"line":136},"12":{"name":"applyCoefficientsToMassMass","decl":{"start":{"line":148,"column":9},"end":{"line":148,"column":36}},"loc":{"start":{"line":148,"column":45},"end":{"line":157,"column":1}},"line":148}},"branchMap":{"0":{"loc":{"start":{"line":8,"column":2},"end":{"line":11,"column":3}},"type":"if","locations":[{"start":{"line":8,"column":2},"end":{"line":11,"column":3}},{"start":{},"end":{}}],"line":8},"1":{"loc":{"start":{"line":25,"column":2},"end":{"line":27,"column":3}},"type":"if","locations":[{"start":{"line":25,"column":2},"end":{"line":27,"column":3}},{"start":{},"end":{}}],"line":25},"2":{"loc":{"start":{"line":42,"column":2},"end":{"line":44,"column":3}},"type":"if","locations":[{"start":{"line":42,"column":2},"end":{"line":44,"column":3}},{"start":{},"end":{}}],"line":42},"3":{"loc":{"start":{"line":48,"column":2},"end":{"line":50,"column":3}},"type":"if","locations":[{"start":{"line":48,"column":2},"end":{"line":50,"column":3}},{"start":{},"end":{}}],"line":48},"4":{"loc":{"start":{"line":58,"column":2},"end":{"line":64,"column":3}},"type":"if","locations":[{"start":{"line":58,"column":2},"end":{"line":64,"column":3}},{"start":{},"end":{}}],"line":58},"5":{"loc":{"start":{"line":66,"column":22},"end":{"line":66,"column":67}},"type":"cond-expr","locations":[{"start":{"line":66,"column":38},"end":{"line":66,"column":63}},{"start":{"line":66,"column":66},"end":{"line":66,"column":67}}],"line":66},"6":{"loc":{"start":{"line":113,"column":2},"end":{"line":119,"column":3}},"type":"if","locations":[{"start":{"line":113,"column":2},"end":{"line":119,"column":3}},{"start":{},"end":{}}],"line":113},"7":{"loc":{"start":{"line":113,"column":6},"end":{"line":113,"column":67}},"type":"binary-expr","locations":[{"start":{"line":113,"column":6},"end":{"line":113,"column":35}},{"start":{"line":113,"column":39},"end":{"line":113,"column":67}}],"line":113},"8":{"loc":{"start":{"line":121,"column":2},"end":{"line":127,"column":3}},"type":"if","locations":[{"start":{"line":121,"column":2},"end":{"line":127,"column":3}},{"start":{},"end":{}}],"line":121},"9":{"loc":{"start":{"line":121,"column":6},"end":{"line":121,"column":67}},"type":"binary-expr","locations":[{"start":{"line":121,"column":6},"end":{"line":121,"column":35}},{"start":{"line":121,"column":39},"end":{"line":121,"column":67}}],"line":121}},"s":{"0":0,"1":0,"2":0,"3":0,"4":0,"5":0,"6":0,"7":0,"8":0,"9":0,"10":0,"11":0,"12":0,"13":0,"14":0,"15":0,"16":0,"17":0,"18":0,"19":0,"20":0,"21":0,"22":0,"23":0,"24":0,"25":0,"26":0,"27":0,"28":0,"29":0,"30":0,"31":0,"32":0,"33":0,"34":0,"35":0,"36":0,"37":0,"38":0,"39":0,"40":0,"41":0,"42":0,"43":0,"44":0,"45":0,"46":0,"47":0,"48":0,"49":0,"50":0,"51":0,"52":0,"53":0,"54":0,"55":0,"56":0,"57":0,"58":0,"59":0,"60":0,"61":0,"62":0,"63":0,"64":0,"65":0,"66":0,"67":0,"68":0,"69":0,"70":0,"71":0,"72":0},"f":{"0":0,"1":0,"2":0,"3":0,"4":0,"5":0,"6":0,"7":0,"8":0,"9":0,"10":0,"11":0,"12":0},"b":{"0":[0,0],"1":[0,0],"2":[0,0],"3":[0,0],"4":[0,0],"5":[0,0],"6":[0,0],"7":[0,0],"8":[0,0],"9":[0,0]}}
,"/opt/git/hugo-chemie-lernen-org/myhugoapp/static/js/calculators/calc-gaslaw.js": {"path":"/opt/git/hugo-chemie-lernen-org/myhugoapp/static/js/calculators/calc-gaslaw.js","statementMap":{"0":{"start":{"line":4,"column":2},"end":{"line":4,"column":52}},"1":{"start":{"line":5,"column":2},"end":{"line":5,"column":61}},"2":{"start":{"line":6,"column":2},"end":{"line":6,"column":55}},"3":{"start":{"line":7,"column":2},"end":{"line":7,"column":57}},"4":{"start":{"line":8,"column":2},"end":{"line":8,"column":50}},"5":{"start":{"line":9,"column":2},"end":{"line":9,"column":59}},"6":{"start":{"line":10,"column":2},"end":{"line":10,"column":55}},"7":{"start":{"line":11,"column":2},"end":{"line":11,"column":62}},"8":{"start":{"line":12,"column":2},"end":{"line":12,"column":67}},"9":{"start":{"line":13,"column":2},"end":{"line":13,"column":64}},"10":{"start":{"line":15,"column":2},"end":{"line":15,"column":31}},"11":{"start":{"line":19,"column":2},"end":{"line":19,"column":52}},"12":{"start":{"line":20,"column":2},"end":{"line":20,"column":61}},"13":{"start":{"line":21,"column":2},"end":{"line":21,"column":55}},"14":{"start":{"line":22,"column":2},"end":{"line":22,"column":57}},"15":{"start":{"line":23,"column":2},"end":{"line":23,"column":50}},"16":{"start":{"line":24,"column":2},"end":{"line":24,"column":59}},"17":{"start":{"line":25,"column":2},"end":{"line":25,"column":56}},"18":{"start":{"line":26,"column":2},"end":{"line":26,"column":62}},"19":{"start":{"line":27,"column":2},"end":{"line":27,"column":67}},"20":{"start":{"line":28,"column":2},"end":{"line":28,"column":64}},"21":{"start":{"line":30,"column":2},"end":{"line":30,"column":31}},"22":{"start":{"line":34,"column":2},"end":{"line":34,"column":54}},"23":{"start":{"line":35,"column":2},"end":{"line":35,"column":61}},"24":{"start":{"line":36,"column":2},"end":{"line":36,"column":51}},"25":{"start":{"line":37,"column":2},"end":{"line":37,"column":57}},"26":{"start":{"line":38,"column":2},"end":{"line":38,"column":56}},"27":{"start":{"line":39,"column":2},"end":{"line":39,"column":62}},"28":{"start":{"line":40,"column":2},"end":{"line":40,"column":67}},"29":{"start":{"line":41,"column":2},"end":{"line":41,"column":64}},"30":{"start":{"line":43,"column":2},"end":{"line":43,"column":31}},"31":{"start":{"line":47,"column":15},"end":{"line":47,"column":75}},"32":{"start":{"line":48,"column":15},"end":{"line":48,"column":68}},"33":{"start":{"line":49,"column":18},"end":{"line":49,"column":57}},"34":{"start":{"line":51,"column":2},"end":{"line":54,"column":3}},"35":{"start":{"line":52,"column":4},"end":{"line":52,"column":30}},"36":{"start":{"line":53,"column":4},"end":{"line":53,"column":11}},"37":{"start":{"line":57,"column":2},"end":{"line":67,"column":3}},"38":{"start":{"line":59,"column":6},"end":{"line":59,"column":20}},"39":{"start":{"line":60,"column":6},"end":{"line":60,"column":12}},"40":{"start":{"line":62,"column":6},"end":{"line":62,"column":29}},"41":{"start":{"line":63,"column":6},"end":{"line":63,"column":12}},"42":{"start":{"line":65,"column":6},"end":{"line":65,"column":42}},"43":{"start":{"line":66,"column":6},"end":{"line":66,"column":12}},"44":{"start":{"line":69,"column":2},"end":{"line":69,"column":42}},"45":{"start":{"line":73,"column":19},"end":{"line":73,"column":74}},"46":{"start":{"line":74,"column":24},"end":{"line":74,"column":63}},"47":{"start":{"line":75,"column":22},"end":{"line":75,"column":59}},"48":{"start":{"line":76,"column":22},"end":{"line":76,"column":59}},"49":{"start":{"line":77,"column":27},"end":{"line":77,"column":69}},"50":{"start":{"line":79,"column":2},"end":{"line":79,"column":33}},"51":{"start":{"line":80,"column":2},"end":{"line":80,"column":31}},"52":{"start":{"line":81,"column":2},"end":{"line":81,"column":31}},"53":{"start":{"line":82,"column":2},"end":{"line":82,"column":36}},"54":{"start":{"line":84,"column":2},"end":{"line":113,"column":3}},"55":{"start":{"line":86,"column":6},"end":{"line":86,"column":36}},"56":{"start":{"line":87,"column":6},"end":{"line":87,"column":54}},"57":{"start":{"line":88,"column":6},"end":{"line":88,"column":44}},"58":{"start":{"line":89,"column":6},"end":{"line":89,"column":41}},"59":{"start":{"line":90,"column":6},"end":{"line":90,"column":51}},"60":{"start":{"line":91,"column":6},"end":{"line":91,"column":12}},"61":{"start":{"line":93,"column":6},"end":{"line":93,"column":34}},"62":{"start":{"line":94,"column":6},"end":{"line":94,"column":52}},"63":{"start":{"line":95,"column":6},"end":{"line":95,"column":43}},"64":{"start":{"line":96,"column":6},"end":{"line":96,"column":41}},"65":{"start":{"line":97,"column":6},"end":{"line":97,"column":51}},"66":{"start":{"line":98,"column":6},"end":{"line":98,"column":12}},"67":{"start":{"line":100,"column":6},"end":{"line":100,"column":34}},"68":{"start":{"line":101,"column":6},"end":{"line":101,"column":52}},"69":{"start":{"line":102,"column":6},"end":{"line":102,"column":43}},"70":{"start":{"line":103,"column":6},"end":{"line":103,"column":44}},"71":{"start":{"line":104,"column":6},"end":{"line":104,"column":51}},"72":{"start":{"line":105,"column":6},"end":{"line":105,"column":12}},"73":{"start":{"line":107,"column":6},"end":{"line":107,"column":39}},"74":{"start":{"line":108,"column":6},"end":{"line":108,"column":57}},"75":{"start":{"line":109,"column":6},"end":{"line":109,"column":43}},"76":{"start":{"line":110,"column":6},"end":{"line":110,"column":44}},"77":{"start":{"line":111,"column":6},"end":{"line":111,"column":41}},"78":{"start":{"line":112,"column":6},"end":{"line":112,"column":12}},"79":{"start":{"line":115,"column":2},"end":{"line":115,"column":51}},"80":{"start":{"line":115,"column":25},"end":{"line":115,"column":50}},"81":{"start":{"line":116,"column":2},"end":{"line":116,"column":49}},"82":{"start":{"line":116,"column":25},"end":{"line":116,"column":48}},"83":{"start":{"line":117,"column":2},"end":{"line":117,"column":49}},"84":{"start":{"line":117,"column":25},"end":{"line":117,"column":48}},"85":{"start":{"line":118,"column":2},"end":{"line":118,"column":54}},"86":{"start":{"line":118,"column":25},"end":{"line":118,"column":53}},"87":{"start":{"line":122,"column":2},"end":{"line":130,"column":3}},"88":{"start":{"line":123,"column":16},"end":{"line":123,"column":32}},"89":{"start":{"line":124,"column":16},"end":{"line":124,"column":43}},"90":{"start":{"line":125,"column":15},"end":{"line":125,"column":40}},"91":{"start":{"line":126,"column":16},"end":{"line":126,"column":42}},"92":{"start":{"line":127,"column":17},"end":{"line":127,"column":39}},"93":{"start":{"line":128,"column":17},"end":{"line":128,"column":39}},"94":{"start":{"line":129,"column":13},"end":{"line":129,"column":29}},"95":{"start":{"line":134,"column":2},"end":{"line":140,"column":3}},"96":{"start":{"line":135,"column":14},"end":{"line":135,"column":28}},"97":{"start":{"line":136,"column":15},"end":{"line":136,"column":36}},"98":{"start":{"line":137,"column":15},"end":{"line":137,"column":36}},"99":{"start":{"line":138,"column":16},"end":{"line":138,"column":37}},"100":{"start":{"line":139,"column":13},"end":{"line":139,"column":27}},"101":{"start":{"line":144,"column":2},"end":{"line":148,"column":3}},"102":{"start":{"line":145,"column":16},"end":{"line":145,"column":30}},"103":{"start":{"line":146,"column":17},"end":{"line":146,"column":38}},"104":{"start":{"line":147,"column":13},"end":{"line":147,"column":27}},"105":{"start":{"line":152,"column":2},"end":{"line":157,"column":3}},"106":{"start":{"line":153,"column":14},"end":{"line":153,"column":26}},"107":{"start":{"line":154,"column":14},"end":{"line":154,"column":35}},"108":{"start":{"line":155,"column":14},"end":{"line":155,"column":48}},"109":{"start":{"line":156,"column":13},"end":{"line":156,"column":25}},"110":{"start":{"line":161,"column":28},"end":{"line":161,"column":83}},"111":{"start":{"line":162,"column":12},"end":{"line":162,"column":76}},"112":{"start":{"line":164,"column":24},"end":{"line":164,"column":81}},"113":{"start":{"line":165,"column":23},"end":{"line":165,"column":73}},"114":{"start":{"line":166,"column":22},"end":{"line":166,"column":77}},"115":{"start":{"line":167,"column":21},"end":{"line":167,"column":69}},"116":{"start":{"line":168,"column":22},"end":{"line":168,"column":77}},"117":{"start":{"line":169,"column":21},"end":{"line":169,"column":69}},"118":{"start":{"line":170,"column":27},"end":{"line":170,"column":87}},"119":{"start":{"line":171,"column":26},"end":{"line":171,"column":79}},"120":{"start":{"line":175,"column":2},"end":{"line":220,"column":3}},"121":{"start":{"line":176,"column":4},"end":{"line":176,"column":97}},"122":{"start":{"line":177,"column":4},"end":{"line":177,"column":92}},"123":{"start":{"line":178,"column":4},"end":{"line":178,"column":93}},"124":{"start":{"line":179,"column":4},"end":{"line":179,"column":96}},"125":{"start":{"line":181,"column":4},"end":{"line":183,"column":5}},"126":{"start":{"line":182,"column":6},"end":{"line":182,"column":51}},"127":{"start":{"line":184,"column":4},"end":{"line":186,"column":5}},"128":{"start":{"line":185,"column":6},"end":{"line":185,"column":53}},"129":{"start":{"line":187,"column":4},"end":{"line":189,"column":5}},"130":{"start":{"line":188,"column":6},"end":{"line":188,"column":51}},"131":{"start":{"line":190,"column":4},"end":{"line":192,"column":5}},"132":{"start":{"line":191,"column":6},"end":{"line":191,"column":69}},"133":{"start":{"line":197,"column":4},"end":{"line":214,"column":5}},"134":{"start":{"line":199,"column":8},"end":{"line":199,"column":43}},"135":{"start":{"line":200,"column":8},"end":{"line":200,"column":27}},"136":{"start":{"line":201,"column":8},"end":{"line":201,"column":14}},"137":{"start":{"line":203,"column":8},"end":{"line":203,"column":41}},"138":{"start":{"line":204,"column":8},"end":{"line":204,"column":34}},"139":{"start":{"line":205,"column":8},"end":{"line":205,"column":14}},"140":{"start":{"line":207,"column":8},"end":{"line":207,"column":43}},"141":{"start":{"line":208,"column":8},"end":{"line":208,"column":32}},"142":{"start":{"line":209,"column":8},"end":{"line":209,"column":14}},"143":{"start":{"line":211,"column":8},"end":{"line":211,"column":45}},"144":{"start":{"line":212,"column":8},"end":{"line":212,"column":25}},"145":{"start":{"line":213,"column":8},"end":{"line":213,"column":14}},"146":{"start":{"line":216,"column":4},"end":{"line":216,"column":87}},"147":{"start":{"line":219,"column":4},"end":{"line":219,"column":38}},"148":{"start":{"line":224,"column":20},"end":{"line":224,"column":57}},"149":{"start":{"line":225,"column":21},"end":{"line":225,"column":66}},"150":{"start":{"line":227,"column":24},"end":{"line":232,"column":3}},"151":{"start":{"line":234,"column":13},"end":{"line":234,"column":82}},"152":{"start":{"line":236,"column":2},"end":{"line":236,"column":123}},"153":{"start":{"line":237,"column":2},"end":{"line":237,"column":78}},"154":{"start":{"line":238,"column":2},"end":{"line":238,"column":88}},"155":{"start":{"line":240,"column":20},"end":{"line":240,"column":22}},"156":{"start":{"line":241,"column":2},"end":{"line":254,"column":3}},"157":{"start":{"line":243,"column":6},"end":{"line":243,"column":137}},"158":{"start":{"line":244,"column":6},"end":{"line":244,"column":12}},"159":{"start":{"line":246,"column":6},"end":{"line":246,"column":130}},"160":{"start":{"line":247,"column":6},"end":{"line":247,"column":12}},"161":{"start":{"line":249,"column":6},"end":{"line":249,"column":130}},"162":{"start":{"line":250,"column":6},"end":{"line":250,"column":12}},"163":{"start":{"line":252,"column":6},"end":{"line":252,"column":137}},"164":{"start":{"line":253,"column":6},"end":{"line":253,"column":12}},"165":{"start":{"line":255,"column":2},"end":{"line":255,"column":80}},"166":{"start":{"line":256,"column":2},"end":{"line":256,"column":19}},"167":{"start":{"line":258,"column":2},"end":{"line":258,"column":47}},"168":{"start":{"line":259,"column":2},"end":{"line":259,"column":37}},"169":{"start":{"line":260,"column":2},"end":{"line":260,"column":76}},"170":{"start":{"line":261,"column":2},"end":{"line":261,"column":114}},"171":{"start":{"line":261,"column":25},"end":{"line":261,"column":113}},"172":{"start":{"line":262,"column":2},"end":{"line":262,"column":114}},"173":{"start":{"line":262,"column":25},"end":{"line":262,"column":113}},"174":{"start":{"line":263,"column":2},"end":{"line":263,"column":119}},"175":{"start":{"line":263,"column":25},"end":{"line":263,"column":118}},"176":{"start":{"line":264,"column":2},"end":{"line":264,"column":166}},"177":{"start":{"line":264,"column":25},"end":{"line":264,"column":165}},"178":{"start":{"line":265,"column":2},"end":{"line":265,"column":106}},"179":{"start":{"line":266,"column":2},"end":{"line":266,"column":21}},"180":{"start":{"line":267,"column":2},"end":{"line":267,"column":19}},"181":{"start":{"line":269,"column":2},"end":{"line":269,"column":158}},"182":{"start":{"line":270,"column":2},"end":{"line":270,"column":76}},"183":{"start":{"line":271,"column":2},"end":{"line":271,"column":102}},"184":{"start":{"line":273,"column":2},"end":{"line":275,"column":3}},"185":{"start":{"line":274,"column":4},"end":{"line":274,"column":100}},"186":{"start":{"line":277,"column":2},"end":{"line":277,"column":62}},"187":{"start":{"line":278,"column":2},"end":{"line":283,"column":3}},"188":{"start":{"line":279,"column":24},"end":{"line":279,"column":34}},"189":{"start":{"line":280,"column":4},"end":{"line":280,"column":92}},"190":{"start":{"line":281,"column":24},"end":{"line":281,"column":38}},"191":{"start":{"line":282,"column":4},"end":{"line":282,"column":91}},"192":{"start":{"line":284,"column":2},"end":{"line":287,"column":3}},"193":{"start":{"line":285,"column":25},"end":{"line":285,"column":35}},"194":{"start":{"line":286,"column":4},"end":{"line":286,"column":93}},"195":{"start":{"line":288,"column":2},"end":{"line":288,"column":19}},"196":{"start":{"line":289,"column":2},"end":{"line":289,"column":19}},"197":{"start":{"line":291,"column":2},"end":{"line":291,"column":19}},"198":{"start":{"line":293,"column":2},"end":{"line":293,"column":30}},"199":{"start":{"line":294,"column":2},"end":{"line":294,"column":36}},"200":{"start":{"line":296,"column":22},"end":{"line":296,"column":85}},"201":{"start":{"line":297,"column":2},"end":{"line":297,"column":51}},"202":{"start":{"line":301,"column":2},"end":{"line":301,"column":25}},"203":{"start":{"line":305,"column":16},"end":{"line":305,"column":28}},"204":{"start":{"line":306,"column":14},"end":{"line":306,"column":25}},"205":{"start":{"line":308,"column":2},"end":{"line":308,"column":22}},"206":{"start":{"line":309,"column":2},"end":{"line":309,"column":34}},"207":{"start":{"line":310,"column":2},"end":{"line":310,"column":71}},"208":{"start":{"line":312,"column":2},"end":{"line":312,"column":22}},"209":{"start":{"line":313,"column":2},"end":{"line":313,"column":28}},"210":{"start":{"line":314,"column":2},"end":{"line":314,"column":71}},"211":{"start":{"line":316,"column":2},"end":{"line":316,"column":34}},"212":{"start":{"line":317,"column":2},"end":{"line":317,"column":28}},"213":{"start":{"line":319,"column":10},"end":{"line":319,"column":12}},"214":{"start":{"line":321,"column":28},"end":{"line":321,"column":83}},"215":{"start":{"line":322,"column":12},"end":{"line":322,"column":64}},"216":{"start":{"line":323,"column":19},"end":{"line":323,"column":64}},"217":{"start":{"line":324,"column":23},"end":{"line":324,"column":73}},"218":{"start":{"line":325,"column":17},"end":{"line":325,"column":60}},"219":{"start":{"line":326,"column":21},"end":{"line":326,"column":69}},"220":{"start":{"line":327,"column":17},"end":{"line":327,"column":60}},"221":{"start":{"line":328,"column":21},"end":{"line":328,"column":69}},"222":{"start":{"line":329,"column":22},"end":{"line":329,"column":70}},"223":{"start":{"line":330,"column":26},"end":{"line":330,"column":79}},"224":{"start":{"line":332,"column":2},"end":{"line":332,"column":22}},"225":{"start":{"line":333,"column":2},"end":{"line":333,"column":28}},"226":{"start":{"line":334,"column":2},"end":{"line":334,"column":54}},"227":{"start":{"line":335,"column":2},"end":{"line":335,"column":10}},"228":{"start":{"line":337,"column":2},"end":{"line":337,"column":22}},"229":{"start":{"line":338,"column":2},"end":{"line":338,"column":35}},"230":{"start":{"line":338,"column":36},"end":{"line":338,"column":44}},"231":{"start":{"line":340,"column":2},"end":{"line":340,"column":102}},"232":{"start":{"line":340,"column":34},"end":{"line":340,"column":93}},"233":{"start":{"line":340,"column":94},"end":{"line":340,"column":101}},"234":{"start":{"line":341,"column":2},"end":{"line":341,"column":100}},"235":{"start":{"line":341,"column":34},"end":{"line":341,"column":91}},"236":{"start":{"line":341,"column":92},"end":{"line":341,"column":99}},"237":{"start":{"line":342,"column":2},"end":{"line":342,"column":103}},"238":{"start":{"line":342,"column":34},"end":{"line":342,"column":94}},"239":{"start":{"line":342,"column":95},"end":{"line":342,"column":102}},"240":{"start":{"line":343,"column":2},"end":{"line":343,"column":113}},"241":{"start":{"line":343,"column":34},"end":{"line":343,"column":104}},"242":{"start":{"line":343,"column":105},"end":{"line":343,"column":112}},"243":{"start":{"line":344,"column":2},"end":{"line":344,"column":44}},"244":{"start":{"line":344,"column":45},"end":{"line":344,"column":53}},"245":{"start":{"line":346,"column":2},"end":{"line":346,"column":22}},"246":{"start":{"line":347,"column":2},"end":{"line":347,"column":32}},"247":{"start":{"line":348,"column":2},"end":{"line":348,"column":38}},"248":{"start":{"line":348,"column":39},"end":{"line":348,"column":47}},"249":{"start":{"line":350,"column":2},"end":{"line":350,"column":22}},"250":{"start":{"line":351,"column":2},"end":{"line":351,"column":34}},"251":{"start":{"line":352,"column":2},"end":{"line":352,"column":72}},"252":{"start":{"line":353,"column":2},"end":{"line":353,"column":63}},"253":{"start":{"line":355,"column":2},"end":{"line":355,"column":73}},"254":{"start":{"line":358,"column":0},"end":{"line":367,"column":3}},"255":{"start":{"line":359,"column":2},"end":{"line":359,"column":20}},"256":{"start":{"line":360,"column":20},"end":{"line":360,"column":62}},"257":{"start":{"line":361,"column":19},"end":{"line":361,"column":66}},"258":{"start":{"line":363,"column":2},"end":{"line":366,"column":3}},"259":{"start":{"line":364,"column":4},"end":{"line":364,"column":68}},"260":{"start":{"line":365,"column":4},"end":{"line":365,"column":68}},"261":{"start":{"line":369,"column":0},"end":{"line":377,"column":1}},"262":{"start":{"line":370,"column":2},"end":{"line":376,"column":4}},"263":{"start":{"line":380,"column":0},"end":{"line":388,"column":1}},"264":{"start":{"line":381,"column":2},"end":{"line":387,"column":4}}},"fnMap":{"0":{"name":"loadSTP","decl":{"start":{"line":3,"column":9},"end":{"line":3,"column":16}},"loc":{"start":{"line":3,"column":19},"end":{"line":16,"column":1}},"line":3},"1":{"name":"loadSATP","decl":{"start":{"line":18,"column":9},"end":{"line":18,"column":17}},"loc":{"start":{"line":18,"column":20},"end":{"line":31,"column":1}},"line":18},"2":{"name":"loadGasExample","decl":{"start":{"line":33,"column":9},"end":{"line":33,"column":23}},"loc":{"start":{"line":33,"column":26},"end":{"line":44,"column":1}},"line":33},"3":{"name":"convertTemperatureToKelvin","decl":{"start":{"line":46,"column":9},"end":{"line":46,"column":35}},"loc":{"start":{"line":46,"column":38},"end":{"line":70,"column":1}},"line":46},"4":{"name":"updateGasInputs","decl":{"start":{"line":72,"column":9},"end":{"line":72,"column":24}},"loc":{"start":{"line":72,"column":27},"end":{"line":119,"column":1}},"line":72},"5":{"name":"convertPressureToAtm","decl":{"start":{"line":121,"column":9},"end":{"line":121,"column":29}},"loc":{"start":{"line":121,"column":46},"end":{"line":131,"column":1}},"line":121},"6":{"name":"convertVolumeToLiters","decl":{"start":{"line":133,"column":9},"end":{"line":133,"column":30}},"loc":{"start":{"line":133,"column":45},"end":{"line":141,"column":1}},"line":133},"7":{"name":"convertAmountToMoles","decl":{"start":{"line":143,"column":9},"end":{"line":143,"column":29}},"loc":{"start":{"line":143,"column":44},"end":{"line":149,"column":1}},"line":143},"8":{"name":"convertToKelvin","decl":{"start":{"line":151,"column":9},"end":{"line":151,"column":24}},"loc":{"start":{"line":151,"column":37},"end":{"line":158,"column":1}},"line":151},"9":{"name":"calculateGasLaw","decl":{"start":{"line":160,"column":9},"end":{"line":160,"column":24}},"loc":{"start":{"line":160,"column":27},"end":{"line":221,"column":1}},"line":160},"10":{"name":"displayGasResult","decl":{"start":{"line":223,"column":9},"end":{"line":223,"column":25}},"loc":{"start":{"line":223,"column":65},"end":{"line":298,"column":1}},"line":223},"11":{"name":"convertFromKelvin","decl":{"start":{"line":300,"column":9},"end":{"line":300,"column":26}},"loc":{"start":{"line":300,"column":35},"end":{"line":302,"column":1}},"line":300},"12":{"name":"exportGasToPDF","decl":{"start":{"line":304,"column":9},"end":{"line":304,"column":23}},"loc":{"start":{"line":304,"column":26},"end":{"line":356,"column":1}},"line":304},"13":{"name":"(anonymous_13)","decl":{"start":{"line":358,"column":46},"end":{"line":358,"column":47}},"loc":{"start":{"line":358,"column":52},"end":{"line":367,"column":1}},"line":358}},"branchMap":{"0":{"loc":{"start":{"line":51,"column":2},"end":{"line":54,"column":3}},"type":"if","locations":[{"start":{"line":51,"column":2},"end":{"line":54,"column":3}},{"start":{},"end":{}}],"line":51},"1":{"loc":{"start":{"line":57,"column":2},"end":{"line":67,"column":3}},"type":"switch","locations":[{"start":{"line":58,"column":4},"end":{"line":60,"column":12}},{"start":{"line":61,"column":4},"end":{"line":63,"column":12}},{"start":{"line":64,"column":4},"end":{"line":66,"column":12}}],"line":57},"2":{"loc":{"start":{"line":84,"column":2},"end":{"line":113,"column":3}},"type":"switch","locations":[{"start":{"line":85,"column":4},"end":{"line":91,"column":12}},{"start":{"line":92,"column":4},"end":{"line":98,"column":12}},{"start":{"line":99,"column":4},"end":{"line":105,"column":12}},{"start":{"line":106,"column":4},"end":{"line":112,"column":12}}],"line":84},"3":{"loc":{"start":{"line":115,"column":2},"end":{"line":115,"column":51}},"type":"if","locations":[{"start":{"line":115,"column":2},"end":{"line":115,"column":51}},{"start":{},"end":{}}],"line":115},"4":{"loc":{"start":{"line":116,"column":2},"end":{"line":116,"column":49}},"type":"if","locations":[{"start":{"line":116,"column":2},"end":{"line":116,"column":49}},{"start":{},"end":{}}],"line":116},"5":{"loc":{"start":{"line":117,"column":2},"end":{"line":117,"column":49}},"type":"if","locations":[{"start":{"line":117,"column":2},"end":{"line":117,"column":49}},{"start":{},"end":{}}],"line":117},"6":{"loc":{"start":{"line":118,"column":2},"end":{"line":118,"column":54}},"type":"if","locations":[{"start":{"line":118,"column":2},"end":{"line":118,"column":54}},{"start":{},"end":{}}],"line":118},"7":{"loc":{"start":{"line":122,"column":2},"end":{"line":130,"column":3}},"type":"switch","locations":[{"start":{"line":123,"column":4},"end":{"line":123,"column":32}},{"start":{"line":124,"column":4},"end":{"line":124,"column":43}},{"start":{"line":125,"column":4},"end":{"line":125,"column":40}},{"start":{"line":126,"column":4},"end":{"line":126,"column":42}},{"start":{"line":127,"column":4},"end":{"line":127,"column":39}},{"start":{"line":128,"column":4},"end":{"line":128,"column":39}},{"start":{"line":129,"column":4},"end":{"line":129,"column":29}}],"line":122},"8":{"loc":{"start":{"line":134,"column":2},"end":{"line":140,"column":3}},"type":"switch","locations":[{"start":{"line":135,"column":4},"end":{"line":135,"column":28}},{"start":{"line":136,"column":4},"end":{"line":136,"column":36}},{"start":{"line":137,"column":4},"end":{"line":137,"column":36}},{"start":{"line":138,"column":4},"end":{"line":138,"column":37}},{"start":{"line":139,"column":4},"end":{"line":139,"column":27}}],"line":134},"9":{"loc":{"start":{"line":144,"column":2},"end":{"line":148,"column":3}},"type":"switch","locations":[{"start":{"line":145,"column":4},"end":{"line":145,"column":30}},{"start":{"line":146,"column":4},"end":{"line":146,"column":38}},{"start":{"line":147,"column":4},"end":{"line":147,"column":27}}],"line":144},"10":{"loc":{"start":{"line":152,"column":2},"end":{"line":157,"column":3}},"type":"switch","locations":[{"start":{"line":153,"column":4},"end":{"line":153,"column":26}},{"start":{"line":154,"column":4},"end":{"line":154,"column":35}},{"start":{"line":155,"column":4},"end":{"line":155,"column":48}},{"start":{"line":156,"column":4},"end":{"line":156,"column":25}}],"line":152},"11":{"loc":{"start":{"line":176,"column":12},"end":{"line":176,"column":96}},"type":"cond-expr","locations":[{"start":{"line":176,"column":40},"end":{"line":176,"column":89}},{"start":{"line":176,"column":92},"end":{"line":176,"column":96}}],"line":176},"12":{"loc":{"start":{"line":177,"column":10},"end":{"line":177,"column":91}},"type":"cond-expr","locations":[{"start":{"line":177,"column":38},"end":{"line":177,"column":84}},{"start":{"line":177,"column":87},"end":{"line":177,"column":91}}],"line":177},"13":{"loc":{"start":{"line":178,"column":12},"end":{"line":178,"column":92}},"type":"cond-expr","locations":[{"start":{"line":178,"column":40},"end":{"line":178,"column":85}},{"start":{"line":178,"column":88},"end":{"line":178,"column":92}}],"line":178},"14":{"loc":{"start":{"line":179,"column":10},"end":{"line":179,"column":95}},"type":"cond-expr","locations":[{"start":{"line":179,"column":38},"end":{"line":179,"column":88}},{"start":{"line":179,"column":91},"end":{"line":179,"column":95}}],"line":179},"15":{"loc":{"start":{"line":181,"column":4},"end":{"line":183,"column":5}},"type":"if","locations":[{"start":{"line":181,"column":4},"end":{"line":183,"column":5}},{"start":{},"end":{}}],"line":181},"16":{"loc":{"start":{"line":181,"column":8},"end":{"line":181,"column":65}},"type":"binary-expr","locations":[{"start":{"line":181,"column":8},"end":{"line":181,"column":33}},{"start":{"line":181,"column":38},"end":{"line":181,"column":50}},{"start":{"line":181,"column":54},"end":{"line":181,"column":64}}],"line":181},"17":{"loc":{"start":{"line":184,"column":4},"end":{"line":186,"column":5}},"type":"if","locations":[{"start":{"line":184,"column":4},"end":{"line":186,"column":5}},{"start":{},"end":{}}],"line":184},"18":{"loc":{"start":{"line":184,"column":8},"end":{"line":184,"column":61}},"type":"binary-expr","locations":[{"start":{"line":184,"column":8},"end":{"line":184,"column":33}},{"start":{"line":184,"column":38},"end":{"line":184,"column":48}},{"start":{"line":184,"column":52},"end":{"line":184,"column":60}}],"line":184},"19":{"loc":{"start":{"line":187,"column":4},"end":{"line":189,"column":5}},"type":"if","locations":[{"start":{"line":187,"column":4},"end":{"line":189,"column":5}},{"start":{},"end":{}}],"line":187},"20":{"loc":{"start":{"line":187,"column":8},"end":{"line":187,"column":65}},"type":"binary-expr","locations":[{"start":{"line":187,"column":8},"end":{"line":187,"column":33}},{"start":{"line":187,"column":38},"end":{"line":187,"column":50}},{"start":{"line":187,"column":54},"end":{"line":187,"column":64}}],"line":187},"21":{"loc":{"start":{"line":190,"column":4},"end":{"line":192,"column":5}},"type":"if","locations":[{"start":{"line":190,"column":4},"end":{"line":192,"column":5}},{"start":{},"end":{}}],"line":190},"22":{"loc":{"start":{"line":190,"column":8},"end":{"line":190,"column":61}},"type":"binary-expr","locations":[{"start":{"line":190,"column":8},"end":{"line":190,"column":33}},{"start":{"line":190,"column":38},"end":{"line":190,"column":48}},{"start":{"line":190,"column":52},"end":{"line":190,"column":60}}],"line":190},"23":{"loc":{"start":{"line":197,"column":4},"end":{"line":214,"column":5}},"type":"switch","locations":[{"start":{"line":198,"column":6},"end":{"line":201,"column":14}},{"start":{"line":202,"column":6},"end":{"line":205,"column":14}},{"start":{"line":206,"column":6},"end":{"line":209,"column":14}},{"start":{"line":210,"column":6},"end":{"line":213,"column":14}}],"line":197},"24":{"loc":{"start":{"line":241,"column":2},"end":{"line":254,"column":3}},"type":"switch","locations":[{"start":{"line":242,"column":4},"end":{"line":244,"column":12}},{"start":{"line":245,"column":4},"end":{"line":247,"column":12}},{"start":{"line":248,"column":4},"end":{"line":250,"column":12}},{"start":{"line":251,"column":4},"end":{"line":253,"column":12}}],"line":241},"25":{"loc":{"start":{"line":261,"column":2},"end":{"line":261,"column":114}},"type":"if","locations":[{"start":{"line":261,"column":2},"end":{"line":261,"column":114}},{"start":{},"end":{}}],"line":261},"26":{"loc":{"start":{"line":262,"column":2},"end":{"line":262,"column":114}},"type":"if","locations":[{"start":{"line":262,"column":2},"end":{"line":262,"column":114}},{"start":{},"end":{}}],"line":262},"27":{"loc":{"start":{"line":263,"column":2},"end":{"line":263,"column":119}},"type":"if","locations":[{"start":{"line":263,"column":2},"end":{"line":263,"column":119}},{"start":{},"end":{}}],"line":263},"28":{"loc":{"start":{"line":264,"column":2},"end":{"line":264,"column":166}},"type":"if","locations":[{"start":{"line":264,"column":2},"end":{"line":264,"column":166}},{"start":{},"end":{}}],"line":264},"29":{"loc":{"start":{"line":273,"column":2},"end":{"line":275,"column":3}},"type":"if","locations":[{"start":{"line":273,"column":2},"end":{"line":275,"column":3}},{"start":{},"end":{}}],"line":273},"30":{"loc":{"start":{"line":278,"column":2},"end":{"line":283,"column":3}},"type":"if","locations":[{"start":{"line":278,"column":2},"end":{"line":283,"column":3}},{"start":{},"end":{}}],"line":278},"31":{"loc":{"start":{"line":284,"column":2},"end":{"line":287,"column":3}},"type":"if","locations":[{"start":{"line":284,"column":2},"end":{"line":287,"column":3}},{"start":{},"end":{}}],"line":284},"32":{"loc":{"start":{"line":284,"column":6},"end":{"line":284,"column":31}},"type":"binary-expr","locations":[{"start":{"line":284,"column":6},"end":{"line":284,"column":22}},{"start":{"line":284,"column":26},"end":{"line":284,"column":31}}],"line":284},"33":{"loc":{"start":{"line":340,"column":2},"end":{"line":340,"column":102}},"type":"if","locations":[{"start":{"line":340,"column":2},"end":{"line":340,"column":102}},{"start":{},"end":{}}],"line":340},"34":{"loc":{"start":{"line":341,"column":2},"end":{"line":341,"column":100}},"type":"if","locations":[{"start":{"line":341,"column":2},"end":{"line":341,"column":100}},{"start":{},"end":{}}],"line":341},"35":{"loc":{"start":{"line":342,"column":2},"end":{"line":342,"column":103}},"type":"if","locations":[{"start":{"line":342,"column":2},"end":{"line":342,"column":103}},{"start":{},"end":{}}],"line":342},"36":{"loc":{"start":{"line":343,"column":2},"end":{"line":343,"column":113}},"type":"if","locations":[{"start":{"line":343,"column":2},"end":{"line":343,"column":113}},{"start":{},"end":{}}],"line":343},"37":{"loc":{"start":{"line":363,"column":2},"end":{"line":366,"column":3}},"type":"if","locations":[{"start":{"line":363,"column":2},"end":{"line":366,"column":3}},{"start":{},"end":{}}],"line":363},"38":{"loc":{"start":{"line":363,"column":6},"end":{"line":363,"column":27}},"type":"binary-expr","locations":[{"start":{"line":363,"column":6},"end":{"line":363,"column":15}},{"start":{"line":363,"column":19},"end":{"line":363,"column":27}}],"line":363},"39":{"loc":{"start":{"line":369,"column":0},"end":{"line":377,"column":1}},"type":"if","locations":[{"start":{"line":369,"column":0},"end":{"line":377,"column":1}},{"start":{},"end":{}}],"line":369},"40":{"loc":{"start":{"line":369,"column":4},"end":{"line":369,"column":51}},"type":"binary-expr","locations":[{"start":{"line":369,"column":4},"end":{"line":369,"column":33}},{"start":{"line":369,"column":37},"end":{"line":369,"column":51}}],"line":369},"41":{"loc":{"start":{"line":380,"column":0},"end":{"line":388,"column":1}},"type":"if","locations":[{"start":{"line":380,"column":0},"end":{"line":388,"column":1}},{"start":{},"end":{}}],"line":380},"42":{"loc":{"start":{"line":380,"column":4},"end":{"line":380,"column":51}},"type":"binary-e
[...]
":{"start":{"line":245,"column":30},"end":{"line":245,"column":41}},"line":245},"46":{"name":"(anonymous_46)","decl":{"start":{"line":252,"column":2},"end":{"line":252,"column":3}},"loc":{"start":{"line":252,"column":24},"end":{"line":259,"column":3}},"line":252},"47":{"name":"(anonymous_47)","decl":{"start":{"line":255,"column":19},"end":{"line":255,"column":20}},"loc":{"start":{"line":255,"column":29},"end":{"line":258,"column":5}},"line":255},"48":{"name":"(anonymous_48)","decl":{"start":{"line":261,"column":2},"end":{"line":261,"column":3}},"loc":{"start":{"line":261,"column":14},"end":{"line":265,"column":3}},"line":261}},"branchMap":{"0":{"loc":{"start":{"line":15,"column":4},"end":{"line":15,"column":32}},"type":"if","locations":[{"start":{"line":15,"column":4},"end":{"line":15,"column":32}},{"start":{},"end":{}}],"line":15},"1":{"loc":{"start":{"line":20,"column":8},"end":{"line":22,"column":9}},"type":"if","locations":[{"start":{"line":20,"column":8},"end":{"line":22,"column":9}},{"start":{},"end":{}}],"line":20},"2":{"loc":{"start":{"line":23,"column":8},"end":{"line":25,"column":9}},"type":"if","locations":[{"start":{"line":23,"column":8},"end":{"line":25,"column":9}},{"start":{},"end":{}}],"line":23},"3":{"loc":{"start":{"line":26,"column":8},"end":{"line":28,"column":9}},"type":"if","locations":[{"start":{"line":26,"column":8},"end":{"line":28,"column":9}},{"start":{},"end":{}}],"line":26},"4":{"loc":{"start":{"line":58,"column":8},"end":{"line":64,"column":9}},"type":"if","locations":[{"start":{"line":58,"column":8},"end":{"line":64,"column":9}},{"start":{},"end":{}}],"line":58},"5":{"loc":{"start":{"line":59,"column":26},"end":{"line":59,"column":43}},"type":"binary-expr","locations":[{"start":{"line":59,"column":26},"end":{"line":59,"column":38}},{"start":{"line":59,"column":42},"end":{"line":59,"column":43}}],"line":59},"6":{"loc":{"start":{"line":60,"column":24},"end":{"line":60,"column":39}},"type":"binary-expr","locations":[{"start":{"line":60,"column":24},"end":{"line":60,"column":34}},{"start":{"line":60,"column":38},"end":{"line":60,"column":39}}],"line":60},"7":{"loc":{"start":{"line":79,"column":40},"end":{"line":79,"column":62}},"type":"binary-expr","locations":[{"start":{"line":79,"column":40},"end":{"line":79,"column":54}},{"start":{"line":79,"column":58},"end":{"line":79,"column":62}}],"line":79},"8":{"loc":{"start":{"line":96,"column":8},"end":{"line":103,"column":9}},"type":"if","locations":[{"start":{"line":96,"column":8},"end":{"line":103,"column":9}},{"start":{"line":101,"column":15},"end":{"line":103,"column":9}}],"line":96},"9":{"loc":{"start":{"line":97,"column":10},"end":{"line":99,"column":11}},"type":"if","locations":[{"start":{"line":97,"column":10},"end":{"line":99,"column":11}},{"start":{},"end":{}}],"line":97},"10":{"loc":{"start":{"line":119,"column":40},"end":{"line":119,"column":60}},"type":"binary-expr","locations":[{"start":{"line":119,"column":40},"end":{"line":119,"column":54}},{"start":{"line":119,"column":58},"end":{"line":119,"column":60}}],"line":119},"11":{"loc":{"start":{"line":131,"column":6},"end":{"line":133,"column":7}},"type":"if","locations":[{"start":{"line":131,"column":6},"end":{"line":133,"column":7}},{"start":{},"end":{}}],"line":131},"12":{"loc":{"start":{"line":134,"column":35},"end":{"line":134,"column":51}},"type":"binary-expr","locations":[{"start":{"line":134,"column":35},"end":{"line":134,"column":46}},{"start":{"line":134,"column":50},"end":{"line":134,"column":51}}],"line":134},"13":{"loc":{"start":{"line":135,"column":37},"end":{"line":135,"column":55}},"type":"binary-expr","locations":[{"start":{"line":135,"column":37},"end":{"line":135,"column":50}},{"start":{"line":135,"column":54},"end":{"line":135,"column":55}}],"line":135},"14":{"loc":{"start":{"line":136,"column":6},"end":{"line":138,"column":7}},"type":"if","locations":[{"start":{"line":136,"column":6},"end":{"line":138,"column":7}},{"start":{},"end":{}}],"line":136},"15":{"loc":{"start":{"line":154,"column":25},"end":{"line":154,"column":79}},"type":"binary-expr","locations":[{"start":{"line":154,"column":25},"end":{"line":154,"column":39}},{"start":{"line":154,"column":43},"end":{"line":154,"column":79}}],"line":154},"16":{"loc":{"start":{"line":155,"column":26},"end":{"line":155,"column":45}},"type":"binary-expr","locations":[{"start":{"line":155,"column":26},"end":{"line":155,"column":40}},{"start":{"line":155,"column":44},"end":{"line":155,"column":45}}],"line":155},"17":{"loc":{"start":{"line":164,"column":10},"end":{"line":168,"column":11}},"type":"if","locations":[{"start":{"line":164,"column":10},"end":{"line":168,"column":11}},{"start":{"line":166,"column":17},"end":{"line":168,"column":11}}],"line":164},"18":{"loc":{"start":{"line":165,"column":31},"end":{"line":165,"column":62}},"type":"binary-expr","locations":[{"start":{"line":165,"column":31},"end":{"line":165,"column":57}},{"start":{"line":165,"column":61},"end":{"line":165,"column":62}}],"line":165},"19":{"loc":{"start":{"line":194,"column":8},"end":{"line":200,"column":9}},"type":"if","locations":[{"start":{"line":194,"column":8},"end":{"line":200,"column":9}},{"start":{"line":198,"column":15},"end":{"line":200,"column":9}}],"line":194},"20":{"loc":{"start":{"line":196,"column":10},"end":{"line":197,"column":32}},"type":"if","locations":[{"start":{"line":196,"column":10},"end":{"line":197,"column":32}},{"start":{"line":197,"column":15},"end":{"line":197,"column":32}}],"line":196},"21":{"loc":{"start":{"line":204,"column":6},"end":{"line":204,"column":38}},"type":"if","locations":[{"start":{"line":204,"column":6},"end":{"line":204,"column":38}},{"start":{},"end":{}}],"line":204},"22":{"loc":{"start":{"line":207,"column":6},"end":{"line":209,"column":7}},"type":"if","locations":[{"start":{"line":207,"column":6},"end":{"line":209,"column":7}},{"start":{},"end":{}}],"line":207},"23":{"loc":{"start":{"line":207,"column":10},"end":{"line":207,"column":65}},"type":"binary-expr","locations":[{"start":{"line":207,"column":10},"end":{"line":207,"column":30}},{"start":{"line":207,"column":34},"end":{"line":207,"column":65}}],"line":207},"24":{"loc":{"start":{"line":208,"column":15},"end":{"line":208,"column":34}},"type":"binary-expr","locations":[{"start":{"line":208,"column":15},"end":{"line":208,"column":29}},{"start":{"line":208,"column":33},"end":{"line":208,"column":34}}],"line":208},"25":{"loc":{"start":{"line":226,"column":4},"end":{"line":226,"column":31}},"type":"if","locations":[{"start":{"line":226,"column":4},"end":{"line":226,"column":31}},{"start":{},"end":{}}],"line":226},"26":{"loc":{"start":{"line":244,"column":40},"end":{"line":244,"column":60}},"type":"binary-expr","locations":[{"start":{"line":244,"column":40},"end":{"line":244,"column":54}},{"start":{"line":244,"column":58},"end":{"line":244,"column":60}}],"line":244}},"s":{"0":0,"1":0,"2":0,"3":0,"4":0,"5":0,"6":0,"7":0,"8":0,"9":0,"10":0,"11":0,"12":0,"13":0,"14":0,"15":0,"16":0,"17":0,"18":0,"19":0,"20":0,"21":0,"22":0,"23":0,"24":0,"25":0,"26":0,"27":0,"28":0,"29":0,"30":0,"31":0,"32":0,"33":0,"34":0,"35":0,"36":0,"37":0,"38":0,"39":0,"40":0,"41":0,"42":0,"43":0,"44":0,"45":0,"46":0,"47":0,"48":0,"49":0,"50":0,"51":0,"52":0,"53":0,"54":0,"55":0,"56":0,"57":0,"58":0,"59":0,"60":0,"61":0,"62":0,"63":0,"64":0,"65":0,"66":0,"67":0,"68":0,"69":0,"70":0,"71":0,"72":0,"73":0,"74":0,"75":0,"76":0,"77":0,"78":0,"79":0,"80":0,"81":0,"82":0,"83":0,"84":0,"85":0,"86":0,"87":0,"88":0,"89":0,"90":0,"91":0,"92":0,"93":0,"94":0,"95":0,"96":0,"97":0,"98":0,"99":0,"100":0,"101":0,"102":0,"103":0,"104":0,"105":0,"106":0,"107":0,"108":0,"109":0,"110":0,"111":0,"112":0,"113":0,"114":0,"115":0,"116":0,"117":0,"118":0,"119":0,"120":0,"121":0,"122":0,"123":0,"124":0,"125":0,"126":0,"127":0,"128":0,"129":0,"130":0,"131":0,"132":0,"133":0,"134":0,"135":0,"136":0,"137":0,"138":0,"139":0,"140":0,"141":0,"142":0,"143":0,"144":0,"145":0,"146":0,"147":0,"148":0,"149":0,"150":0,"151":0,"152":0,"153":0,"154":0,"155":0,"156":0,"157":0,"158":0,"159":0,"160":0,"161":0},"f":{"0":0,"1":0,"2":0,"3":0,"4":0,"5":0,"6":0,"7":0,"8":0,"9":0,"10":0,"11":0,"12":0,"13":0,"14":0,"15":0,"16":0,"17":0,"18":0,"19":0,"20":0,"21":0,"22":0,"23":0,"24":0,"25":0,"26":0,"27":0,"28":0,"29":0,"30":0,"31":0,"32":0,"33":0,"34":0,"35":0,"36":0,"37":0,"38":0,"39":0,"40":0,"41":0,"42":0,"43":0,"44":0,"45":0,"46":0,"47":0,"48":0},"b":{"0":[0,0],"1":[0,0],"2":[0,0],"3":[0,0],"4":[0,0],"5":[0,0],"6":[0,0],"7":[0,0],"8":[0,0],"9":[0,0],"10":[0,0],"11":[0,0],"12":[0,0],"13":[0,0],"14":[0,0],"15":[0,0],"16":[0,0],"17":[0,0],"18":[0,0],"19":[0,0],"20":[0,0],"21":[0,0],"22":[0,0],"23":[0,0],"24":[0,0],"25":[0,0],"26":[0,0]}}
,"/opt/git/hugo-chemie-lernen-org/myhugoapp/static/js/utils/ui-utils.js": {"path":"/opt/git/hugo-chemie-lernen-org/myhugoapp/static/js/utils/ui-utils.js","statementMap":{"0":{"start":{"line":11,"column":16},"end":{"line":11,"column":56}},"1":{"start":{"line":12,"column":21},"end":{"line":12,"column":61}},"2":{"start":{"line":13,"column":23},"end":{"line":13,"column":65}},"3":{"start":{"line":15,"column":2},"end":{"line":17,"column":3}},"4":{"start":{"line":16,"column":4},"end":{"line":16,"column":34}},"5":{"start":{"line":18,"column":2},"end":{"line":20,"column":3}},"6":{"start":{"line":19,"column":4},"end":{"line":19,"column":41}},"7":{"start":{"line":21,"column":2},"end":{"line":23,"column":3}},"8":{"start":{"line":22,"column":4},"end":{"line":22,"column":42}},"9":{"start":{"line":27,"column":2},"end":{"line":29,"column":3}},"10":{"start":{"line":28,"column":4},"end":{"line":28,"column":25}},"11":{"start":{"line":31,"column":12},"end":{"line":31,"column":55}},"12":{"start":{"line":32,"column":13},"end":{"line":32,"column":26}},"13":{"start":{"line":33,"column":23},"end":{"line":33,"column":87}},"14":{"start":{"line":34,"column":23},"end":{"line":34,"column":86}},"15":{"start":{"line":35,"column":22},"end":{"line":35,"column":82}},"16":{"start":{"line":37,"column":2},"end":{"line":39,"column":3}},"17":{"start":{"line":38,"column":4},"end":{"line":38,"column":40}},"18":{"start":{"line":41,"column":2},"end":{"line":41,"column":28}},"19":{"start":{"line":45,"column":12},"end":{"line":45,"column":31}},"20":{"start":{"line":46,"column":2},"end":{"line":48,"column":3}},"21":{"start":{"line":47,"column":4},"end":{"line":47,"column":17}},"22":{"start":{"line":50,"column":10},"end":{"line":50,"column":68}},"23":{"start":{"line":51,"column":10},"end":{"line":51,"column":68}},"24":{"start":{"line":52,"column":10},"end":{"line":52,"column":68}},"25":{"start":{"line":54,"column":2},"end":{"line":54,"column":48}},"26":{"start":{"line":58,"column":2},"end":{"line":63,"column":29}},"27":{"start":{"line":66,"column":22},"end":{"line":66,"column":26}},"28":{"start":{"line":69,"column":2},"end":{"line":71,"column":3}},"29":{"start":{"line":70,"column":4},"end":{"line":70,"column":11}},"30":{"start":{"line":73,"column":18},"end":{"line":73,"column":32}},"31":{"start":{"line":74,"column":15},"end":{"line":79,"column":3}},"32":{"start":{"line":81,"column":2},"end":{"line":87,"column":3}},"33":{"start":{"line":82,"column":4},"end":{"line":82,"column":52}},"34":{"start":{"line":83,"column":4},"end":{"line":83,"column":43}},"35":{"start":{"line":84,"column":4},"end":{"line":85,"column":118}},"36":{"start":{"line":86,"column":4},"end":{"line":86,"column":47}},"37":{"start":{"line":89,"column":16},"end":{"line":89,"column":48}},"38":{"start":{"line":90,"column":14},"end":{"line":90,"column":43}},"39":{"start":{"line":91,"column":2},"end":{"line":98,"column":8}},"40":{"start":{"line":99,"column":2},"end":{"line":99,"column":30}},"41":{"start":{"line":100,"column":2},"end":{"line":100,"column":37}},"42":{"start":{"line":102,"column":2},"end":{"line":105,"column":5}},"43":{"start":{"line":103,"column":4},"end":{"line":103,"column":30}},"44":{"start":{"line":104,"column":4},"end":{"line":104,"column":44}},"45":{"start":{"line":107,"column":2},"end":{"line":115,"column":11}},"46":{"start":{"line":108,"column":4},"end":{"line":108,"column":30}},"47":{"start":{"line":109,"column":4},"end":{"line":109,"column":47}},"48":{"start":{"line":110,"column":4},"end":{"line":114,"column":12}},"49":{"start":{"line":111,"column":6},"end":{"line":113,"column":7}},"50":{"start":{"line":112,"column":8},"end":{"line":112,"column":44}},"51":{"start":{"line":118,"column":0},"end":{"line":126,"column":1}},"52":{"start":{"line":119,"column":2},"end":{"line":125,"column":4}},"53":{"start":{"line":128,"column":0},"end":{"line":136,"column":1}},"54":{"start":{"line":129,"column":2},"end":{"line":135,"column":4}}},"fnMap":{"0":{"name":"showError","decl":{"start":{"line":10,"column":9},"end":{"line":10,"column":18}},"loc":{"start":{"line":10,"column":28},"end":{"line":24,"column":1}},"line":10},"1":{"name":"formatNumber","decl":{"start":{"line":26,"column":9},"end":{"line":26,"column":21}},"loc":{"start":{"line":26,"column":48},"end":{"line":42,"column":1}},"line":26},"2":{"name":"darkenColor","decl":{"start":{"line":44,"column":9},"end":{"line":44,"column":20}},"loc":{"start":{"line":44,"column":37},"end":{"line":55,"column":1}},"line":44},"3":{"name":"escapeHtml","decl":{"start":{"line":57,"column":9},"end":{"line":57,"column":19}},"loc":{"start":{"line":57,"column":25},"end":{"line":64,"column":1}},"line":57},"4":{"name":"showToast","decl":{"start":{"line":68,"column":9},"end":{"line":68,"column":18}},"loc":{"start":{"line":68,"column":34},"end":{"line":116,"column":1}},"line":68},"5":{"name":"(anonymous_5)","decl":{"start":{"line":102,"column":24},"end":{"line":102,"column":25}},"loc":{"start":{"line":102,"column":36},"end":{"line":105,"column":3}},"line":102},"6":{"name":"(anonymous_6)","decl":{"start":{"line":107,"column":13},"end":{"line":107,"column":14}},"loc":{"start":{"line":107,"column":25},"end":{"line":115,"column":3}},"line":107},"7":{"name":"(anonymous_7)","decl":{"start":{"line":110,"column":15},"end":{"line":110,"column":16}},"loc":{"start":{"line":110,"column":27},"end":{"line":114,"column":5}},"line":110}},"branchMap":{"0":{"loc":{"start":{"line":15,"column":2},"end":{"line":17,"column":3}},"type":"if","locations":[{"start":{"line":15,"column":2},"end":{"line":17,"column":3}},{"start":{},"end":{}}],"line":15},"1":{"loc":{"start":{"line":18,"column":2},"end":{"line":20,"column":3}},"type":"if","locations":[{"start":{"line":18,"column":2},"end":{"line":20,"column":3}},{"start":{},"end":{}}],"line":18},"2":{"loc":{"start":{"line":21,"column":2},"end":{"line":23,"column":3}},"type":"if","locations":[{"start":{"line":21,"column":2},"end":{"line":23,"column":3}},{"start":{},"end":{}}],"line":21},"3":{"loc":{"start":{"line":27,"column":2},"end":{"line":29,"column":3}},"type":"if","locations":[{"start":{"line":27,"column":2},"end":{"line":29,"column":3}},{"start":{},"end":{}}],"line":27},"4":{"loc":{"start":{"line":27,"column":6},"end":{"line":27,"column":59}},"type":"binary-expr","locations":[{"start":{"line":27,"column":6},"end":{"line":27,"column":20}},{"start":{"line":27,"column":24},"end":{"line":27,"column":43}},{"start":{"line":27,"column":47},"end":{"line":27,"column":59}}],"line":27},"5":{"loc":{"start":{"line":31,"column":12},"end":{"line":31,"column":55}},"type":"cond-expr","locations":[{"start":{"line":31,"column":43},"end":{"line":31,"column":51}},{"start":{"line":31,"column":54},"end":{"line":31,"column":55}}],"line":31},"6":{"loc":{"start":{"line":32,"column":13},"end":{"line":32,"column":26}},"type":"binary-expr","locations":[{"start":{"line":32,"column":13},"end":{"line":32,"column":20}},{"start":{"line":32,"column":24},"end":{"line":32,"column":26}}],"line":32},"7":{"loc":{"start":{"line":33,"column":23},"end":{"line":33,"column":87}},"type":"cond-expr","locations":[{"start":{"line":33,"column":59},"end":{"line":33,"column":78}},{"start":{"line":33,"column":81},"end":{"line":33,"column":87}}],"line":33},"8":{"loc":{"start":{"line":34,"column":23},"end":{"line":34,"column":86}},"type":"cond-expr","locations":[{"start":{"line":34,"column":59},"end":{"line":34,"column":78}},{"start":{"line":34,"column":81},"end":{"line":34,"column":86}}],"line":34},"9":{"loc":{"start":{"line":35,"column":22},"end":{"line":35,"column":82}},"type":"cond-expr","locations":[{"start":{"line":35,"column":57},"end":{"line":35,"column":75}},{"start":{"line":35,"column":78},"end":{"line":35,"column":82}}],"line":35},"10":{"loc":{"start":{"line":37,"column":2},"end":{"line":39,"column":3}},"type":"if","locations":[{"start":{"line":37,"column":2},"end":{"line":39,"column":3}},{"start":{},"end":{}}],"line":37},"11":{"loc":{"start":{"line":37,"column":6},"end":{"line":37,"column":109}},"type":"binary-expr","locations":[{"start":{"line":37,"column":6},"end":{"line":37,"column":19}},{"start":{"line":37,"column":23},"end":{"line":37,"column":34}},{"start":{"line":37,"column":39},"end":{"line":37,"column":71}},{"start":{"line":37,"column":75},"end":{"line":37,"column":108}}],"line":37},"12":{"loc":{"start":{"line":46,"column":2},"end":{"line":48,"column":3}},"type":"if","locations":[{"start":{"line":46,"column":2},"end":{"line":48,"column":3}},{"start":{},"end":{}}],"line":46},"13":{"loc":{"start":{"line":46,"column":6},"end":{"line":46,"column":28}},"type":"binary-expr","locations":[{"start":{"line":46,"column":6},"end":{"line":46,"column":10}},{"start":{"line":46,"column":14},"end":{"line":46,"column":28}}],"line":46},"14":{"loc":{"start":{"line":69,"column":2},"end":{"line":71,"column":3}},"type":"if","locations":[{"start":{"line":69,"column":2},"end":{"line":71,"column":3}},{"start":{},"end":{}}],"line":69},"15":{"loc":{"start":{"line":73,"column":18},"end":{"line":73,"column":32}},"type":"binary-expr","locations":[{"start":{"line":73,"column":18},"end":{"line":73,"column":22}},{"start":{"line":73,"column":26},"end":{"line":73,"column":32}}],"line":73},"16":{"loc":{"start":{"line":81,"column":2},"end":{"line":87,"column":3}},"type":"if","locations":[{"start":{"line":81,"column":2},"end":{"line":87,"column":3}},{"start":{},"end":{}}],"line":81},"17":{"loc":{"start":{"line":89,"column":16},"end":{"line":89,"column":48}},"type":"binary-expr","locations":[{"start":{"line":89,"column":16},"end":{"line":89,"column":33}},{"start":{"line":89,"column":37},"end":{"line":89,"column":48}}],"line":89},"18":{"loc":{"start":{"line":111,"column":6},"end":{"line":113,"column":7}},"type":"if","locations":[{"start":{"line":111,"column":6},"end":{"line":113,"column":7}},{"start":{},"end":{}}],"line":111},"19":{"loc":{"start":{"line":118,"column":0},"end":{"line":126,"column":1}},"type":"if","locations":[{"start":{"line":118,"column":0},"end":{"line":126,"column":1}},{"start":{},"end":{}}],"line":118},"20":{"loc":{"start":{"line":118,"column":4},"end":{"line":118,"column":51}},"type":"binary-expr","locations":[{"start":{"line":118,"column":4},"end":{"line":118,"column":33}},{"start":{"line":118,"column":37},"end":{"line":118,"column":51}}],"line":118},"21":{"loc":{"start":{"line":128,"column":0},"end":{"line":136,"column":1}},"type":"if","locations":[{"start":{"line":128,"column":0},"end":{"line":136,"column":1}},{"start":{},"end":{}}],"line":128}},"s":{"0":13,"1":13,"2":13,"3":13,"4":12,"5":13,"6":11,"7":13,"8":11,"9":42,"10":3,"11":39,"12":39,"13":39,"14":39,"15":39,"16":39,"17":16,"18":23,"19":14,"20":14,"21":3,"22":11,"23":11,"24":11,"25":11,"26":14,"27":1,"28":0,"29":0,"30":0,"31":0,"32":0,"33":0,"34":0,"35":0,"36":0,"37":0,"38":0,"39":0,"40":0,"41":0,"42":0,"43":0,"44":0,"45":0,"46":0,"47":0,"48":0,"49":0,"50":0,"51":1,"52":1,"53":1,"54":1},"f":{"0":13,"1":42,"2":14,"3":14,"4":0,"5":0,"6":0,"7":0},"b":{"0":[12,1],"1":[11,2],"2":[11,2],"3":[3,39],"4":[42,41,40],"5":[24,15],"6":[39,29],"7":[4,35],"8":[1,38],"9":[4,35],"10":[16,23],"11":[39,35,33,23],"12":[3,11],"13":[14,13],"14":[0,0],"15":[0,0],"16":[0,0],"17":[0,0],"18":[0,0],"19":[1,0],"20":[1,1],"21":[1,0]},"_coverageSchema":"1a1c01bbd47fc00a2c39e90264f33305004495a9","hash":"dd2201dc10746f6d919c9d38ee9d9c171a1ddd76"}
}
