TN:
SF:myhugoapp/static/js/calculators/advanced-calculators.js
FN:11,calculateSerialDilution
FN:79,calculateDilution
FN:108,calculateTitration
FN:162,generateTitrationCurve
FN:206,calculatePHBeforeEquivalence
FN:222,calculatePHAtEquivalence
FN:236,calculatePHAfterEquivalence
FN:260,convertConcentration
FN:318,calculatePHFromConcentration
FN:325,calculateHConcentrationFromPH
FN:332,calculatePOH
FN:336,calculateKW
FN:352,calculateSolutionParameters
FN:410,calculateMolarity
FN:421,calculateMolesForMolarity
FN:436,_calculateMultipleDilutions
FNF:16
FNH:15
FNDA:7,calculateSerialDilution
FNDA:6,calculateDilution
FNDA:10,calculateTitration
FNDA:6,generateTitrationCurve
FNDA:60,calculatePHBeforeEquivalence
FNDA:66,calculatePHAtEquivalence
FNDA:60,calculatePHAfterEquivalence
FNDA:14,convertConcentration
FNDA:7,calculatePHFromConcentration
FNDA:5,calculateHConcentrationFromPH
FNDA:3,calculatePOH
FNDA:5,calculateKW
FNDA:5,calculateSolutionParameters
FNDA:6,calculateMolarity
FNDA:5,calculateMolesForMolarity
FNDA:0,_calculateMultipleDilutions
DA:17,7
DA:20,7
DA:21,1
DA:23,6
DA:24,0
DA:26,6
DA:27,1
DA:29,5
DA:30,1
DA:32,4
DA:33,1
DA:36,3
DA:37,3
DA:40,3
DA:43,3
DA:45,3
DA:46,6
DA:47,6
DA:49,6
DA:58,6
DA:61,3
DA:80,6
DA:81,3
DA:83,3
DA:84,1
DA:88,2
DA:89,2
DA:90,2
DA:92,2
DA:114,10
DA:117,10
DA:118,1
DA:120,9
DA:121,1
DA:123,8
DA:124,1
DA:126,7
DA:127,1
DA:131,6
DA:134,6
DA:137,6
DA:140,6
DA:143,6
DA:145,6
DA:170,6
DA:172,6
DA:175,6
DA:176,6
DA:177,6
DA:180,6
DA:181,60
DA:182,60
DA:183,60
DA:187,6
DA:188,66
DA:189,66
DA:190,66
DA:194,6
DA:195,60
DA:196,60
DA:197,60
DA:200,6
DA:208,60
DA:210,40
DA:211,40
DA:212,20
DA:214,10
DA:216,10
DA:223,66
DA:224,44
DA:225,22
DA:226,11
DA:227,11
DA:228,11
DA:230,0
DA:237,60
DA:238,60
DA:239,40
DA:240,20
DA:241,10
DA:243,10
DA:250,1
DA:262,14
DA:264,14
DA:266,7
DA:267,7
DA:269,1
DA:270,1
DA:272,1
DA:273,1
DA:275,1
DA:276,1
DA:279,1
DA:280,1
DA:283,1
DA:284,1
DA:287,1
DA:288,1
DA:290,1
DA:294,13
DA:296,5
DA:298,1
DA:300,1
DA:302,2
DA:304,1
DA:306,1
DA:308,1
DA:310,1
DA:319,7
DA:320,2
DA:322,5
DA:326,5
DA:327,2
DA:329,3
DA:333,3
DA:338,5
DA:339,5
DA:342,5
DA:344,5
DA:359,5
DA:361,5
DA:362,1
DA:365,4
DA:368,4
DA:369,3
DA:370,2
DA:371,1
DA:372,1
DA:375,1
DA:379,4
DA:380,2
DA:382,2
DA:386,4
DA:387,2
DA:388,2
DA:391,2
DA:395,4
DA:396,1
DA:397,1
DA:400,3
DA:403,4
DA:411,6
DA:412,1
DA:414,5
DA:415,2
DA:418,3
DA:422,5
DA:423,1
DA:425,4
DA:426,1
DA:429,3
DA:438,0
DA:440,0
DA:441,0
DA:443,0
DA:444,0
DA:447,0
DA:448,0
DA:449,0
DA:451,0
DA:460,0
DA:464,1
DA:465,1
LF:163
LH:151
BRDA:16,0,0,3
BRDA:20,1,0,1
BRDA:20,1,1,6
BRDA:23,2,0,0
BRDA:23,2,1,6
BRDA:26,3,0,1
BRDA:26,3,1,5
BRDA:29,4,0,1
BRDA:29,4,1,4
BRDA:32,5,0,1
BRDA:32,5,1,3
BRDA:80,6,0,3
BRDA:80,6,1,3
BRDA:80,7,0,6
BRDA:80,7,1,5
BRDA:80,7,2,4
BRDA:83,8,0,1
BRDA:83,8,1,2
BRDA:113,9,0,7
BRDA:117,10,0,1
BRDA:117,10,1,9
BRDA:120,11,0,1
BRDA:120,11,1,8
BRDA:123,12,0,1
BRDA:123,12,1,7
BRDA:126,13,0,1
BRDA:126,13,1,6
BRDA:167,14,0,4
BRDA:168,15,0,4
BRDA:169,16,0,4
BRDA:208,17,0,40
BRDA:208,17,1,20
BRDA:208,18,0,60
BRDA:208,18,1,50
BRDA:212,19,0,10
BRDA:212,19,1,10
BRDA:212,20,0,20
BRDA:212,20,1,10
BRDA:223,21,0,44
BRDA:223,21,1,22
BRDA:223,22,0,66
BRDA:223,22,1,55
BRDA:225,23,0,11
BRDA:225,23,1,11
BRDA:225,24,0,22
BRDA:225,24,1,11
BRDA:227,25,0,11
BRDA:227,25,1,0
BRDA:227,26,0,11
BRDA:227,26,1,11
BRDA:238,27,0,40
BRDA:238,27,1,20
BRDA:238,28,0,60
BRDA:238,28,1,50
BRDA:240,29,0,10
BRDA:240,29,1,10
BRDA:240,30,0,20
BRDA:240,30,1,10
BRDA:260,31,0,8
BRDA:264,32,0,7
BRDA:264,32,1,1
BRDA:264,32,2,1
BRDA:264,32,3,1
BRDA:264,32,4,1
BRDA:264,32,5,1
BRDA:264,32,6,1
BRDA:264,32,7,1
BRDA:294,33,0,5
BRDA:294,33,1,1
BRDA:294,33,2,1
BRDA:294,33,3,2
BRDA:294,33,4,1
BRDA:294,33,5,1
BRDA:294,33,6,1
BRDA:294,33,7,1
BRDA:319,34,0,2
BRDA:319,34,1,5
BRDA:326,35,0,2
BRDA:326,35,1,3
BRDA:326,36,0,5
BRDA:326,36,1,4
BRDA:336,37,0,0
BRDA:354,38,0,2
BRDA:356,39,0,1
BRDA:357,40,0,3
BRDA:358,41,0,4
BRDA:361,42,0,1
BRDA:361,42,1,4
BRDA:361,43,0,5
BRDA:361,43,1,4
BRDA:368,44,0,3
BRDA:368,44,1,1
BRDA:369,45,0,2
BRDA:369,45,1,1
BRDA:371,46,0,1
BRDA:371,46,1,0
BRDA:371,47,0,1
BRDA:371,47,1,1
BRDA:379,48,0,2
BRDA:379,48,1,2
BRDA:386,49,0,2
BRDA:386,49,1,2
BRDA:387,50,0,2
BRDA:387,50,1,0
BRDA:395,51,0,1
BRDA:395,51,1,3
BRDA:396,52,0,1
BRDA:396,52,1,0
BRDA:411,53,0,1
BRDA:411,53,1,5
BRDA:414,54,0,2
BRDA:414,54,1,3
BRDA:422,55,0,1
BRDA:422,55,1,4
BRDA:425,56,0,1
BRDA:425,56,1,3
BRDA:443,57,0,0
BRDA:443,57,1,0
BRDA:443,58,0,0
BRDA:443,58,1,0
BRDA:464,59,0,1
BRDA:464,59,1,0
BRDA:464,60,0,1
BRDA:464,60,1,1
BRF:124
BRH:113
end_of_record
TN:
SF:myhugoapp/static/js/calculators/calc-element-lookup.js
FN:33,applyMolarMass
FN:56,(anonymous_1)
FN:62,showElementInfo
FN:76,applyMolarMassToCalculator
FNF:4
FNH:0
FNDA:0,applyMolarMass
FNDA:0,(anonymous_1)
FNDA:0,showElementInfo
FNDA:0,applyMolarMassToCalculator
DA:1,0
DA:34,0
DA:35,0
DA:37,0
DA:38,0
DA:39,0
DA:42,0
DA:43,0
DA:44,0
DA:45,0
DA:47,0
DA:48,0
DA:49,0
DA:52,0
DA:54,0
DA:56,0
DA:57,0
DA:58,0
DA:63,0
DA:64,0
DA:66,0
DA:73,0
DA:77,0
DA:78,0
DA:80,0
DA:81,0
DA:82,0
DA:83,0
DA:84,0
DA:85,0
DA:87,0
DA:96,0
DA:97,0
DA:99,0
LF:34
LH:0
BRDA:37,0,0,0
BRDA:37,0,1,0
BRDA:47,1,0,0
BRDA:47,1,1,0
BRDA:80,2,0,0
BRDA:80,2,1,0
BRDA:80,3,0,0
BRDA:80,3,1,0
BRDA:83,4,0,0
BRDA:83,4,1,0
BRDA:83,5,0,0
BRDA:83,5,1,0
BRDA:96,6,0,0
BRDA:96,6,1,0
BRF:14
BRH:0
end_of_record
TN:
SF:myhugoapp/static/js/calculators/calc-equation-parser.js
FN:5,parseEquation
FN:23,parseChemicalEquation
FN:29,(anonymous_2)
FN:41,parseSide
FN:46,(anonymous_4)
FN:46,(anonymous_5)
FN:52,(anonymous_6)
FN:55,parseCompound
FN:76,displayParsedCoefficients
FN:86,(anonymous_9)
FN:98,(anonymous_10)
FN:136,applyCoefficientsToMolMol
FN:148,applyCoefficientsToMassMass
FNF:13
FNH:0
FNDA:0,parseEquation
FNDA:0,parseChemicalEquation
FNDA:0,(anonymous_2)
FNDA:0,parseSide
FNDA:0,(anonymous_4)
FNDA:0,(anonymous_5)
FNDA:0,(anonymous_6)
FNDA:0,parseCompound
FNDA:0,displayParsedCoefficients
FNDA:0,(anonymous_9)
FNDA:0,(anonymous_10)
FNDA:0,applyCoefficientsToMolMol
FNDA:0,applyCoefficientsToMassMass
DA:6,0
DA:8,0
DA:9,0
DA:10,0
DA:13,0
DA:14,0
DA:15,0
DA:17,0
DA:18,0
DA:24,0
DA:25,0
DA:26,0
DA:29,0
DA:30,0
DA:31,0
DA:33,0
DA:42,0
DA:43,0
DA:46,0
DA:48,0
DA:49,0
DA:52,0
DA:56,0
DA:58,0
DA:59,0
DA:66,0
DA:67,0
DA:69,0
DA:77,0
DA:78,0
DA:79,0
DA:81,0
DA:83,0
DA:84,0
DA:85,0
DA:86,0
DA:87,0
DA:93,0
DA:95,0
DA:96,0
DA:97,0
DA:98,0
DA:99,0
DA:105,0
DA:107,0
DA:108,0
DA:110,0
DA:111,0
DA:113,0
DA:114,0
DA:115,0
DA:116,0
DA:121,0
DA:122,0
DA:123,0
DA:124,0
DA:129,0
DA:130,0
DA:132,0
DA:137,0
DA:138,0
DA:140,0
DA:142,0
DA:144,0
DA:149,0
DA:150,0
DA:152,0
DA:154,0
DA:156,0
LF:69
LH:0
BRDA:8,0,0,0
BRDA:8,0,1,0
BRDA:25,1,0,0
BRDA:25,1,1,0
BRDA:42,2,0,0
BRDA:42,2,1,0
BRDA:48,3,0,0
BRDA:48,3,1,0
BRDA:58,4,0,0
BRDA:58,4,1,0
BRDA:66,5,0,0
BRDA:66,5,1,0
BRDA:113,6,0,0
BRDA:113,6,1,0
BRDA:113,7,0,0
BRDA:113,7,1,0
BRDA:121,8,0,0
BRDA:121,8,1,0
BRDA:121,9,0,0
BRDA:121,9,1,0
BRF:20
BRH:0
end_of_record
TN:
SF:myhugoapp/static/js/calculators/calc-gaslaw.js
FN:3,loadSTP
FN:18,loadSATP
FN:33,loadGasExample
FN:46,convertTemperatureToKelvin
FN:72,updateGasInputs
FN:121,convertPressureToAtm
FN:133,convertVolumeToLiters
FN:143,convertAmountToMoles
FN:151,convertToKelvin
FN:160,calculateGasLaw
FN:223,displayGasResult
FN:300,convertFromKelvin
FN:304,exportGasToPDF
FN:358,(anonymous_13)
FNF:14
FNH:0
FNDA:0,loadSTP
FNDA:0,loadSATP
FNDA:0,loadGasExample
FNDA:0,convertTemperatureToKelvin
FNDA:0,updateGasInputs
FNDA:0,convertPressureToAtm
FNDA:0,convertVolumeToLiters
FNDA:0,convertAmountToMoles
FNDA:0,convertToKelvin
FNDA:0,calculateGasLaw
FNDA:0,displayGasResult
FNDA:0,convertFromKelvin
FNDA:0,exportGasToPDF
FNDA:0,(anonymous_13)
DA:4,0
DA:5,0
DA:6,0
DA:7,0
DA:8,0
DA:9,0
DA:10,0
DA:11,0
DA:12,0
DA:13,0
DA:15,0
DA:19,0
DA:20,0
DA:21,0
DA:22,0
DA:23,0
DA:24,0
DA:25,0
DA:26,0
DA:27,0
DA:28,0
DA:30,0
DA:34,0
DA:35,0
DA:36,0
DA:37,0
DA:38,0
DA:39,0
DA:40,0
DA:41,0
DA:43,0
DA:47,0
DA:48,0
DA:49,0
DA:51,0
DA:52,0
DA:53,0
DA:57,0
DA:59,0
DA:60,0
DA:62,0
DA:63,0
DA:65,0
DA:66,0
DA:69,0
DA:73,0
DA:74,0
DA:75,0
DA:76,0
DA:77,0
DA:79,0
DA:80,0
DA:81,0
DA:82,0
DA:84,0
DA:86,0
DA:87,0
DA:88,0
DA:89,0
DA:90,0
DA:91,0
DA:93,0
DA:94,0
DA:95,0
DA:96,0
DA:97,0
DA:98,0
DA:100,0
DA:101,0
DA:102,0
DA:103,0
DA:104,0
DA:105,0
DA:107,0
DA:108,0
DA:109,0
DA:110,0
DA:111,0
DA:112,0
DA:115,0
DA:116,0
DA:117,0
DA:118,0
DA:122,0
DA:123,0
DA:124,0
DA:125,0
DA:126,0
DA:127,0
DA:128,0
DA:129,0
DA:134,0
DA:135,0
DA:136,0
DA:137,0
DA:138,0
DA:139,0
DA:144,0
DA:145,0
DA:146,0
DA:147,0
DA:152,0
DA:153,0
DA:154,0
DA:155,0
DA:156,0
DA:161,0
DA:162,0
DA:164,0
DA:165,0
DA:166,0
DA:167,0
DA:168,0
DA:169,0
DA:170,0
DA:171,0
DA:175,0
DA:176,0
DA:177,0
DA:178,0
DA:179,0
DA:181,0
DA:182,0
DA:184,0
DA:185,0
DA:187,0
DA:188,0
DA:190,0
DA:191,0
DA:197,0
DA:199,0
DA:200,0
DA:201,0
DA:203,0
DA:204,0
DA:205,0
DA:207,0
DA:208,0
DA:209,0
DA:211,0
DA:212,0
DA:213,0
DA:216,0
DA:219,0
DA:224,0
DA:225,0
DA:227,0
DA:234,0
DA:236,0
DA:237,0
DA:238,0
DA:240,0
DA:241,0
DA:243,0
DA:244,0
DA:246,0
DA:247,0
DA:249,0
DA:250,0
DA:252,0
DA:253,0
DA:255,0
DA:256,0
DA:258,0
DA:259,0
DA:260,0
DA:261,0
DA:262,0
DA:263,0
DA:264,0
DA:265,0
DA:266,0
DA:267,0
DA:269,0
DA:270,0
DA:271,0
DA:273,0
DA:274,0
DA:277,0
DA:278,0
DA:279,0
DA:280,0
DA:281,0
DA:282,0
DA:284,0
DA:285,0
DA:286,0
DA:288,0
DA:289,0
DA:291,0
DA:293,0
DA:294,0
DA:296,0
DA:297,0
DA:301,0
DA:305,0
DA:306,0
DA:308,0
DA:309,0
DA:310,0
DA:312,0
DA:313,0
DA:314,0
DA:316,0
DA:317,0
DA:319,0
DA:321,0
DA:322,0
DA:323,0
DA:324,0
DA:325,0
DA:326,0
DA:327,0
DA:328,0
DA:329,0
DA:330,0
DA:332,0
DA:333,0
DA:334,0
DA:335,0
DA:337,0
DA:338,0
DA:340,0
DA:341,0
DA:342,0
DA:343,0
DA:344,0
DA:346,0
DA:347,0
DA:348,0
DA:350,0
DA:351,0
DA:352,0
DA:353,0
DA:355,0
DA:358,0
DA:359,0
DA:360,0
DA:361,0
DA:363,0
DA:364,0
DA:365,0
LF:242
LH:0
BRDA:51,0,0,0
BRDA:51,0,1,0
BRDA:57,1,0,0
BRDA:57,1,1,0
BRDA:57,1,2,0
BRDA:84,2,0,0
BRDA:84,2,1,0
BRDA:84,2,2,0
BRDA:84,2,3,0
BRDA:115,3,0,0
BRDA:115,3,1,0
BRDA:116,4,0,0
BRDA:116,4,1,0
BRDA:117,5,0,0
BRDA:117,5,1,0
BRDA:118,6,0,0
BRDA:118,6,1,0
BRDA:122,7,0,0
BRDA:122,7,1,0
BRDA:122,7,2,0
BRDA:122,7,3,0
BRDA:122,7,4,0
BRDA:122,7,5,0
BRDA:122,7,6,0
BRDA:134,8,0,0
BRDA:134,8,1,0
BRDA:134,8,2,0
BRDA:134,8,3,0
BRDA:134,8,4,0
BRDA:144,9,0,0
BRDA:144,9,1,0
BRDA:144,9,2,0
BRDA:152,10,0,0
BRDA:152,10,1,0
BRDA:152,10,2,0
BRDA:152,10,3,0
BRDA:176,11,0,0
BRDA:176,11,1,0
BRDA:177,12,0,0
BRDA:177,12,1,0
BRDA:178,13,0,0
BRDA:178,13,1,0
BRDA:179,14,0,0
BRDA:179,14,1,0
BRDA:181,15,0,0
BRDA:181,15,1,0
BRDA:181,16,0,0
BRDA:181,16,1,0
BRDA:181,16,2,0
BRDA:184,17,0,0
BRDA:184,17,1,0
BRDA:184,18,0,0
BRDA:184,18,1,0
BRDA:184,18,2,0
BRDA:187,19,0,0
BRDA:187,19,1,0
BRDA:187,20,0,0
BRDA:187,20,1,0
BRDA:187,20,2,0
BRDA:190,21,0,0
BRDA:190,21,1,0
BRDA:190,22,0,0
BRDA:190,22,1,0
BRDA:190,22,2,0
BRDA:197,23,0,0
BRDA:197,23,1,0
BRDA:197,23,2,0
BRDA:197,23,3,0
BRDA:241,24,0,0
BRDA:241,24,1,0
BRDA:241,24,2,0
BRDA:241,24,3,0
BRDA:261,25,0,0
BRDA:261,25,1,0
BRDA:262,26,0,0
BRDA:262,26,1,0
BRDA:263,27,0,0
BRDA:263,27,1,0
BRDA:264,28,0,0
BRDA:264,28,1,0
BRDA:273,29,0,0
BRDA:273,29,1,0
BRDA:278,30,0,0
BRDA:278,30,1,0
BRDA:284,31,0,0
BRDA:284,31,1,0
BRDA:284,32,0,0
BRDA:284,32,1,0
BRDA:340,33,0,0
BRDA:340,33,1,0
BRDA:341,34,0,0
BRDA:341,34,1,0
BRDA:342,35,0,0
BRDA:342,35,1,0
BRDA:343,36,0,0
BRDA:343,36,1,0
BRDA:363,37,0,0
BRDA:363,37,1,0
BRDA:363,38,0,0
BRDA:363,38,1,0
BRF:100
BRH:0
end_of_record
TN:
SF:myhugoapp/static/js/calculators/calc-history.js
FN:3,saveToHistory
FN:28,loadHistory
FN:33,displayHistory
FN:44,(anonymous_3)
FN:65,toggleHistory
FN:75,updateHistoryCount
FN:86,clearHistory
FN:96,checkForBalancedEquation
FN:139,showImportNotification
FN:154,(anonymous_9)
FN:156,(anonymous_10)
FN:173,(anonymous_11)
FN:175,(anonymous_12)
FNF:13
FNH:0
FNDA:0,saveToHistory
FNDA:0,loadHistory
FNDA:0,displayHistory
FNDA:0,(anonymous_3)
FNDA:0,toggleHistory
FNDA:0,updateHistoryCount
FNDA:0,clearHistory
FNDA:0,checkForBalancedEquation
FNDA:0,showImportNotification
FNDA:0,(anonymous_9)
FNDA:0,(anonymous_10)
FNDA:0,(anonymous_11)
FNDA:0,(anonymous_12)
DA:4,0
DA:5,0
DA:7,0
DA:14,0
DA:16,0
DA:17,0
DA:20,0
DA:21,0
DA:22,0
DA:24,0
DA:29,0
DA:30,0
DA:34,0
DA:35,0
DA:36,0
DA:38,0
DA:39,0
DA:40,0
DA:43,0
DA:44,0
DA:45,0
DA:56,0
DA:58,0
DA:60,0
DA:66,0
DA:67,0
DA:68,0
DA:69,0
DA:71,0
DA:76,0
DA:77,0
DA:78,0
DA:79,0
DA:81,0
DA:87,0
DA:88,0
DA:89,0
DA:90,0
DA:97,0
DA:98,0
DA:100,0
DA:101,0
DA:104,0
DA:106,0
DA:107,0
DA:108,0
DA:111,0
DA:113,0
DA:114,0
DA:116,0
DA:117,0
DA:119,0
DA:120,0
DA:121,0
DA:124,0
DA:125,0
DA:127,0
DA:128,0
DA:129,0
DA:132,0
DA:135,0
DA:140,0
DA:141,0
DA:154,0
DA:156,0
DA:158,0
DA:171,0
DA:173,0
DA:174,0
DA:175,0
LF:70
LH:0
BRDA:5,0,0,0
BRDA:5,0,1,0
BRDA:16,1,0,0
BRDA:16,1,1,0
BRDA:35,2,0,0
BRDA:35,2,1,0
BRDA:38,3,0,0
BRDA:38,3,1,0
BRDA:67,4,0,0
BRDA:67,4,1,0
BRDA:77,5,0,0
BRDA:77,5,1,0
BRDA:87,6,0,0
BRDA:87,6,1,0
BRDA:100,7,0,0
BRDA:100,7,1,0
BRDA:106,8,0,0
BRDA:106,8,1,0
BRDA:106,9,0,0
BRDA:106,9,1,0
BRDA:106,9,2,0
BRDA:106,9,3,0
BRDA:119,10,0,0
BRDA:119,10,1,0
BRDA:119,11,0,0
BRDA:119,11,1,0
BRDA:127,12,0,0
BRDA:127,12,1,0
BRDA:127,13,0,0
BRDA:127,13,1,0
BRDA:154,14,0,0
BRDA:154,14,1,0
BRDA:156,15,0,0
BRDA:156,15,1,0
BRF:34
BRH:0
end_of_record
TN:
SF:myhugoapp/static/js/calculators/calc-limiting.js
FN:4,calcLimiting
FN:92,toggleLimitingExplanation
FNF:2
FNH:0
FNDA:0,calcLimiting
FNDA:0,toggleLimitingExplanation
DA:5,0
DA:6,0
DA:7,0
DA:8,0
DA:10,0
DA:11,0
DA:12,0
DA:15,0
DA:16,0
DA:18,0
DA:19,0
DA:20,0
DA:22,0
DA:23,0
DA:88,0
DA:93,0
DA:94,0
DA:95,0
LF:18
LH:0
BRDA:10,0,0,0
BRDA:10,0,1,0
BRDA:10,1,0,0
BRDA:10,1,1,0
BRDA:10,1,2,0
BRDA:10,1,3,0
BRDA:18,2,0,0
BRDA:18,2,1,0
BRDA:19,3,0,0
BRDA:19,3,1,0
BRDA:20,4,0,0
BRDA:20,4,1,0
BRDA:62,5,0,0
BRDA:62,5,1,0
BRDA:69,6,0,0
BRDA:69,6,1,0
BRDA:94,7,0,0
BRDA:94,7,1,0
BRDA:95,8,0,0
BRDA:95,8,1,0
BRF:20
BRH:0
end_of_record
TN:
SF:myhugoapp/static/js/calculators/calc-massmass.js
FN:4,calcMassMass
FN:112,toggleMassMassExplanation
FNF:2
FNH:0
FNDA:0,calcMassMass
FNDA:0,toggleMassMassExplanation
DA:5,0
DA:6,0
DA:7,0
DA:8,0
DA:9,0
DA:11,0
DA:12,0
DA:13,0
DA:16,0
DA:17,0
DA:18,0
DA:20,0
DA:24,0
DA:25,0
DA:108,0
DA:113,0
DA:114,0
DA:115,0
LF:18
LH:0
BRDA:11,0,0,0
BRDA:11,0,1,0
BRDA:11,1,0,0
BRDA:11,1,1,0
BRDA:11,1,2,0
BRDA:11,1,3,0
BRDA:11,1,4,0
BRDA:114,2,0,0
BRDA:114,2,1,0
BRDA:115,3,0,0
BRDA:115,3,1,0
BRF:11
BRH:0
end_of_record
TN:
SF:myhugoapp/static/js/calculators/calc-molmol.js
FN:4,calcMolMol
FN:87,toggleMolMolExplanation
FNF:2
FNH:0
FNDA:0,calcMolMol
FNDA:0,toggleMolMolExplanation
DA:5,0
DA:6,0
DA:7,0
DA:9,0
DA:10,0
DA:11,0
DA:14,0
DA:15,0
DA:17,0
DA:83,0
DA:88,0
DA:89,0
DA:90,0
LF:13
LH:0
BRDA:9,0,0,0
BRDA:9,0,1,0
BRDA:9,1,0,0
BRDA:9,1,1,0
BRDA:9,1,2,0
BRDA:89,2,0,0
BRDA:89,2,1,0
BRDA:90,3,0,0
BRDA:90,3,1,0
BRF:9
BRH:0
end_of_record
TN:
SF:myhugoapp/static/js/calculators/calc-multistep.js
FN:5,addReactionStep
FN:64,removeStep
FN:72,updateStepNumbers
FN:74,(anonymous_3)
FN:82,clearAllSteps
FN:91,loadMultiStepExample
FN:115,updateInitialMass
FN:131,calculateMultiStep
FN:153,(anonymous_8)
FN:195,displayMultiStepResults
FN:212,(anonymous_10)
FN:271,exportMultiStepToPDF
FN:310,(anonymous_12)
FN:367,(anonymous_13)
FNF:14
FNH:0
FNDA:0,addReactionStep
FNDA:0,removeStep
FNDA:0,updateStepNumbers
FNDA:0,(anonymous_3)
FNDA:0,clearAllSteps
FNDA:0,loadMultiStepExample
FNDA:0,updateInitialMass
FNDA:0,calculateMultiStep
FNDA:0,(anonymous_8)
FNDA:0,displayMultiStepResults
FNDA:0,(anonymous_10)
FNDA:0,exportMultiStepToPDF
FNDA:0,(anonymous_12)
FNDA:0,(anonymous_13)
DA:3,0
DA:6,0
DA:7,0
DA:9,0
DA:10,0
DA:11,0
DA:12,0
DA:14,0
DA:58,0
DA:60,0
DA:65,0
DA:66,0
DA:67,0
DA:68,0
DA:73,0
DA:74,0
DA:75,0
DA:76,0
DA:77,0
DA:83,0
DA:84,0
DA:85,0
DA:86,0
DA:92,0
DA:94,0
DA:95,0
DA:96,0
DA:98,0
DA:99,0
DA:100,0
DA:101,0
DA:102,0
DA:103,0
DA:105,0
DA:106,0
DA:107,0
DA:108,0
DA:109,0
DA:110,0
DA:112,0
DA:116,0
DA:117,0
DA:118,0
DA:119,0
DA:121,0
DA:122,0
DA:123,0
DA:124,0
DA:126,0
DA:132,0
DA:133,0
DA:134,0
DA:136,0
DA:137,0
DA:138,0
DA:141,0
DA:142,0
DA:144,0
DA:145,0
DA:146,0
DA:149,0
DA:150,0
DA:151,0
DA:153,0
DA:154,0
DA:155,0
DA:156,0
DA:157,0
DA:158,0
DA:160,0
DA:161,0
DA:162,0
DA:163,0
DA:166,0
DA:168,0
DA:169,0
DA:170,0
DA:173,0
DA:185,0
DA:188,0
DA:189,0
DA:192,0
DA:196,0
DA:197,0
DA:199,0
DA:201,0
DA:202,0
DA:203,0
DA:204,0
DA:205,0
DA:206,0
DA:207,0
DA:208,0
DA:210,0
DA:212,0
DA:213,0
DA:214,0
DA:216,0
DA:222,0
DA:223,0
DA:226,0
DA:227,0
DA:228,0
DA:229,0
DA:231,0
DA:232,0
DA:235,0
DA:238,0
DA:239,0
DA:241,0
DA:248,0
DA:249,0
DA:250,0
DA:251,0
DA:254,0
DA:256,0
DA:263,0
DA:264,0
DA:266,0
DA:267,0
DA:268,0
DA:272,0
DA:273,0
DA:275,0
DA:276,0
DA:277,0
DA:279,0
DA:280,0
DA:281,0
DA:283,0
DA:284,0
DA:286,0
DA:288,0
DA:289,0
DA:290,0
DA:292,0
DA:293,0
DA:294,0
DA:295,0
DA:297,0
DA:298,0
DA:299,0
DA:300,0
DA:301,0
DA:302,0
DA:303,0
DA:305,0
DA:307,0
DA:308,0
DA:310,0
DA:311,0
DA:312,0
DA:313,0
DA:316,0
DA:317,0
DA:318,0
DA:319,0
DA:321,0
DA:322,0
DA:323,0
DA:324,0
DA:325,0
DA:327,0
DA:329,0
DA:330,0
DA:331,0
DA:333,0
DA:334,0
DA:335,0
DA:336,0
DA:337,0
DA:339,0
DA:340,0
DA:341,0
DA:344,0
DA:345,0
DA:348,0
DA:349,0
DA:350,0
DA:353,0
DA:355,0
DA:356,0
DA:357,0
DA:359,0
DA:360,0
DA:361,0
DA:362,0
DA:364,0
DA:367,0
DA:368,0
DA:369,0
DA:371,0
DA:372,0
DA:373,0
LF:194
LH:0
BRDA:66,0,0,0
BRDA:66,0,1,0
BRDA:76,1,0,0
BRDA:76,1,1,0
BRDA:83,2,0,0
BRDA:83,2,1,0
BRDA:121,3,0,0
BRDA:121,3,1,0
BRDA:121,4,0,0
BRDA:121,4,1,0
BRDA:121,4,2,0
BRDA:134,5,0,0
BRDA:134,5,1,0
BRDA:136,6,0,0
BRDA:136,6,1,0
BRDA:136,7,0,0
BRDA:136,7,1,0
BRDA:144,8,0,0
BRDA:144,8,1,0
BRDA:157,9,0,0
BRDA:157,9,1,0
BRDA:158,10,0,0
BRDA:158,10,1,0
BRDA:160,11,0,0
BRDA:160,11,1,0
BRDA:160,12,0,0
BRDA:160,12,1,0
BRDA:160,12,2,0
BRDA:160,12,3,0
BRDA:169,13,0,0
BRDA:169,13,1,0
BRDA:169,14,0,0
BRDA:169,14,1,0
BRDA:188,15,0,0
BRDA:188,15,1,0
BRDA:205,16,0,0
BRDA:205,16,1,0
BRDA:205,17,0,0
BRDA:205,17,1,0
BRDA:213,18,0,0
BRDA:213,18,1,0
BRDA:214,19,0,0
BRDA:214,19,1,0
BRDA:218,20,0,0
BRDA:218,20,1,0
BRDA:222,21,0,0
BRDA:222,21,1,0
BRDA:229,22,0,0
BRDA:229,22,1,0
BRDA:231,23,0,0
BRDA:231,23,1,0
BRDA:232,24,0,0
BRDA:232,24,1,0
BRDA:248,25,0,0
BRDA:248,25,1,0
BRDA:248,26,0,0
BRDA:248,26,1,0
BRDA:248,26,2,0
BRDA:290,27,0,0
BRDA:290,27,1,0
BRDA:300,28,0,0
BRDA:300,28,1,0
BRDA:311,29,0,0
BRDA:311,29,1,0
BRDA:323,30,0,0
BRDA:323,30,1,0
BRDA:330,31,0,0
BRDA:330,31,1,0
BRDA:339,32,0,0
BRDA:339,32,1,0
BRDA:348,33,0,0
BRDA:348,33,1,0
BRDA:371,34,0,0
BRDA:371,34,1,0
BRDA:371,35,0,0
BRDA:371,35,1,0
BRF:76
BRH:0
end_of_record
TN:
SF:myhugoapp/static/js/calculators/calc-presets.js
FN:84,loadPreset
FN:98,loadMassPreset
FNF:2
FNH:0
FNDA:0,loadPreset
FNDA:0,loadMassPreset
DA:2,0
DA:40,0
DA:85,0
DA:86,0
DA:88,0
DA:89,0
DA:90,0
DA:91,0
DA:92,0
DA:94,0
DA:99,0
DA:100,0
DA:102,0
DA:103,0
DA:104,0
DA:105,0
DA:106,0
DA:108,0
DA:109,0
LF:19
LH:0
BRDA:86,0,0,0
BRDA:86,0,1,0
BRDA:100,1,0,0
BRDA:100,1,1,0
BRF:4
BRH:0
end_of_record
TN:
SF:myhugoapp/static/js/calculators/calc-yield.js
FN:4,calcYield
FN:100,toggleYieldExplanation
FNF:2
FNH:0
FNDA:0,calcYield
FNDA:0,toggleYieldExplanation
DA:5,0
DA:6,0
DA:8,0
DA:9,0
DA:10,0
DA:13,0
DA:15,0
DA:16,0
DA:96,0
DA:101,0
DA:102,0
DA:103,0
LF:12
LH:0
BRDA:8,0,0,0
BRDA:8,0,1,0
BRDA:8,1,0,0
BRDA:8,1,1,0
BRDA:61,2,0,0
BRDA:61,2,1,0
BRDA:62,3,0,0
BRDA:62,3,1,0
BRDA:63,4,0,0
BRDA:63,4,1,0
BRDA:63,5,0,0
BRDA:63,5,1,0
BRDA:102,6,0,0
BRDA:102,6,1,0
BRDA:103,7,0,0
BRDA:103,7,1,0
BRF:16
BRH:0
end_of_record
TN:
SF:myhugoapp/static/js/calculators/dampfdruck-rechner.js
FN:5,(anonymous_0)
FN:20,calculateVaporPressure
FN:36,formatNumber
FN:43,getResultText
FN:64,handleSubmit
FNF:5
FNH:0
FNDA:0,(anonymous_0)
FNDA:0,calculateVaporPressure
FNDA:0,formatNumber
FNDA:0,getResultText
FNDA:0,handleSubmit
DA:5,0
DA:8,0
DA:9,0
DA:10,0
DA:11,0
DA:12,0
DA:13,0
DA:15,0
DA:16,0
DA:17,0
DA:21,0
DA:22,0
DA:24,0
DA:25,0
DA:28,0
DA:29,0
DA:31,0
DA:33,0
DA:37,0
DA:44,0
DA:45,0
DA:47,0
DA:48,0
DA:49,0
DA:50,0
DA:51,0
DA:52,0
DA:53,0
DA:54,0
DA:55,0
DA:56,0
DA:58,0
DA:61,0
DA:65,0
DA:67,0
DA:68,0
DA:69,0
DA:71,0
DA:72,0
DA:73,0
DA:76,0
DA:77,0
DA:79,0
DA:80,0
DA:81,0
DA:82,0
DA:84,0
DA:86,0
DA:90,0
LF:49
LH:0
BRDA:15,0,0,0
BRDA:15,0,1,0
BRDA:15,1,0,0
BRDA:15,1,1,0
BRDA:24,2,0,0
BRDA:24,2,1,0
BRDA:24,3,0,0
BRDA:24,3,1,0
BRDA:47,4,0,0
BRDA:47,4,1,0
BRDA:49,5,0,0
BRDA:49,5,1,0
BRDA:51,6,0,0
BRDA:51,6,1,0
BRDA:53,7,0,0
BRDA:53,7,1,0
BRDA:55,8,0,0
BRDA:55,8,1,0
BRDA:71,9,0,0
BRDA:71,9,1,0
BRDA:71,10,0,0
BRDA:71,10,1,0
BRDA:71,10,2,0
BRF:23
BRH:0
end_of_record
TN:
SF:myhugoapp/static/js/calculators/export-manager.js
FN:13,(anonymous_0)
FN:43,(anonymous_1)
FN:75,(anonymous_2)
FN:91,(anonymous_3)
FN:96,(anonymous_4)
FN:109,(anonymous_5)
FN:112,(anonymous_6)
FN:152,(anonymous_7)
FN:178,(anonymous_8)
FN:237,(anonymous_9)
FN:252,(anonymous_10)
FN:253,(anonymous_11)
FN:270,(anonymous_12)
FN:311,(anonymous_13)
FN:316,(anonymous_14)
FN:331,(anonymous_15)
FN:336,(anonymous_16)
FN:369,(anonymous_17)
FN:396,(anonymous_18)
FN:413,(anonymous_19)
FN:430,(anonymous_20)
FN:431,(anonymous_21)
FN:439,(anonymous_22)
FN:448,(anonymous_23)
FN:461,(anonymous_24)
FN:462,(anonymous_25)
FN:475,(anonymous_26)
FN:476,(anonymous_27)
FN:489,(anonymous_28)
FN:509,(anonymous_29)
FN:529,(anonymous_30)
FN:545,(anonymous_31)
FN:559,(anonymous_32)
FN:574,(anonymous_33)
FN:585,(anonymous_34)
FN:598,(anonymous_35)
FN:620,(anonymous_36)
FN:642,(anonymous_37)
FNF:38
FNH:38
FNDA:13,(anonymous_0)
FNDA:72,(anonymous_1)
FNDA:11,(anonymous_2)
FNDA:5,(anonymous_3)
FNDA:9,(anonymous_4)
FNDA:4,(anonymous_5)
FNDA:8,(anonymous_6)
FNDA:3,(anonymous_7)
FNDA:2,(anonymous_8)
FNDA:13,(anonymous_9)
FNDA:10,(anonymous_10)
FNDA:32,(anonymous_11)
FNDA:14,(anonymous_12)
FNDA:3,(anonymous_13)
FNDA:3,(anonymous_14)
FNDA:2,(anonymous_15)
FNDA:1,(anonymous_16)
FNDA:11,(anonymous_17)
FNDA:5,(anonymous_18)
FNDA:1,(anonymous_19)
FNDA:9,(anonymous_20)
FNDA:9,(anonymous_21)
FNDA:7,(anonymous_22)
FNDA:1,(anonymous_23)
FNDA:2,(anonymous_24)
FNDA:2,(anonymous_25)
FNDA:2,(anonymous_26)
FNDA:2,(anonymous_27)
FNDA:13,(anonymous_28)
FNDA:3,(anonymous_29)
FNDA:4,(anonymous_30)
FNDA:2,(anonymous_31)
FNDA:2,(anonymous_32)
FNDA:2,(anonymous_33)
FNDA:4,(anonymous_34)
FNDA:2,(anonymous_35)
FNDA:3,(anonymous_36)
FNDA:4,(anonymous_37)
DA:6,1
DA:14,13
DA:15,0
DA:16,0
DA:19,13
DA:20,13
DA:21,12
DA:23,12
DA:24,12
DA:25,12
DA:26,12
DA:29,12
DA:30,12
DA:31,12
DA:34,12
DA:35,12
DA:36,12
DA:39,12
DA:40,12
DA:43,12
DA:44,72
DA:45,0
DA:46,0
DA:49,72
DA:50,72
DA:51,38
DA:53,34
DA:56,72
DA:57,72
DA:58,72
DA:60,72
DA:64,12
DA:65,10
DA:66,10
DA:70,12
DA:71,9
DA:72,9
DA:74,9
DA:75,11
DA:76,11
DA:77,11
DA:79,9
DA:83,12
DA:84,9
DA:85,9
DA:87,9
DA:88,12
DA:89,3
DA:90,3
DA:91,5
DA:92,5
DA:93,5
DA:96,9
DA:97,9
DA:98,9
DA:101,9
DA:105,12
DA:106,2
DA:107,2
DA:109,2
DA:110,4
DA:111,4
DA:112,8
DA:113,8
DA:114,8
DA:116,4
DA:121,12
DA:122,1
DA:123,1
DA:127,12
DA:128,12
DA:129,12
DA:130,12
DA:131,12
DA:139,12
DA:140,12
DA:142,1
DA:143,1
DA:153,3
DA:154,2
DA:155,2
DA:158,1
DA:159,1
DA:160,1
DA:162,1
DA:163,1
DA:164,1
DA:167,1
DA:168,1
DA:169,1
DA:172,1
DA:173,1
DA:174,1
DA:175,1
DA:178,1
DA:179,2
DA:180,0
DA:181,0
DA:185,2
DA:186,2
DA:187,2
DA:188,2
DA:190,2
DA:191,2
DA:192,2
DA:193,2
DA:196,2
DA:197,2
DA:198,4
DA:199,0
DA:200,0
DA:202,4
DA:203,4
DA:204,4
DA:205,4
DA:209,2
DA:213,1
DA:214,1
DA:215,1
DA:216,1
DA:217,1
DA:224,1
DA:225,1
DA:227,0
DA:228,0
DA:238,13
DA:239,13
DA:241,13
DA:243,6
DA:244,1
DA:248,5
DA:249,5
DA:252,5
DA:253,10
DA:254,32
DA:255,32
DA:256,3
DA:258,29
DA:259,5
DA:262,24
DA:263,24
DA:265,10
DA:267,7
DA:269,5
DA:270,5
DA:271,14
DA:272,0
DA:274,14
DA:275,1
DA:277,13
DA:278,13
DA:280,5
DA:281,5
DA:283,2
DA:287,10
DA:288,10
DA:289,10
DA:291,10
DA:292,10
DA:293,10
DA:294,10
DA:295,10
DA:296,10
DA:298,10
DA:299,10
DA:301,0
DA:302,0
DA:312,3
DA:313,2
DA:316,3
DA:323,1
DA:332,2
DA:333,1
DA:336,1
DA:337,1
DA:343,1
DA:344,1
DA:345,1
DA:349,1
DA:350,1
DA:351,1
DA:352,1
DA:357,1
DA:360,1
DA:370,11
DA:371,11
DA:372,11
DA:373,11
DA:374,10
DA:376,10
DA:377,10
DA:378,10
DA:379,10
DA:380,10
DA:381,10
DA:383,10
DA:384,10
DA:386,1
DA:387,1
DA:397,5
DA:404,5
DA:405,5
DA:414,1
DA:422,1
DA:431,9
DA:432,9
DA:433,1
DA:434,1
DA:437,8
DA:439,8
DA:440,7
DA:441,7
DA:442,5
DA:444,2
DA:448,8
DA:449,1
DA:452,8
DA:462,2
DA:463,2
DA:464,1
DA:466,1
DA:476,2
DA:477,2
DA:478,1
DA:480,1
DA:490,13
DA:491,13
DA:492,13
DA:496,13
DA:497,13
DA:499,0
DA:500,0
DA:510,3
DA:511,3
DA:512,3
DA:514,3
DA:515,1
DA:518,2
DA:520,1
DA:521,1
DA:530,4
DA:531,4
DA:533,4
DA:534,6
DA:535,6
DA:536,6
DA:537,5
DA:545,3
DA:546,2
DA:549,1
DA:550,1
DA:560,2
DA:561,2
DA:562,2
DA:563,2
DA:565,0
DA:566,0
DA:575,2
DA:576,2
DA:578,2
DA:579,4
DA:580,4
DA:581,4
DA:585,4
DA:586,2
DA:588,0
DA:589,0
DA:599,2
DA:601,2
DA:602,1
DA:605,1
DA:606,1
DA:608,1
DA:610,1
DA:611,1
DA:621,3
DA:622,3
DA:623,3
DA:625,3
DA:626,1
DA:629,2
DA:630,1
DA:632,2
DA:633,2
DA:643,4
DA:649,4
DA:654,1
DA:655,1
LF:288
LH:269
BRDA:13,0,0,8
BRDA:14,1,0,0
BRDA:14,1,1,13
BRDA:43,2,0,0
BRDA:43,3,0,34
BRDA:44,4,0,0
BRDA:44,4,1,72
BRDA:50,5,0,38
BRDA:50,5,1,34
BRDA:64,6,0,10
BRDA:64,6,1,2
BRDA:70,7,0,9
BRDA:70,7,1,3
BRDA:70,8,0,12
BRDA:70,8,1,9
BRDA:76,9,0,9
BRDA:76,9,1,2
BRDA:83,10,0,9
BRDA:83,10,1,3
BRDA:83,11,0,12
BRDA:83,11,1,9
BRDA:88,12,0,3
BRDA:88,12,1,9
BRDA:88,13,0,12
BRDA:88,13,1,3
BRDA:92,14,0,4
BRDA:92,14,1,1
BRDA:97,15,0,8
BRDA:97,15,1,1
BRDA:105,16,0,2
BRDA:105,16,1,10
BRDA:105,17,0,12
BRDA:105,17,1,2
BRDA:113,18,0,2
BRDA:113,18,1,6
BRDA:121,19,0,1
BRDA:121,19,1,11
BRDA:152,20,0,0
BRDA:153,21,0,2
BRDA:153,21,1,1
BRDA:153,22,0,3
BRDA:153,22,1,2
BRDA:179,23,0,0
BRDA:179,23,1,2
BRDA:187,24,0,2
BRDA:187,24,1,0
BRDA:192,25,0,2
BRDA:192,25,1,0
BRDA:196,26,0,2
BRDA:196,26,1,0
BRDA:198,27,0,0
BRDA:198,27,1,4
BRDA:203,28,0,3
BRDA:203,28,1,1
BRDA:237,29,0,0
BRDA:241,30,0,6
BRDA:241,30,1,7
BRDA:243,31,0,1
BRDA:243,31,1,5
BRDA:255,32,0,3
BRDA:255,32,1,29
BRDA:255,33,0,32
BRDA:255,33,1,31
BRDA:258,34,0,5
BRDA:258,34,1,24
BRDA:267,35,0,5
BRDA:267,35,1,2
BRDA:271,36,0,0
BRDA:271,36,1,14
BRDA:271,37,0,14
BRDA:271,37,1,14
BRDA:274,38,0,1
BRDA:274,38,1,13
BRDA:311,39,0,3
BRDA:312,40,0,2
BRDA:312,40,1,1
BRDA:331,41,0,2
BRDA:332,42,0,1
BRDA:332,42,1,1
BRDA:338,43,0,1
BRDA:338,43,1,0
BRDA:339,44,0,1
BRDA:339,44,1,0
BRDA:343,45,0,1
BRDA:343,45,1,0
BRDA:345,46,0,1
BRDA:345,46,1,0
BRDA:349,47,0,1
BRDA:349,47,1,0
BRDA:351,48,0,1
BRDA:351,48,1,0
BRDA:352,49,0,1
BRDA:352,49,1,0
BRDA:369,50,0,0
BRDA:369,51,0,4
BRDA:371,52,0,10
BRDA:371,52,1,1
BRDA:404,53,0,5
BRDA:404,53,1,1
BRDA:413,54,0,1
BRDA:432,55,0,1
BRDA:432,55,1,8
BRDA:463,56,0,1
BRDA:463,56,1,1
BRDA:477,57,0,1
BRDA:477,57,1,1
BRDA:514,58,0,1
BRDA:514,58,1,2
BRDA:535,59,0,6
BRDA:535,59,1,0
BRDA:535,60,0,6
BRDA:535,60,1,6
BRDA:580,61,0,4
BRDA:580,61,1,0
BRDA:580,62,0,4
BRDA:580,62,1,4
BRDA:625,63,0,1
BRDA:625,63,1,2
BRDA:642,64,0,0
BRDA:654,65,0,1
BRDA:654,65,1,0
BRDA:654,66,0,1
BRDA:654,66,1,1
BRF:123
BRH:100
end_of_record
TN:
SF:myhugoapp/static/js/calculators/practice-generators.js
FN:1,generateMolMolProblem
FN:1,(anonymous_1)
FN:1,generateMassMassProblem
FN:1,(anonymous_3)
FN:1,generateLimitingProblem
FN:1,(anonymous_5)
FN:1,generateYieldProblem
FN:1,(anonymous_7)
FN:1,checkAnswerTolerance
FN:1,seededRandom
FNF:10
FNH:10
FNDA:15,generateMolMolProblem
FNDA:42,(anonymous_1)
FNDA:8,generateMassMassProblem
FNDA:30,(anonymous_3)
FNDA:26,generateLimitingProblem
FNDA:106,(anonymous_5)
FNDA:7,generateYieldProblem
FNDA:14,(anonymous_7)
FNDA:10,checkAnswerTolerance
FNDA:192,seededRandom
DA:1,192
LF:1
LH:1
BRDA:1,0,0,0
BRDA:1,1,0,14
BRDA:1,1,1,1
BRDA:1,2,0,13
BRDA:1,2,1,2
BRDA:1,3,0,1
BRDA:1,3,1,1
BRDA:1,4,0,0
BRDA:1,5,0,8
BRDA:1,5,1,0
BRDA:1,6,0,5
BRDA:1,6,1,3
BRDA:1,7,0,2
BRDA:1,7,1,1
BRDA:1,8,0,0
BRDA:1,9,0,25
BRDA:1,9,1,1
BRDA:1,10,0,23
BRDA:1,10,1,3
BRDA:1,11,0,2
BRDA:1,11,1,1
BRDA:1,12,0,13
BRDA:1,12,1,13
BRDA:1,13,0,0
BRDA:1,14,0,7
BRDA:1,14,1,0
BRDA:1,15,0,4
BRDA:1,15,1,3
BRDA:1,16,0,2
BRDA:1,16,1,1
BRDA:1,17,0,1
BRDA:1,17,1,1
BRDA:1,17,2,1
BRF:33
BRH:27
end_of_record
TN:
SF:myhugoapp/static/js/calculators/practice-quiz.js
FN:10,startPractice
FN:23,generateProblem
FN:47,generateMolMolProblem
FN:94,generateMassMassProblem
FN:163,generateLimitingProblem
FN:222,generateYieldProblem
FN:266,checkAnswer
FN:284,showFeedback
FN:307,(anonymous_8)
FN:317,problemDetailHTML
FN:365,updateScore
FN:379,skipProblem
FN:393,resetPractice
FNF:13
FNH:0
FNDA:0,startPractice
FNDA:0,generateProblem
FNDA:0,generateMolMolProblem
FNDA:0,generateMassMassProblem
FNDA:0,generateLimitingProblem
FNDA:0,generateYieldProblem
FNDA:0,checkAnswer
FNDA:0,showFeedback
FNDA:0,(anonymous_8)
FNDA:0,problemDetailHTML
FNDA:0,updateScore
FNDA:0,skipProblem
FNDA:0,resetPractice
DA:1,0
DA:11,0
DA:12,0
DA:14,0
DA:15,0
DA:17,0
DA:18,0
DA:20,0
DA:24,0
DA:26,0
DA:27,0
DA:28,0
DA:31,0
DA:33,0
DA:34,0
DA:36,0
DA:37,0
DA:39,0
DA:40,0
DA:42,0
DA:43,0
DA:50,0
DA:51,0
DA:52,0
DA:53,0
DA:54,0
DA:55,0
DA:56,0
DA:57,0
DA:59,0
DA:60,0
DA:61,0
DA:64,0
DA:66,0
DA:76,0
DA:88,0
DA:89,0
DA:90,0
DA:91,0
DA:97,0
DA:110,0
DA:111,0
DA:112,0
DA:113,0
DA:114,0
DA:115,0
DA:116,0
DA:117,0
DA:118,0
DA:119,0
DA:120,0
DA:122,0
DA:123,0
DA:124,0
DA:125,0
DA:126,0
DA:129,0
DA:130,0
DA:131,0
DA:133,0
DA:145,0
DA:157,0
DA:158,0
DA:159,0
DA:160,0
DA:166,0
DA:174,0
DA:175,0
DA:177,0
DA:178,0
DA:179,0
DA:180,0
DA:181,0
DA:182,0
DA:184,0
DA:185,0
DA:188,0
DA:189,0
DA:190,0
DA:192,0
DA:203,0
DA:216,0
DA:217,0
DA:218,0
DA:219,0
DA:225,0
DA:226,0
DA:227,0
DA:228,0
DA:229,0
DA:230,0
DA:232,0
DA:233,0
DA:236,0
DA:237,0
DA:239,0
DA:248,0
DA:260,0
DA:261,0
DA:262,0
DA:263,0
DA:267,0
DA:269,0
DA:270,0
DA:271,0
DA:274,0
DA:275,0
DA:276,0
DA:278,0
DA:280,0
DA:281,0
DA:285,0
DA:286,0
DA:288,0
DA:289,0
DA:296,0
DA:297,0
DA:307,0
DA:308,0
DA:309,0
DA:310,0
DA:311,0
DA:312,0
DA:318,0
DA:320,0
DA:322,0
DA:329,0
DA:330,0
DA:331,0
DA:341,0
DA:342,0
DA:343,0
DA:344,0
DA:354,0
DA:361,0
DA:366,0
DA:367,0
DA:368,0
DA:370,0
DA:371,0
DA:374,0
DA:375,0
DA:376,0
DA:380,0
DA:381,0
DA:383,0
DA:384,0
DA:385,0
DA:387,0
DA:388,0
DA:389,0
DA:390,0
DA:394,0
DA:395,0
DA:404,0
DA:405,0
DA:406,0
DA:407,0
DA:408,0
LF:159
LH:0
BRDA:26,0,0,0
BRDA:26,0,1,0
BRDA:31,1,0,0
BRDA:31,1,1,0
BRDA:31,1,2,0
BRDA:31,1,3,0
BRDA:50,2,0,0
BRDA:50,2,1,0
BRDA:54,3,0,0
BRDA:54,3,1,0
BRDA:110,4,0,0
BRDA:110,4,1,0
BRDA:115,5,0,0
BRDA:115,5,1,0
BRDA:177,6,0,0
BRDA:177,6,1,0
BRDA:180,7,0,0
BRDA:180,7,1,0
BRDA:190,8,0,0
BRDA:190,8,1,0
BRDA:225,9,0,0
BRDA:225,9,1,0
BRDA:228,10,0,0
BRDA:228,10,1,0
BRDA:269,11,0,0
BRDA:269,11,1,0
BRDA:276,12,0,0
BRDA:276,12,1,0
BRDA:288,13,0,0
BRDA:288,13,1,0
BRDA:308,14,0,0
BRDA:308,14,1,0
BRDA:320,15,0,0
BRDA:320,15,1,0
BRDA:320,15,2,0
BRDA:320,15,3,0
BRDA:320,15,4,0
BRDA:343,16,0,0
BRDA:343,16,1,0
BRDA:366,17,0,0
BRDA:366,17,1,0
BRDA:394,18,0,0
BRDA:394,18,1,0
BRF:43
BRH:0
end_of_record
TN:
SF:myhugoapp/static/js/calculators/security-utils.js
FN:12,(anonymous_0)
FN:29,(anonymous_1)
FN:76,(anonymous_2)
FN:102,(anonymous_3)
FN:133,(anonymous_4)
FN:152,(anonymous_5)
FN:166,(anonymous_6)
FN:207,(anonymous_7)
FN:221,(anonymous_8)
FN:244,(anonymous_9)
FN:246,(anonymous_10)
FN:263,(anonymous_11)
FNF:12
FNH:12
FNDA:25,(anonymous_0)
FNDA:22,(anonymous_1)
FNDA:14,(anonymous_2)
FNDA:8,(anonymous_3)
FNDA:8,(anonymous_4)
FNDA:12,(anonymous_5)
FNDA:9,(anonymous_6)
FNDA:30,(anonymous_7)
FNDA:120,(anonymous_8)
FNDA:8,(anonymous_9)
FNDA:256,(anonymous_10)
FNDA:3,(anonymous_11)
DA:6,1
DA:13,25
DA:14,5
DA:18,20
DA:19,20
DA:20,20
DA:35,22
DA:38,22
DA:39,1
DA:43,21
DA:44,1
DA:48,20
DA:49,20
DA:50,2
DA:54,18
DA:55,2
DA:59,16
DA:60,2
DA:64,14
DA:65,1
DA:68,13
DA:77,14
DA:78,2
DA:82,12
DA:84,12
DA:85,7
DA:89,5
DA:90,5
DA:91,0
DA:94,5
DA:103,8
DA:104,2
DA:108,6
DA:119,6
DA:120,32
DA:121,5
DA:125,1
DA:134,8
DA:140,8
DA:141,5
DA:144,3
DA:153,12
DA:154,2
DA:157,10
DA:172,9
DA:174,9
DA:175,1
DA:178,8
DA:179,1
DA:182,7
DA:183,1
DA:186,6
DA:187,1
DA:190,5
DA:191,1
DA:195,4
DA:197,4
DA:208,30
DA:209,30
DA:211,30
DA:212,30
DA:215,30
DA:216,0
DA:217,0
DA:221,120
DA:224,30
DA:225,2
DA:229,28
DA:230,28
DA:232,28
DA:235,0
DA:236,0
DA:245,8
DA:246,256
DA:249,8
DA:250,8
DA:252,0
DA:255,8
DA:264,3
DA:265,3
DA:266,3
DA:268,0
DA:269,0
DA:275,1
DA:276,1
LF:85
LH:77
BRDA:13,0,0,5
BRDA:13,0,1,20
BRDA:29,1,0,7
BRDA:31,2,0,12
BRDA:32,3,0,12
BRDA:33,4,0,20
BRDA:34,5,0,12
BRDA:38,6,0,1
BRDA:38,6,1,21
BRDA:38,7,0,22
BRDA:38,7,1,21
BRDA:38,7,2,21
BRDA:38,7,3,21
BRDA:43,8,0,1
BRDA:43,8,1,20
BRDA:43,9,0,21
BRDA:43,9,1,1
BRDA:43,9,2,1
BRDA:43,9,3,1
BRDA:49,10,0,2
BRDA:49,10,1,18
BRDA:54,11,0,2
BRDA:54,11,1,16
BRDA:59,12,0,2
BRDA:59,12,1,14
BRDA:64,13,0,1
BRDA:64,13,1,13
BRDA:64,14,0,14
BRDA:64,14,1,1
BRDA:77,15,0,2
BRDA:77,15,1,12
BRDA:77,16,0,14
BRDA:77,16,1,12
BRDA:84,17,0,7
BRDA:84,17,1,5
BRDA:90,18,0,0
BRDA:90,18,1,5
BRDA:103,19,0,2
BRDA:103,19,1,6
BRDA:103,20,0,8
BRDA:103,20,1,6
BRDA:120,21,0,5
BRDA:120,21,1,27
BRDA:140,22,0,5
BRDA:140,22,1,3
BRDA:153,23,0,2
BRDA:153,23,1,10
BRDA:166,24,0,3
BRDA:168,25,0,8
BRDA:169,26,0,8
BRDA:170,27,0,7
BRDA:171,28,0,7
BRDA:174,29,0,1
BRDA:174,29,1,8
BRDA:174,30,0,9
BRDA:174,30,1,1
BRDA:178,31,0,1
BRDA:178,31,1,7
BRDA:178,32,0,8
BRDA:178,32,1,1
BRDA:182,33,0,1
BRDA:182,33,1,6
BRDA:186,34,0,1
BRDA:186,34,1,5
BRDA:190,35,0,1
BRDA:190,35,1,4
BRDA:195,36,0,1
BRDA:195,36,1,3
BRDA:207,37,0,0
BRDA:207,38,0,0
BRDA:212,39,0,30
BRDA:212,39,1,6
BRDA:215,40,0,0
BRDA:215,40,1,30
BRDA:224,41,0,2
BRDA:224,41,1,28
BRDA:275,42,0,1
BRDA:275,42,1,0
BRDA:275,43,0,1
BRDA:275,43,1,1
BRF:80
BRH:75
end_of_record
TN:
SF:myhugoapp/static/js/calculators/stoichiometry.js
FN:1,calcMolToMol
FN:1,calcMassToMass
FN:1,calcLimitingReactant
FN:1,calcPercentYield
FN:1,calcGasLaw
FN:1,convertToKelvin
FNF:6
FNH:6
FNDA:7,calcMolToMol
FNDA:7,calcMassToMass
FNDA:7,calcLimitingReactant
FNDA:8,calcPercentYield
FNDA:8,calcGasLaw
FNDA:9,convertToKelvin
DA:1,9
LF:1
LH:1
BRDA:1,0,0,1
BRDA:1,0,1,0
BRDA:1,1,0,0
BRDA:1,1,1,0
BRDA:1,1,2,0
BRDA:1,2,0,1
BRDA:1,2,1,0
BRDA:1,3,0,1
BRDA:1,3,1,6
BRDA:1,4,0,7
BRDA:1,4,1,6
BRDA:1,4,2,6
BRDA:1,5,0,1
BRDA:1,5,1,5
BRDA:1,6,0,1
BRDA:1,6,1,6
BRDA:1,7,0,7
BRDA:1,7,1,6
BRDA:1,7,2,6
BRDA:1,7,3,6
BRDA:1,7,4,6
BRDA:1,8,0,1
BRDA:1,8,1,5
BRDA:1,9,0,6
BRDA:1,9,1,5
BRDA:1,10,0,1
BRDA:1,10,1,4
BRDA:1,11,0,1
BRDA:1,11,1,6
BRDA:1,12,0,7
BRDA:1,12,1,6
BRDA:1,12,2,6
BRDA:1,12,3,6
BRDA:1,12,4,6
BRDA:1,12,5,6
BRDA:1,13,0,1
BRDA:1,13,1,5
BRDA:1,14,0,6
BRDA:1,14,1,5
BRDA:1,15,0,5
BRDA:1,15,1,0
BRDA:1,16,0,5
BRDA:1,16,1,0
BRDA:1,17,0,4
BRDA:1,17,1,1
BRDA:1,18,0,1
BRDA:1,18,1,7
BRDA:1,19,0,8
BRDA:1,19,1,7
BRDA:1,20,0,1
BRDA:1,20,1,6
BRDA:1,21,0,4
BRDA:1,21,1,4
BRDA:1,22,0,1
BRDA:1,22,1,3
BRDA:1,23,0,4
BRDA:1,23,1,3
BRDA:1,23,2,3
BRDA:1,24,0,1
BRDA:1,24,1,3
BRDA:1,25,0,0
BRDA:1,25,1,1
BRDA:1,26,0,1
BRDA:1,26,1,1
BRDA:1,26,2,1
BRDA:1,27,0,1
BRDA:1,27,1,2
BRDA:1,28,0,0
BRDA:1,28,1,1
BRDA:1,29,0,1
BRDA:1,29,1,1
BRDA:1,29,2,1
BRDA:1,30,0,1
BRDA:1,30,1,1
BRDA:1,31,0,0
BRDA:1,31,1,1
BRDA:1,32,0,1
BRDA:1,32,1,1
BRDA:1,32,2,1
BRDA:1,33,0,1
BRDA:1,33,1,8
BRDA:1,34,0,1
BRDA:1,34,1,4
BRDA:1,34,2,2
BRDA:1,34,3,1
BRDA:1,35,0,1
BRDA:1,35,1,1
BRDA:1,35,2,1
BRF:88
BRH:78
end_of_record
TN:
SF:myhugoapp/static/js/calculators/tutorials.js
FN:872,startTutorial
FN:894,updateTutorialView
FN:919,nextStep
FN:930,previousStep
FN:937,completeTutorial
FN:952,closeTutorial
FN:959,updateTutorialProgress
FN:986,(anonymous_7)
FNF:8
FNH:0
FNDA:0,startTutorial
FNDA:0,updateTutorialView
FNDA:0,nextStep
FNDA:0,previousStep
FNDA:0,completeTutorial
FNDA:0,closeTutorial
FNDA:0,updateTutorialProgress
FNDA:0,(anonymous_7)
DA:1,0
DA:7,0
DA:873,0
DA:875,0
DA:876,0
DA:877,0
DA:880,0
DA:881,0
DA:882,0
DA:885,0
DA:886,0
DA:888,0
DA:889,0
DA:891,0
DA:895,0
DA:897,0
DA:899,0
DA:901,0
DA:903,0
DA:905,0
DA:908,0
DA:911,0
DA:912,0
DA:913,0
DA:915,0
DA:920,0
DA:922,0
DA:923,0
DA:924,0
DA:926,0
DA:931,0
DA:932,0
DA:933,0
DA:938,0
DA:940,0
DA:941,0
DA:942,0
DA:945,0
DA:947,0
DA:949,0
DA:953,0
DA:954,0
DA:955,0
DA:956,0
DA:960,0
DA:961,0
DA:962,0
DA:963,0
DA:966,0
DA:967,0
DA:968,0
DA:970,0
DA:971,0
DA:972,0
DA:973,0
DA:974,0
DA:975,0
DA:976,0
DA:977,0
DA:979,0
DA:980,0
DA:981,0
DA:986,0
DA:987,0
LF:64
LH:0
BRDA:4,0,0,0
BRDA:4,0,1,0
BRDA:875,1,0,0
BRDA:875,1,1,0
BRDA:880,2,0,0
BRDA:880,2,1,0
BRDA:880,3,0,0
BRDA:880,3,1,0
BRDA:897,4,0,0
BRDA:897,4,1,0
BRDA:909,5,0,0
BRDA:909,5,1,0
BRDA:912,6,0,0
BRDA:912,6,1,0
BRDA:922,7,0,0
BRDA:922,7,1,0
BRDA:931,8,0,0
BRDA:931,8,1,0
BRDA:940,9,0,0
BRDA:940,9,1,0
BRDA:962,10,0,0
BRDA:962,10,1,0
BRDA:968,11,0,0
BRDA:968,11,1,0
BRDA:970,12,0,0
BRDA:970,12,1,0
BRDA:974,13,0,0
BRDA:974,13,1,0
BRDA:974,14,0,0
BRDA:974,14,1,0
BRF:30
BRH:0
end_of_record
TN:
SF:myhugoapp/static/js/calculators/verduennungsreihen-rechner.js
FN:5,(anonymous_0)
FN:16,formatConcentration
FN:45,calculateDilutionSeries
FN:61,handleSubmit
FNF:4
FNH:0
FNDA:0,(anonymous_0)
FNDA:0,formatConcentration
FNDA:0,calculateDilutionSeries
FNDA:0,handleSubmit
DA:5,0
DA:8,0
DA:9,0
DA:10,0
DA:12,0
DA:13,0
DA:18,0
DA:20,0
DA:21,0
DA:23,0
DA:24,0
DA:26,0
DA:27,0
DA:29,0
DA:30,0
DA:32,0
DA:33,0
DA:35,0
DA:38,0
DA:39,0
DA:41,0
DA:46,0
DA:47,0
DA:48,0
DA:49,0
DA:51,0
DA:58,0
DA:62,0
DA:64,0
DA:65,0
DA:66,0
DA:68,0
DA:69,0
DA:70,0
DA:73,0
DA:75,0
DA:76,0
DA:77,0
DA:78,0
DA:79,0
DA:80,0
DA:81,0
DA:82,0
DA:83,0
DA:86,0
DA:87,0
DA:90,0
LF:47
LH:0
BRDA:12,0,0,0
BRDA:12,0,1,0
BRDA:12,1,0,0
BRDA:12,1,1,0
BRDA:18,2,0,0
BRDA:18,2,1,0
BRDA:18,2,2,0
BRDA:18,2,3,0
BRDA:18,2,4,0
BRDA:18,2,5,0
BRDA:38,3,0,0
BRDA:38,3,1,0
BRDA:38,4,0,0
BRDA:38,4,1,0
BRDA:68,5,0,0
BRDA:68,5,1,0
BRDA:68,6,0,0
BRDA:68,6,1,0
BRDA:68,6,2,0
BRDA:68,6,3,0
BRF:20
BRH:0
end_of_record
TN:
SF:myhugoapp/static/js/utils/chemistry-utils.js
FN:14,parseFormula
FN:20,(anonymous_1)
FN:22,(anonymous_2)
FN:56,formatFormula
FN:66,calculateMolarMass
FN:85,getCompositionDetails
FN:104,(anonymous_6)
FN:112,isValidFormula
FN:127,extractElements
FN:130,(anonymous_9)
FN:133,(anonymous_10)
FNF:11
FNH:11
FNDA:46,parseFormula
FNDA:11,(anonymous_1)
FNDA:22,(anonymous_2)
FNDA:4,formatFormula
FNDA:11,calculateMolarMass
FNDA:2,getCompositionDetails
FNDA:2,(anonymous_6)
FNDA:18,isValidFormula
FNDA:8,extractElements
FNDA:15,(anonymous_9)
FNDA:34,(anonymous_10)
DA:15,46
DA:16,46
DA:17,46
DA:20,46
DA:21,11
DA:22,11
DA:23,22
DA:24,22
DA:26,11
DA:31,45
DA:32,117
DA:33,117
DA:36,117
DA:37,1
DA:41,116
DA:42,7
DA:44,109
DA:48,44
DA:57,4
DA:67,11
DA:69,11
DA:70,26
DA:71,26
DA:72,26
DA:75,11
DA:86,2
DA:88,2
DA:89,4
DA:90,4
DA:91,4
DA:92,4
DA:94,4
DA:104,2
DA:113,18
DA:114,6
DA:118,12
DA:119,12
DA:128,8
DA:130,8
DA:131,15
DA:132,15
DA:133,34
DA:136,1
DA:140,8
DA:144,2
DA:145,2
DA:156,2
DA:157,2
LF:48
LH:48
BRDA:14,0,0,44
BRDA:15,1,0,44
BRDA:21,2,0,11
BRDA:21,2,1,0
BRDA:23,3,0,5
BRDA:23,3,1,17
BRDA:33,4,0,66
BRDA:33,4,1,51
BRDA:36,5,0,1
BRDA:36,5,1,116
BRDA:36,6,0,117
BRDA:36,6,1,4
BRDA:41,7,0,7
BRDA:41,7,1,109
BRDA:113,8,0,6
BRDA:113,8,1,12
BRDA:113,9,0,18
BRDA:113,9,1,15
BRDA:144,10,0,2
BRDA:144,10,1,0
BRDA:144,11,0,2
BRDA:144,11,1,2
BRDA:156,12,0,2
BRDA:156,12,1,0
BRF:24
BRH:21
end_of_record
TN:
SF:myhugoapp/static/js/utils/error-handler.js
FN:6,(anonymous_0)
FN:11,getStoredErrors
FN:19,storeError
FN:37,showErrorBanner
FN:49,(anonymous_4)
FN:54,(anonymous_5)
FN:67,(anonymous_6)
FN:76,(anonymous_7)
FNF:8
FNH:0
FNDA:0,(anonymous_0)
FNDA:0,getStoredErrors
FNDA:0,storeError
FNDA:0,showErrorBanner
FNDA:0,(anonymous_4)
FNDA:0,(anonymous_5)
FNDA:0,(anonymous_6)
FNDA:0,(anonymous_7)
DA:6,0
DA:9,0
DA:12,0
DA:13,0
DA:15,0
DA:20,0
DA:21,0
DA:22,0
DA:32,0
DA:33,0
DA:38,0
DA:39,0
DA:40,0
DA:41,0
DA:44,0
DA:45,0
DA:47,0
DA:48,0
DA:49,0
DA:54,0
DA:55,0
DA:62,0
DA:63,0
DA:67,0
DA:68,0
DA:69,0
DA:70,0
DA:74,0
DA:76,0
LF:29
LH:0
BRDA:13,0,0,0
BRDA:13,0,1,0
BRDA:23,1,0,0
BRDA:23,1,1,0
BRDA:24,2,0,0
BRDA:24,2,1,0
BRDA:27,3,0,0
BRDA:27,3,1,0
BRDA:27,3,2,0
BRDA:32,4,0,0
BRDA:32,4,1,0
BRDA:44,5,0,0
BRDA:44,5,1,0
BRDA:44,6,0,0
BRDA:44,6,1,0
BRDA:45,7,0,0
BRDA:45,7,1,0
BRDA:45,8,0,0
BRDA:45,8,1,0
BRDA:47,9,0,0
BRDA:47,9,1,0
BRDA:47,10,0,0
BRDA:47,10,1,0
BRDA:47,10,2,0
BRDA:49,11,0,0
BRDA:49,11,1,0
BRDA:56,12,0,0
BRDA:56,12,1,0
BRDA:60,13,0,0
BRDA:60,13,1,0
BRDA:68,14,0,0
BRDA:68,14,1,0
BRDA:68,15,0,0
BRDA:68,15,1,0
BRDA:68,16,0,0
BRDA:68,16,1,0
BRDA:69,17,0,0
BRDA:69,17,1,0
BRF:38
BRH:0
end_of_record
TN:
SF:myhugoapp/static/js/utils/progress-tracker.js
FN:14,(anonymous_0)
FN:16,(anonymous_1)
FN:18,(anonymous_2)
FN:30,(anonymous_3)
FN:34,(anonymous_4)
FN:41,(anonymous_5)
FN:54,(anonymous_6)
FN:55,(anonymous_7)
FN:61,(anonymous_8)
FN:66,(anonymous_9)
FN:73,(anonymous_10)
FN:77,(anonymous_11)
FN:79,(anonymous_12)
FN:80,(anonymous_13)
FN:87,(anonymous_14)
FN:91,(anonymous_15)
FN:94,(anonymous_16)
FN:105,(anonymous_17)
FN:112,(anonymous_18)
FN:116,(anonymous_19)
FN:119,(anonymous_20)
FN:120,(anonymous_21)
FN:127,(anonymous_22)
FN:130,(anonymous_23)
FN:146,(anonymous_24)
FN:151,(anonymous_25)
FN:153,(anonymous_26)
FN:163,(anonymous_27)
FN:172,(anonymous_28)
FN:178,(anonymous_29)
FN:185,(anonymous_30)
FN:189,(anonymous_31)
FN:192,(anonymous_32)
FN:202,(anonymous_33)
FN:203,(anonymous_34)
FN:217,(anonymous_35)
FN:221,(anonymous_36)
FN:223,(anonymous_37)
FN:224,(anonymous_38)
FN:229,(anonymous_39)
FN:230,(anonymous_40)
FN:231,(anonymous_41)
FN:238,(anonymous_42)
FN:242,(anonymous_43)
FN:244,(anonymous_44)
FN:245,(anonymous_45)
FN:252,(anonymous_46)
FN:255,(anonymous_47)
FN:261,(anonymous_48)
FNF:49
FNH:0
FNDA:0,(anonymous_0)
FNDA:0,(anonymous_1)
FNDA:0,(anonymous_2)
FNDA:0,(anonymous_3)
FNDA:0,(anonymous_4)
FNDA:0,(anonymous_5)
FNDA:0,(anonymous_6)
FNDA:0,(anonymous_7)
FNDA:0,(anonymous_8)
FNDA:0,(anonymous_9)
FNDA:0,(anonymous_10)
FNDA:0,(anonymous_11)
FNDA:0,(anonymous_12)
FNDA:0,(anonymous_13)
FNDA:0,(anonymous_14)
FNDA:0,(anonymous_15)
FNDA:0,(anonymous_16)
FNDA:0,(anonymous_17)
FNDA:0,(anonymous_18)
FNDA:0,(anonymous_19)
FNDA:0,(anonymous_20)
FNDA:0,(anonymous_21)
FNDA:0,(anonymous_22)
FNDA:0,(anonymous_23)
FNDA:0,(anonymous_24)
FNDA:0,(anonymous_25)
FNDA:0,(anonymous_26)
FNDA:0,(anonymous_27)
FNDA:0,(anonymous_28)
FNDA:0,(anonymous_29)
FNDA:0,(anonymous_30)
FNDA:0,(anonymous_31)
FNDA:0,(anonymous_32)
FNDA:0,(anonymous_33)
FNDA:0,(anonymous_34)
FNDA:0,(anonymous_35)
FNDA:0,(anonymous_36)
FNDA:0,(anonymous_37)
FNDA:0,(anonymous_38)
FNDA:0,(anonymous_39)
FNDA:0,(anonymous_40)
FNDA:0,(anonymous_41)
FNDA:0,(anonymous_42)
FNDA:0,(anonymous_43)
FNDA:0,(anonymous_44)
FNDA:0,(anonymous_45)
FNDA:0,(anonymous_46)
FNDA:0,(anonymous_47)
FNDA:0,(anonymous_48)
DA:6,0
DA:15,0
DA:16,0
DA:17,0
DA:18,0
DA:19,0
DA:20,0
DA:21,0
DA:23,0
DA:24,0
DA:26,0
DA:27,0
DA:30,0
DA:31,0
DA:32,0
DA:34,0
DA:42,0
DA:43,0
DA:44,0
DA:45,0
DA:52,0
DA:53,0
DA:54,0
DA:55,0
DA:56,0
DA:58,0
DA:59,0
DA:60,0
DA:61,0
DA:62,0
DA:66,0
DA:74,0
DA:75,0
DA:76,0
DA:77,0
DA:78,0
DA:79,0
DA:80,0
DA:88,0
DA:89,0
DA:90,0
DA:91,0
DA:92,0
DA:93,0
DA:94,0
DA:95,0
DA:96,0
DA:97,0
DA:98,0
DA:100,0
DA:102,0
DA:105,0
DA:113,0
DA:114,0
DA:115,0
DA:116,0
DA:117,0
DA:118,0
DA:119,0
DA:120,0
DA:128,0
DA:129,0
DA:130,0
DA:131,0
DA:132,0
DA:134,0
DA:135,0
DA:136,0
DA:137,0
DA:140,0
DA:147,0
DA:148,0
DA:149,0
DA:150,0
DA:151,0
DA:152,0
DA:153,0
DA:154,0
DA:155,0
DA:156,0
DA:158,0
DA:159,0
DA:160,0
DA:162,0
DA:163,0
DA:164,0
DA:165,0
DA:167,0
DA:169,0
DA:170,0
DA:172,0
DA:173,0
DA:174,0
DA:175,0
DA:178,0
DA:186,0
DA:187,0
DA:188,0
DA:189,0
DA:190,0
DA:191,0
DA:192,0
DA:193,0
DA:194,0
DA:195,0
DA:196,0
DA:197,0
DA:199,0
DA:202,0
DA:204,0
DA:205,0
DA:206,0
DA:207,0
DA:208,0
DA:210,0
DA:218,0
DA:219,0
DA:220,0
DA:221,0
DA:222,0
DA:223,0
DA:224,0
DA:226,0
DA:227,0
DA:228,0
DA:229,0
DA:230,0
DA:231,0
DA:239,0
DA:240,0
DA:241,0
DA:242,0
DA:243,0
DA:244,0
DA:245,0
DA:253,0
DA:254,0
DA:255,0
DA:256,0
DA:257,0
DA:262,0
DA:263,0
DA:264,0
LF:143
LH:0
BRDA:15,0,0,0
BRDA:15,0,1,0
BRDA:20,1,0,0
BRDA:20,1,1,0
BRDA:23,2,0,0
BRDA:23,2,1,0
BRDA:26,3,0,0
BRDA:26,3,1,0
BRDA:58,4,0,0
BRDA:58,4,1,0
BRDA:59,5,0,0
BRDA:59,5,1,0
BRDA:60,6,0,0
BRDA:60,6,1,0
BRDA:79,7,0,0
BRDA:79,7,1,0
BRDA:96,8,0,0
BRDA:96,8,1,0
BRDA:97,9,0,0
BRDA:97,9,1,0
BRDA:119,10,0,0
BRDA:119,10,1,0
BRDA:131,11,0,0
BRDA:131,11,1,0
BRDA:134,12,0,0
BRDA:134,12,1,0
BRDA:135,13,0,0
BRDA:135,13,1,0
BRDA:136,14,0,0
BRDA:136,14,1,0
BRDA:154,15,0,0
BRDA:154,15,1,0
BRDA:155,16,0,0
BRDA:155,16,1,0
BRDA:164,17,0,0
BRDA:164,17,1,0
BRDA:165,18,0,0
BRDA:165,18,1,0
BRDA:194,19,0,0
BRDA:194,19,1,0
BRDA:196,20,0,0
BRDA:196,20,1,0
BRDA:204,21,0,0
BRDA:204,21,1,0
BRDA:207,22,0,0
BRDA:207,22,1,0
BRDA:207,23,0,0
BRDA:207,23,1,0
BRDA:208,24,0,0
BRDA:208,24,1,0
BRDA:226,25,0,0
BRDA:226,25,1,0
BRDA:244,26,0,0
BRDA:244,26,1,0
BRF:54
BRH:0
end_of_record
